-- The C compiler identification is GNU 11.4.0
-- The CXX compiler identification is GNU 11.4.0
-- Detecting C compiler ABI info
-- Detecting C compiler ABI info - done
-- Check for working C compiler: /usr/bin/cc - skipped
-- Detecting C compile features
-- Detecting C compile features - done
-- Detecting CXX compiler ABI info
-- Detecting CXX compiler ABI info - done
-- Check for working CXX compiler: /usr/bin/c++ - skipped
-- Detecting CXX compile features
-- Detecting CXX compile features - done
-- Found ament_cmake: 1.3.11 (/opt/ros/humble/share/ament_cmake/cmake)
-- Found Python3: /usr/bin/python3 (found version "3.10.12") found components: Interpreter 
-- Override CMake install command with custom implementation using symlinks instead of copying resources
-- Found spot_description: 0.0.0 (/home/manoj/spot_ws/install/spot_description/share/spot_description/cmake)
-- Found ament_lint_auto: 0.12.12 (/opt/ros/humble/share/ament_lint_auto/cmake)
-- Configuring done
-- Generating done
-- Build files have been written to: /home/manoj/spot_ws/build/spot_gazebo
-- Install configuration: ""
-- Execute custom install script
-- Symlinking: /home/manoj/spot_ws/install/spot_gazebo/share/spot_gazebo/worlds/edgar_mine.sdf
-- Symlinking: /home/manoj/spot_ws/install/spot_gazebo/share/spot_gazebo/worlds/simple_tunnel.sdf
-- Symlinking: /home/manoj/spot_ws/install/spot_gazebo/share/spot_gazebo/environment/spot_gazebo.dsv
-- Symlinking: /home/manoj/spot_ws/install/spot_gazebo/share/spot_gazebo/environment/spot_gazebo.sh
-- Symlinking: /home/manoj/spot_ws/install/spot_gazebo/share/ament_index/resource_index/package_run_dependencies/spot_gazebo
-- Symlinking: /home/manoj/spot_ws/install/spot_gazebo/share/ament_index/resource_index/parent_prefix_path/spot_gazebo
-- Symlinking: /home/manoj/spot_ws/install/spot_gazebo/share/spot_gazebo/environment/ament_prefix_path.sh
-- Symlinking: /home/manoj/spot_ws/install/spot_gazebo/share/spot_gazebo/environment/ament_prefix_path.dsv
-- Symlinking: /home/manoj/spot_ws/install/spot_gazebo/share/spot_gazebo/environment/path.sh
-- Symlinking: /home/manoj/spot_ws/install/spot_gazebo/share/spot_gazebo/environment/path.dsv
-- Symlinking: /home/manoj/spot_ws/install/spot_gazebo/share/spot_gazebo/local_setup.bash
-- Symlinking: /home/manoj/spot_ws/install/spot_gazebo/share/spot_gazebo/local_setup.sh
-- Symlinking: /home/manoj/spot_ws/install/spot_gazebo/share/spot_gazebo/local_setup.zsh
-- Symlinking: /home/manoj/spot_ws/install/spot_gazebo/share/spot_gazebo/local_setup.dsv
-- Symlinking: /home/manoj/spot_ws/install/spot_gazebo/share/spot_gazebo/package.dsv
-- Symlinking: /home/manoj/spot_ws/install/spot_gazebo/share/ament_index/resource_index/packages/spot_gazebo
-- Symlinking: /home/manoj/spot_ws/install/spot_gazebo/share/spot_gazebo/cmake/spot_gazeboConfig.cmake
-- Symlinking: /home/manoj/spot_ws/install/spot_gazebo/share/spot_gazebo/cmake/spot_gazeboConfig-version.cmake
-- Symlinking: /home/manoj/spot_ws/install/spot_gazebo/share/spot_gazebo/package.xml
