[0.008s] Invoking command in '/home/manoj/spot_ws/build/spot_gazebo': AMENT_PREFIX_PATH=/home/manoj/spot_ws/install/spot_description:${AMENT_PREFIX_PATH} CMAKE_PREFIX_PATH=/home/manoj/spot_ws/install/spot_description:/opt/ros/humble IGN_GAZEBO_RESOURCE_PATH=/home/manoj/spot_ws/install/spot_description/share/spot_description/models:${IGN_GAZEBO_RESOURCE_PATH} /usr/bin/cmake /home/manoj/spot_ws/src/spot_gazebo/spot_gazebo -DAMENT_CMAKE_SYMLINK_INSTALL=1 -DCMAKE_INSTALL_PREFIX=/home/manoj/spot_ws/install/spot_gazebo
[0.048s] -- The C compiler identification is GNU 11.4.0
[0.095s] -- The CXX compiler identification is GNU 11.4.0
[0.100s] -- Detecting C compiler ABI info
[0.152s] -- Detecting C compiler ABI info - done
[0.158s] -- Check for working C compiler: /usr/bin/cc - skipped
[0.158s] -- Detecting C compile features
[0.158s] -- Detecting C compile features - done
[0.160s] -- Detecting CXX compiler ABI info
[0.222s] -- Detecting CXX compiler ABI info - done
[0.226s] -- Check for working CXX compiler: /usr/bin/c++ - skipped
[0.227s] -- Detecting CXX compile features
[0.227s] -- Detecting CXX compile features - done
[0.228s] -- Found ament_cmake: 1.3.11 (/opt/ros/humble/share/ament_cmake/cmake)
[0.345s] -- Found Python3: /usr/bin/python3 (found version "3.10.12") found components: Interpreter 
[0.385s] -- Override CMake install command with custom implementation using symlinks instead of copying resources
[0.403s] -- Found spot_description: 0.0.0 (/home/manoj/spot_ws/install/spot_description/share/spot_description/cmake)
[0.404s] -- Found ament_lint_auto: 0.12.12 (/opt/ros/humble/share/ament_lint_auto/cmake)
[0.448s] -- Configuring done
[0.449s] -- Generating done
[0.450s] -- Build files have been written to: /home/manoj/spot_ws/build/spot_gazebo
[0.453s] Invoked command in '/home/manoj/spot_ws/build/spot_gazebo' returned '0': AMENT_PREFIX_PATH=/home/manoj/spot_ws/install/spot_description:${AMENT_PREFIX_PATH} CMAKE_PREFIX_PATH=/home/manoj/spot_ws/install/spot_description:/opt/ros/humble IGN_GAZEBO_RESOURCE_PATH=/home/manoj/spot_ws/install/spot_description/share/spot_description/models:${IGN_GAZEBO_RESOURCE_PATH} /usr/bin/cmake /home/manoj/spot_ws/src/spot_gazebo/spot_gazebo -DAMENT_CMAKE_SYMLINK_INSTALL=1 -DCMAKE_INSTALL_PREFIX=/home/manoj/spot_ws/install/spot_gazebo
[0.454s] Invoking command in '/home/manoj/spot_ws/build/spot_gazebo': AMENT_PREFIX_PATH=/home/manoj/spot_ws/install/spot_description:${AMENT_PREFIX_PATH} CMAKE_PREFIX_PATH=/home/manoj/spot_ws/install/spot_description:/opt/ros/humble IGN_GAZEBO_RESOURCE_PATH=/home/manoj/spot_ws/install/spot_description/share/spot_description/models:${IGN_GAZEBO_RESOURCE_PATH} /usr/bin/cmake --build /home/manoj/spot_ws/build/spot_gazebo -- -j12 -l12
[0.485s] Invoked command in '/home/manoj/spot_ws/build/spot_gazebo' returned '0': AMENT_PREFIX_PATH=/home/manoj/spot_ws/install/spot_description:${AMENT_PREFIX_PATH} CMAKE_PREFIX_PATH=/home/manoj/spot_ws/install/spot_description:/opt/ros/humble IGN_GAZEBO_RESOURCE_PATH=/home/manoj/spot_ws/install/spot_description/share/spot_description/models:${IGN_GAZEBO_RESOURCE_PATH} /usr/bin/cmake --build /home/manoj/spot_ws/build/spot_gazebo -- -j12 -l12
[0.486s] Invoking command in '/home/manoj/spot_ws/build/spot_gazebo': AMENT_PREFIX_PATH=/home/manoj/spot_ws/install/spot_description:${AMENT_PREFIX_PATH} CMAKE_PREFIX_PATH=/home/manoj/spot_ws/install/spot_description:/opt/ros/humble IGN_GAZEBO_RESOURCE_PATH=/home/manoj/spot_ws/install/spot_description/share/spot_description/models:${IGN_GAZEBO_RESOURCE_PATH} /usr/bin/cmake --install /home/manoj/spot_ws/build/spot_gazebo
[0.492s] -- Install configuration: ""
[0.492s] -- Execute custom install script
[0.493s] -- Symlinking: /home/manoj/spot_ws/install/spot_gazebo/share/spot_gazebo/worlds/edgar_mine.sdf
[0.499s] -- Symlinking: /home/manoj/spot_ws/install/spot_gazebo/share/spot_gazebo/worlds/simple_tunnel.sdf
[0.508s] -- Symlinking: /home/manoj/spot_ws/install/spot_gazebo/share/spot_gazebo/environment/spot_gazebo.dsv
[0.516s] -- Symlinking: /home/manoj/spot_ws/install/spot_gazebo/share/spot_gazebo/environment/spot_gazebo.sh
[0.522s] -- Symlinking: /home/manoj/spot_ws/install/spot_gazebo/share/ament_index/resource_index/package_run_dependencies/spot_gazebo
[0.530s] -- Symlinking: /home/manoj/spot_ws/install/spot_gazebo/share/ament_index/resource_index/parent_prefix_path/spot_gazebo
[0.538s] -- Symlinking: /home/manoj/spot_ws/install/spot_gazebo/share/spot_gazebo/environment/ament_prefix_path.sh
[0.545s] -- Symlinking: /home/manoj/spot_ws/install/spot_gazebo/share/spot_gazebo/environment/ament_prefix_path.dsv
[0.553s] -- Symlinking: /home/manoj/spot_ws/install/spot_gazebo/share/spot_gazebo/environment/path.sh
[0.562s] -- Symlinking: /home/manoj/spot_ws/install/spot_gazebo/share/spot_gazebo/environment/path.dsv
[0.570s] -- Symlinking: /home/manoj/spot_ws/install/spot_gazebo/share/spot_gazebo/local_setup.bash
[0.578s] -- Symlinking: /home/manoj/spot_ws/install/spot_gazebo/share/spot_gazebo/local_setup.sh
[0.585s] -- Symlinking: /home/manoj/spot_ws/install/spot_gazebo/share/spot_gazebo/local_setup.zsh
[0.592s] -- Symlinking: /home/manoj/spot_ws/install/spot_gazebo/share/spot_gazebo/local_setup.dsv
[0.601s] -- Symlinking: /home/manoj/spot_ws/install/spot_gazebo/share/spot_gazebo/package.dsv
[0.608s] -- Symlinking: /home/manoj/spot_ws/install/spot_gazebo/share/ament_index/resource_index/packages/spot_gazebo
[0.615s] -- Symlinking: /home/manoj/spot_ws/install/spot_gazebo/share/spot_gazebo/cmake/spot_gazeboConfig.cmake
[0.622s] -- Symlinking: /home/manoj/spot_ws/install/spot_gazebo/share/spot_gazebo/cmake/spot_gazeboConfig-version.cmake
[0.629s] -- Symlinking: /home/manoj/spot_ws/install/spot_gazebo/share/spot_gazebo/package.xml
[0.638s] Invoked command in '/home/manoj/spot_ws/build/spot_gazebo' returned '0': AMENT_PREFIX_PATH=/home/manoj/spot_ws/install/spot_description:${AMENT_PREFIX_PATH} CMAKE_PREFIX_PATH=/home/manoj/spot_ws/install/spot_description:/opt/ros/humble IGN_GAZEBO_RESOURCE_PATH=/home/manoj/spot_ws/install/spot_description/share/spot_description/models:${IGN_GAZEBO_RESOURCE_PATH} /usr/bin/cmake --install /home/manoj/spot_ws/build/spot_gazebo
