[0.223s] DEBUG:colcon:Command line arguments: ['/usr/bin/colcon', 'build', '--symlink-install']
[0.223s] DEBUG:colcon:Parsed command line arguments: Namespace(log_base=None, log_level=None, verb_name='build', build_base='build', install_base='install', merge_install=False, symlink_install=True, test_result_base=None, continue_on_error=False, executor='parallel', parallel_workers=12, event_handlers=None, ignore_user_meta=False, metas=['./colcon.meta'], base_paths=['.'], packages_ignore=None, packages_ignore_regex=None, paths=None, packages_up_to=None, packages_up_to_regex=None, packages_above=None, packages_above_and_dependencies=None, packages_above_depth=None, packages_select_by_dep=None, packages_skip_by_dep=None, packages_skip_up_to=None, packages_select_build_failed=False, packages_skip_build_finished=False, packages_select_test_failures=False, packages_skip_test_passed=False, packages_select=None, packages_skip=None, packages_select_regex=None, packages_skip_regex=None, packages_start=None, packages_end=None, allow_overriding=[], cmake_args=None, cmake_target=None, cmake_target_skip_unavailable=False, cmake_clean_cache=False, cmake_clean_first=False, cmake_force_configure=False, ament_cmake_args=None, catkin_cmake_args=None, catkin_skip_building_tests=False, mixin_files=None, mixin=None, verb_parser=<colcon_mixin.mixin.mixin_argument.MixinArgumentDecorator object at 0x714cea186200>, verb_extension=<colcon_core.verb.build.BuildVerb object at 0x714cea185b40>, main=<bound method BuildVerb.main of <colcon_core.verb.build.BuildVerb object at 0x714cea185b40>>, mixin_verb=('build',))
[0.365s] Level 1:colcon.colcon_core.package_discovery:discover_packages(colcon_meta) check parameters
[0.365s] Level 1:colcon.colcon_core.package_discovery:discover_packages(recursive) check parameters
[0.365s] Level 1:colcon.colcon_core.package_discovery:discover_packages(ignore) check parameters
[0.365s] Level 1:colcon.colcon_core.package_discovery:discover_packages(path) check parameters
[0.365s] Level 1:colcon.colcon_core.package_discovery:discover_packages(colcon_meta) discover
[0.365s] Level 1:colcon.colcon_core.package_discovery:discover_packages(recursive) discover
[0.365s] INFO:colcon.colcon_core.package_discovery:Crawling recursively for packages in '/home/manoj/spot_ws'
[0.365s] Level 1:colcon.colcon_core.package_identification:_identify(.) by extensions ['ignore', 'ignore_ament_install']
[0.365s] Level 1:colcon.colcon_core.package_identification:_identify(.) by extension 'ignore'
[0.365s] Level 1:colcon.colcon_core.package_identification:_identify(.) by extension 'ignore_ament_install'
[0.365s] Level 1:colcon.colcon_core.package_identification:_identify(.) by extensions ['colcon_pkg']
[0.365s] Level 1:colcon.colcon_core.package_identification:_identify(.) by extension 'colcon_pkg'
[0.365s] Level 1:colcon.colcon_core.package_identification:_identify(.) by extensions ['colcon_meta']
[0.365s] Level 1:colcon.colcon_core.package_identification:_identify(.) by extension 'colcon_meta'
[0.365s] Level 1:colcon.colcon_core.package_identification:_identify(.) by extensions ['ros']
[0.365s] Level 1:colcon.colcon_core.package_identification:_identify(.) by extension 'ros'
[0.377s] Level 1:colcon.colcon_core.package_identification:_identify(.) by extensions ['cmake', 'python']
[0.377s] Level 1:colcon.colcon_core.package_identification:_identify(.) by extension 'cmake'
[0.377s] Level 1:colcon.colcon_core.package_identification:_identify(.) by extension 'python'
[0.377s] Level 1:colcon.colcon_core.package_identification:_identify(.) by extensions ['python_setup_py']
[0.377s] Level 1:colcon.colcon_core.package_identification:_identify(.) by extension 'python_setup_py'
[0.377s] Level 1:colcon.colcon_core.package_identification:_identify(build) by extensions ['ignore', 'ignore_ament_install']
[0.377s] Level 1:colcon.colcon_core.package_identification:_identify(build) by extension 'ignore'
[0.377s] Level 1:colcon.colcon_core.package_identification:_identify(build) ignored
[0.377s] Level 1:colcon.colcon_core.package_identification:_identify(install) by extensions ['ignore', 'ignore_ament_install']
[0.377s] Level 1:colcon.colcon_core.package_identification:_identify(install) by extension 'ignore'
[0.377s] Level 1:colcon.colcon_core.package_identification:_identify(install) ignored
[0.377s] Level 1:colcon.colcon_core.package_identification:_identify(log) by extensions ['ignore', 'ignore_ament_install']
[0.377s] Level 1:colcon.colcon_core.package_identification:_identify(log) by extension 'ignore'
[0.377s] Level 1:colcon.colcon_core.package_identification:_identify(log) ignored
[0.377s] Level 1:colcon.colcon_core.package_identification:_identify(src) by extensions ['ignore', 'ignore_ament_install']
[0.377s] Level 1:colcon.colcon_core.package_identification:_identify(src) by extension 'ignore'
[0.377s] Level 1:colcon.colcon_core.package_identification:_identify(src) by extension 'ignore_ament_install'
[0.377s] Level 1:colcon.colcon_core.package_identification:_identify(src) by extensions ['colcon_pkg']
[0.377s] Level 1:colcon.colcon_core.package_identification:_identify(src) by extension 'colcon_pkg'
[0.377s] Level 1:colcon.colcon_core.package_identification:_identify(src) by extensions ['colcon_meta']
[0.377s] Level 1:colcon.colcon_core.package_identification:_identify(src) by extension 'colcon_meta'
[0.377s] Level 1:colcon.colcon_core.package_identification:_identify(src) by extensions ['ros']
[0.378s] Level 1:colcon.colcon_core.package_identification:_identify(src) by extension 'ros'
[0.378s] Level 1:colcon.colcon_core.package_identification:_identify(src) by extensions ['cmake', 'python']
[0.378s] Level 1:colcon.colcon_core.package_identification:_identify(src) by extension 'cmake'
[0.378s] Level 1:colcon.colcon_core.package_identification:_identify(src) by extension 'python'
[0.378s] Level 1:colcon.colcon_core.package_identification:_identify(src) by extensions ['python_setup_py']
[0.378s] Level 1:colcon.colcon_core.package_identification:_identify(src) by extension 'python_setup_py'
[0.378s] Level 1:colcon.colcon_core.package_identification:_identify(src/spot_gazebo) by extensions ['ignore', 'ignore_ament_install']
[0.378s] Level 1:colcon.colcon_core.package_identification:_identify(src/spot_gazebo) by extension 'ignore'
[0.378s] Level 1:colcon.colcon_core.package_identification:_identify(src/spot_gazebo) by extension 'ignore_ament_install'
[0.378s] Level 1:colcon.colcon_core.package_identification:_identify(src/spot_gazebo) by extensions ['colcon_pkg']
[0.378s] Level 1:colcon.colcon_core.package_identification:_identify(src/spot_gazebo) by extension 'colcon_pkg'
[0.378s] Level 1:colcon.colcon_core.package_identification:_identify(src/spot_gazebo) by extensions ['colcon_meta']
[0.378s] Level 1:colcon.colcon_core.package_identification:_identify(src/spot_gazebo) by extension 'colcon_meta'
[0.378s] Level 1:colcon.colcon_core.package_identification:_identify(src/spot_gazebo) by extensions ['ros']
[0.378s] Level 1:colcon.colcon_core.package_identification:_identify(src/spot_gazebo) by extension 'ros'
[0.378s] Level 1:colcon.colcon_core.package_identification:_identify(src/spot_gazebo) by extensions ['cmake', 'python']
[0.378s] Level 1:colcon.colcon_core.package_identification:_identify(src/spot_gazebo) by extension 'cmake'
[0.378s] Level 1:colcon.colcon_core.package_identification:_identify(src/spot_gazebo) by extension 'python'
[0.378s] Level 1:colcon.colcon_core.package_identification:_identify(src/spot_gazebo) by extensions ['python_setup_py']
[0.378s] Level 1:colcon.colcon_core.package_identification:_identify(src/spot_gazebo) by extension 'python_setup_py'
[0.378s] Level 1:colcon.colcon_core.package_identification:_identify(src/spot_gazebo/assets) by extensions ['ignore', 'ignore_ament_install']
[0.378s] Level 1:colcon.colcon_core.package_identification:_identify(src/spot_gazebo/assets) by extension 'ignore'
[0.378s] Level 1:colcon.colcon_core.package_identification:_identify(src/spot_gazebo/assets) by extension 'ignore_ament_install'
[0.378s] Level 1:colcon.colcon_core.package_identification:_identify(src/spot_gazebo/assets) by extensions ['colcon_pkg']
[0.378s] Level 1:colcon.colcon_core.package_identification:_identify(src/spot_gazebo/assets) by extension 'colcon_pkg'
[0.378s] Level 1:colcon.colcon_core.package_identification:_identify(src/spot_gazebo/assets) by extensions ['colcon_meta']
[0.378s] Level 1:colcon.colcon_core.package_identification:_identify(src/spot_gazebo/assets) by extension 'colcon_meta'
[0.378s] Level 1:colcon.colcon_core.package_identification:_identify(src/spot_gazebo/assets) by extensions ['ros']
[0.378s] Level 1:colcon.colcon_core.package_identification:_identify(src/spot_gazebo/assets) by extension 'ros'
[0.378s] Level 1:colcon.colcon_core.package_identification:_identify(src/spot_gazebo/assets) by extensions ['cmake', 'python']
[0.378s] Level 1:colcon.colcon_core.package_identification:_identify(src/spot_gazebo/assets) by extension 'cmake'
[0.378s] Level 1:colcon.colcon_core.package_identification:_identify(src/spot_gazebo/assets) by extension 'python'
[0.378s] Level 1:colcon.colcon_core.package_identification:_identify(src/spot_gazebo/assets) by extensions ['python_setup_py']
[0.378s] Level 1:colcon.colcon_core.package_identification:_identify(src/spot_gazebo/assets) by extension 'python_setup_py'
[0.378s] Level 1:colcon.colcon_core.package_identification:_identify(src/spot_gazebo/champ) by extensions ['ignore', 'ignore_ament_install']
[0.378s] Level 1:colcon.colcon_core.package_identification:_identify(src/spot_gazebo/champ) by extension 'ignore'
[0.379s] Level 1:colcon.colcon_core.package_identification:_identify(src/spot_gazebo/champ) by extension 'ignore_ament_install'
[0.379s] Level 1:colcon.colcon_core.package_identification:_identify(src/spot_gazebo/champ) by extensions ['colcon_pkg']
[0.379s] Level 1:colcon.colcon_core.package_identification:_identify(src/spot_gazebo/champ) by extension 'colcon_pkg'
[0.379s] Level 1:colcon.colcon_core.package_identification:_identify(src/spot_gazebo/champ) by extensions ['colcon_meta']
[0.379s] Level 1:colcon.colcon_core.package_identification:_identify(src/spot_gazebo/champ) by extension 'colcon_meta'
[0.379s] Level 1:colcon.colcon_core.package_identification:_identify(src/spot_gazebo/champ) by extensions ['ros']
[0.379s] Level 1:colcon.colcon_core.package_identification:_identify(src/spot_gazebo/champ) by extension 'ros'
[0.380s] DEBUG:colcon.colcon_core.package_identification:Package 'src/spot_gazebo/champ' with type 'ros.ament_cmake' and name 'champ'
[0.381s] Level 1:colcon.colcon_core.package_identification:_identify(src/spot_gazebo/champ_base) by extensions ['ignore', 'ignore_ament_install']
[0.381s] Level 1:colcon.colcon_core.package_identification:_identify(src/spot_gazebo/champ_base) by extension 'ignore'
[0.381s] Level 1:colcon.colcon_core.package_identification:_identify(src/spot_gazebo/champ_base) by extension 'ignore_ament_install'
[0.381s] Level 1:colcon.colcon_core.package_identification:_identify(src/spot_gazebo/champ_base) by extensions ['colcon_pkg']
[0.381s] Level 1:colcon.colcon_core.package_identification:_identify(src/spot_gazebo/champ_base) by extension 'colcon_pkg'
[0.381s] Level 1:colcon.colcon_core.package_identification:_identify(src/spot_gazebo/champ_base) by extensions ['colcon_meta']
[0.381s] Level 1:colcon.colcon_core.package_identification:_identify(src/spot_gazebo/champ_base) by extension 'colcon_meta'
[0.381s] Level 1:colcon.colcon_core.package_identification:_identify(src/spot_gazebo/champ_base) by extensions ['ros']
[0.381s] Level 1:colcon.colcon_core.package_identification:_identify(src/spot_gazebo/champ_base) by extension 'ros'
[0.381s] DEBUG:colcon.colcon_core.package_identification:Package 'src/spot_gazebo/champ_base' with type 'ros.ament_cmake' and name 'champ_base'
[0.382s] Level 1:colcon.colcon_core.package_identification:_identify(src/spot_gazebo/champ_config) by extensions ['ignore', 'ignore_ament_install']
[0.382s] Level 1:colcon.colcon_core.package_identification:_identify(src/spot_gazebo/champ_config) by extension 'ignore'
[0.382s] Level 1:colcon.colcon_core.package_identification:_identify(src/spot_gazebo/champ_config) by extension 'ignore_ament_install'
[0.382s] Level 1:colcon.colcon_core.package_identification:_identify(src/spot_gazebo/champ_config) by extensions ['colcon_pkg']
[0.382s] Level 1:colcon.colcon_core.package_identification:_identify(src/spot_gazebo/champ_config) by extension 'colcon_pkg'
[0.382s] Level 1:colcon.colcon_core.package_identification:_identify(src/spot_gazebo/champ_config) by extensions ['colcon_meta']
[0.382s] Level 1:colcon.colcon_core.package_identification:_identify(src/spot_gazebo/champ_config) by extension 'colcon_meta'
[0.382s] Level 1:colcon.colcon_core.package_identification:_identify(src/spot_gazebo/champ_config) by extensions ['ros']
[0.382s] Level 1:colcon.colcon_core.package_identification:_identify(src/spot_gazebo/champ_config) by extension 'ros'
[0.382s] DEBUG:colcon.colcon_core.package_identification:Package 'src/spot_gazebo/champ_config' with type 'ros.ament_cmake' and name 'champ_config'
[0.382s] Level 1:colcon.colcon_core.package_identification:_identify(src/spot_gazebo/champ_msgs) by extensions ['ignore', 'ignore_ament_install']
[0.382s] Level 1:colcon.colcon_core.package_identification:_identify(src/spot_gazebo/champ_msgs) by extension 'ignore'
[0.382s] Level 1:colcon.colcon_core.package_identification:_identify(src/spot_gazebo/champ_msgs) by extension 'ignore_ament_install'
[0.382s] Level 1:colcon.colcon_core.package_identification:_identify(src/spot_gazebo/champ_msgs) by extensions ['colcon_pkg']
[0.382s] Level 1:colcon.colcon_core.package_identification:_identify(src/spot_gazebo/champ_msgs) by extension 'colcon_pkg'
[0.382s] Level 1:colcon.colcon_core.package_identification:_identify(src/spot_gazebo/champ_msgs) by extensions ['colcon_meta']
[0.382s] Level 1:colcon.colcon_core.package_identification:_identify(src/spot_gazebo/champ_msgs) by extension 'colcon_meta'
[0.382s] Level 1:colcon.colcon_core.package_identification:_identify(src/spot_gazebo/champ_msgs) by extensions ['ros']
[0.382s] Level 1:colcon.colcon_core.package_identification:_identify(src/spot_gazebo/champ_msgs) by extension 'ros'
[0.383s] DEBUG:colcon.colcon_core.package_identification:Package 'src/spot_gazebo/champ_msgs' with type 'ros.ament_cmake' and name 'champ_msgs'
[0.383s] Level 1:colcon.colcon_core.package_identification:_identify(src/spot_gazebo/spot_bringup) by extensions ['ignore', 'ignore_ament_install']
[0.383s] Level 1:colcon.colcon_core.package_identification:_identify(src/spot_gazebo/spot_bringup) by extension 'ignore'
[0.383s] Level 1:colcon.colcon_core.package_identification:_identify(src/spot_gazebo/spot_bringup) by extension 'ignore_ament_install'
[0.383s] Level 1:colcon.colcon_core.package_identification:_identify(src/spot_gazebo/spot_bringup) by extensions ['colcon_pkg']
[0.383s] Level 1:colcon.colcon_core.package_identification:_identify(src/spot_gazebo/spot_bringup) by extension 'colcon_pkg'
[0.383s] Level 1:colcon.colcon_core.package_identification:_identify(src/spot_gazebo/spot_bringup) by extensions ['colcon_meta']
[0.383s] Level 1:colcon.colcon_core.package_identification:_identify(src/spot_gazebo/spot_bringup) by extension 'colcon_meta'
[0.383s] Level 1:colcon.colcon_core.package_identification:_identify(src/spot_gazebo/spot_bringup) by extensions ['ros']
[0.383s] Level 1:colcon.colcon_core.package_identification:_identify(src/spot_gazebo/spot_bringup) by extension 'ros'
[0.383s] DEBUG:colcon.colcon_core.package_identification:Package 'src/spot_gazebo/spot_bringup' with type 'ros.ament_python' and name 'spot_bringup'
[0.384s] Level 1:colcon.colcon_core.package_identification:_identify(src/spot_gazebo/spot_description) by extensions ['ignore', 'ignore_ament_install']
[0.384s] Level 1:colcon.colcon_core.package_identification:_identify(src/spot_gazebo/spot_description) by extension 'ignore'
[0.384s] Level 1:colcon.colcon_core.package_identification:_identify(src/spot_gazebo/spot_description) by extension 'ignore_ament_install'
[0.384s] Level 1:colcon.colcon_core.package_identification:_identify(src/spot_gazebo/spot_description) by extensions ['colcon_pkg']
[0.384s] Level 1:colcon.colcon_core.package_identification:_identify(src/spot_gazebo/spot_description) by extension 'colcon_pkg'
[0.384s] Level 1:colcon.colcon_core.package_identification:_identify(src/spot_gazebo/spot_description) by extensions ['colcon_meta']
[0.384s] Level 1:colcon.colcon_core.package_identification:_identify(src/spot_gazebo/spot_description) by extension 'colcon_meta'
[0.384s] Level 1:colcon.colcon_core.package_identification:_identify(src/spot_gazebo/spot_description) by extensions ['ros']
[0.384s] Level 1:colcon.colcon_core.package_identification:_identify(src/spot_gazebo/spot_description) by extension 'ros'
[0.384s] DEBUG:colcon.colcon_core.package_identification:Package 'src/spot_gazebo/spot_description' with type 'ros.ament_cmake' and name 'spot_description'
[0.384s] Level 1:colcon.colcon_core.package_identification:_identify(src/spot_gazebo/spot_gazebo) by extensions ['ignore', 'ignore_ament_install']
[0.384s] Level 1:colcon.colcon_core.package_identification:_identify(src/spot_gazebo/spot_gazebo) by extension 'ignore'
[0.384s] Level 1:colcon.colcon_core.package_identification:_identify(src/spot_gazebo/spot_gazebo) by extension 'ignore_ament_install'
[0.384s] Level 1:colcon.colcon_core.package_identification:_identify(src/spot_gazebo/spot_gazebo) by extensions ['colcon_pkg']
[0.384s] Level 1:colcon.colcon_core.package_identification:_identify(src/spot_gazebo/spot_gazebo) by extension 'colcon_pkg'
[0.384s] Level 1:colcon.colcon_core.package_identification:_identify(src/spot_gazebo/spot_gazebo) by extensions ['colcon_meta']
[0.384s] Level 1:colcon.colcon_core.package_identification:_identify(src/spot_gazebo/spot_gazebo) by extension 'colcon_meta'
[0.384s] Level 1:colcon.colcon_core.package_identification:_identify(src/spot_gazebo/spot_gazebo) by extensions ['ros']
[0.384s] Level 1:colcon.colcon_core.package_identification:_identify(src/spot_gazebo/spot_gazebo) by extension 'ros'
[0.385s] DEBUG:colcon.colcon_core.package_identification:Package 'src/spot_gazebo/spot_gazebo' with type 'ros.ament_cmake' and name 'spot_gazebo'
[0.385s] Level 1:colcon.colcon_core.package_identification:_identify(src/spot_gazebo/spot_navigation) by extensions ['ignore', 'ignore_ament_install']
[0.385s] Level 1:colcon.colcon_core.package_identification:_identify(src/spot_gazebo/spot_navigation) by extension 'ignore'
[0.385s] Level 1:colcon.colcon_core.package_identification:_identify(src/spot_gazebo/spot_navigation) by extension 'ignore_ament_install'
[0.385s] Level 1:colcon.colcon_core.package_identification:_identify(src/spot_gazebo/spot_navigation) by extensions ['colcon_pkg']
[0.385s] Level 1:colcon.colcon_core.package_identification:_identify(src/spot_gazebo/spot_navigation) by extension 'colcon_pkg'
[0.385s] Level 1:colcon.colcon_core.package_identification:_identify(src/spot_gazebo/spot_navigation) by extensions ['colcon_meta']
[0.385s] Level 1:colcon.colcon_core.package_identification:_identify(src/spot_gazebo/spot_navigation) by extension 'colcon_meta'
[0.385s] Level 1:colcon.colcon_core.package_identification:_identify(src/spot_gazebo/spot_navigation) by extensions ['ros']
[0.385s] Level 1:colcon.colcon_core.package_identification:_identify(src/spot_gazebo/spot_navigation) by extension 'ros'
[0.385s] DEBUG:colcon.colcon_core.package_identification:Package 'src/spot_gazebo/spot_navigation' with type 'ros.ament_python' and name 'spot_navigation'
[0.386s] Level 1:colcon.colcon_core.package_discovery:discover_packages(recursive) using defaults
[0.386s] Level 1:colcon.colcon_core.package_discovery:discover_packages(ignore) discover
[0.386s] Level 1:colcon.colcon_core.package_discovery:discover_packages(ignore) using defaults
[0.386s] Level 1:colcon.colcon_core.package_discovery:discover_packages(path) discover
[0.386s] Level 1:colcon.colcon_core.package_discovery:discover_packages(path) using defaults
[0.401s] Level 1:colcon.colcon_core.package_discovery:discover_packages(prefix_path) check parameters
[0.401s] Level 1:colcon.colcon_core.package_discovery:discover_packages(prefix_path) discover
[0.403s] DEBUG:colcon.colcon_installed_package_information.package_discovery:Found 473 installed packages in /opt/ros/humble
[0.404s] Level 1:colcon.colcon_core.package_discovery:discover_packages(prefix_path) using defaults
[0.430s] Level 5:colcon.colcon_core.verb:set package 'champ' build argument 'cmake_args' from command line to 'None'
[0.430s] Level 5:colcon.colcon_core.verb:set package 'champ' build argument 'cmake_target' from command line to 'None'
[0.430s] Level 5:colcon.colcon_core.verb:set package 'champ' build argument 'cmake_target_skip_unavailable' from command line to 'False'
[0.430s] Level 5:colcon.colcon_core.verb:set package 'champ' build argument 'cmake_clean_cache' from command line to 'False'
[0.430s] Level 5:colcon.colcon_core.verb:set package 'champ' build argument 'cmake_clean_first' from command line to 'False'
[0.430s] Level 5:colcon.colcon_core.verb:set package 'champ' build argument 'cmake_force_configure' from command line to 'False'
[0.430s] Level 5:colcon.colcon_core.verb:set package 'champ' build argument 'ament_cmake_args' from command line to 'None'
[0.430s] Level 5:colcon.colcon_core.verb:set package 'champ' build argument 'catkin_cmake_args' from command line to 'None'
[0.431s] Level 5:colcon.colcon_core.verb:set package 'champ' build argument 'catkin_skip_building_tests' from command line to 'False'
[0.431s] DEBUG:colcon.colcon_core.verb:Building package 'champ' with the following arguments: {'ament_cmake_args': None, 'build_base': '/home/manoj/spot_ws/build/champ', 'catkin_cmake_args': None, 'catkin_skip_building_tests': False, 'cmake_args': None, 'cmake_clean_cache': False, 'cmake_clean_first': False, 'cmake_force_configure': False, 'cmake_target': None, 'cmake_target_skip_unavailable': False, 'install_base': '/home/manoj/spot_ws/install/champ', 'merge_install': False, 'path': '/home/manoj/spot_ws/src/spot_gazebo/champ', 'symlink_install': True, 'test_result_base': None}
[0.431s] Level 5:colcon.colcon_core.verb:set package 'champ_msgs' build argument 'cmake_args' from command line to 'None'
[0.431s] Level 5:colcon.colcon_core.verb:set package 'champ_msgs' build argument 'cmake_target' from command line to 'None'
[0.431s] Level 5:colcon.colcon_core.verb:set package 'champ_msgs' build argument 'cmake_target_skip_unavailable' from command line to 'False'
[0.431s] Level 5:colcon.colcon_core.verb:set package 'champ_msgs' build argument 'cmake_clean_cache' from command line to 'False'
[0.431s] Level 5:colcon.colcon_core.verb:set package 'champ_msgs' build argument 'cmake_clean_first' from command line to 'False'
[0.431s] Level 5:colcon.colcon_core.verb:set package 'champ_msgs' build argument 'cmake_force_configure' from command line to 'False'
[0.431s] Level 5:colcon.colcon_core.verb:set package 'champ_msgs' build argument 'ament_cmake_args' from command line to 'None'
[0.431s] Level 5:colcon.colcon_core.verb:set package 'champ_msgs' build argument 'catkin_cmake_args' from command line to 'None'
[0.431s] Level 5:colcon.colcon_core.verb:set package 'champ_msgs' build argument 'catkin_skip_building_tests' from command line to 'False'
[0.431s] DEBUG:colcon.colcon_core.verb:Building package 'champ_msgs' with the following arguments: {'ament_cmake_args': None, 'build_base': '/home/manoj/spot_ws/build/champ_msgs', 'catkin_cmake_args': None, 'catkin_skip_building_tests': False, 'cmake_args': None, 'cmake_clean_cache': False, 'cmake_clean_first': False, 'cmake_force_configure': False, 'cmake_target': None, 'cmake_target_skip_unavailable': False, 'install_base': '/home/manoj/spot_ws/install/champ_msgs', 'merge_install': False, 'path': '/home/manoj/spot_ws/src/spot_gazebo/champ_msgs', 'symlink_install': True, 'test_result_base': None}
[0.431s] Level 5:colcon.colcon_core.verb:set package 'spot_description' build argument 'cmake_args' from command line to 'None'
[0.431s] Level 5:colcon.colcon_core.verb:set package 'spot_description' build argument 'cmake_target' from command line to 'None'
[0.431s] Level 5:colcon.colcon_core.verb:set package 'spot_description' build argument 'cmake_target_skip_unavailable' from command line to 'False'
[0.431s] Level 5:colcon.colcon_core.verb:set package 'spot_description' build argument 'cmake_clean_cache' from command line to 'False'
[0.431s] Level 5:colcon.colcon_core.verb:set package 'spot_description' build argument 'cmake_clean_first' from command line to 'False'
[0.431s] Level 5:colcon.colcon_core.verb:set package 'spot_description' build argument 'cmake_force_configure' from command line to 'False'
[0.431s] Level 5:colcon.colcon_core.verb:set package 'spot_description' build argument 'ament_cmake_args' from command line to 'None'
[0.431s] Level 5:colcon.colcon_core.verb:set package 'spot_description' build argument 'catkin_cmake_args' from command line to 'None'
[0.431s] Level 5:colcon.colcon_core.verb:set package 'spot_description' build argument 'catkin_skip_building_tests' from command line to 'False'
[0.431s] DEBUG:colcon.colcon_core.verb:Building package 'spot_description' with the following arguments: {'ament_cmake_args': None, 'build_base': '/home/manoj/spot_ws/build/spot_description', 'catkin_cmake_args': None, 'catkin_skip_building_tests': False, 'cmake_args': None, 'cmake_clean_cache': False, 'cmake_clean_first': False, 'cmake_force_configure': False, 'cmake_target': None, 'cmake_target_skip_unavailable': False, 'install_base': '/home/manoj/spot_ws/install/spot_description', 'merge_install': False, 'path': '/home/manoj/spot_ws/src/spot_gazebo/spot_description', 'symlink_install': True, 'test_result_base': None}
[0.431s] Level 5:colcon.colcon_core.verb:set package 'spot_navigation' build argument 'cmake_args' from command line to 'None'
[0.431s] Level 5:colcon.colcon_core.verb:set package 'spot_navigation' build argument 'cmake_target' from command line to 'None'
[0.431s] Level 5:colcon.colcon_core.verb:set package 'spot_navigation' build argument 'cmake_target_skip_unavailable' from command line to 'False'
[0.431s] Level 5:colcon.colcon_core.verb:set package 'spot_navigation' build argument 'cmake_clean_cache' from command line to 'False'
[0.431s] Level 5:colcon.colcon_core.verb:set package 'spot_navigation' build argument 'cmake_clean_first' from command line to 'False'
[0.431s] Level 5:colcon.colcon_core.verb:set package 'spot_navigation' build argument 'cmake_force_configure' from command line to 'False'
[0.431s] Level 5:colcon.colcon_core.verb:set package 'spot_navigation' build argument 'ament_cmake_args' from command line to 'None'
[0.431s] Level 5:colcon.colcon_core.verb:set package 'spot_navigation' build argument 'catkin_cmake_args' from command line to 'None'
[0.431s] Level 5:colcon.colcon_core.verb:set package 'spot_navigation' build argument 'catkin_skip_building_tests' from command line to 'False'
[0.431s] DEBUG:colcon.colcon_core.verb:Building package 'spot_navigation' with the following arguments: {'ament_cmake_args': None, 'build_base': '/home/manoj/spot_ws/build/spot_navigation', 'catkin_cmake_args': None, 'catkin_skip_building_tests': False, 'cmake_args': None, 'cmake_clean_cache': False, 'cmake_clean_first': False, 'cmake_force_configure': False, 'cmake_target': None, 'cmake_target_skip_unavailable': False, 'install_base': '/home/manoj/spot_ws/install/spot_navigation', 'merge_install': False, 'path': '/home/manoj/spot_ws/src/spot_gazebo/spot_navigation', 'symlink_install': True, 'test_result_base': None}
[0.431s] Level 5:colcon.colcon_core.verb:set package 'champ_base' build argument 'cmake_args' from command line to 'None'
[0.431s] Level 5:colcon.colcon_core.verb:set package 'champ_base' build argument 'cmake_target' from command line to 'None'
[0.431s] Level 5:colcon.colcon_core.verb:set package 'champ_base' build argument 'cmake_target_skip_unavailable' from command line to 'False'
[0.432s] Level 5:colcon.colcon_core.verb:set package 'champ_base' build argument 'cmake_clean_cache' from command line to 'False'
[0.432s] Level 5:colcon.colcon_core.verb:set package 'champ_base' build argument 'cmake_clean_first' from command line to 'False'
[0.432s] Level 5:colcon.colcon_core.verb:set package 'champ_base' build argument 'cmake_force_configure' from command line to 'False'
[0.432s] Level 5:colcon.colcon_core.verb:set package 'champ_base' build argument 'ament_cmake_args' from command line to 'None'
[0.432s] Level 5:colcon.colcon_core.verb:set package 'champ_base' build argument 'catkin_cmake_args' from command line to 'None'
[0.432s] Level 5:colcon.colcon_core.verb:set package 'champ_base' build argument 'catkin_skip_building_tests' from command line to 'False'
[0.432s] DEBUG:colcon.colcon_core.verb:Building package 'champ_base' with the following arguments: {'ament_cmake_args': None, 'build_base': '/home/manoj/spot_ws/build/champ_base', 'catkin_cmake_args': None, 'catkin_skip_building_tests': False, 'cmake_args': None, 'cmake_clean_cache': False, 'cmake_clean_first': False, 'cmake_force_configure': False, 'cmake_target': None, 'cmake_target_skip_unavailable': False, 'install_base': '/home/manoj/spot_ws/install/champ_base', 'merge_install': False, 'path': '/home/manoj/spot_ws/src/spot_gazebo/champ_base', 'symlink_install': True, 'test_result_base': None}
[0.432s] Level 5:colcon.colcon_core.verb:set package 'spot_gazebo' build argument 'cmake_args' from command line to 'None'
[0.432s] Level 5:colcon.colcon_core.verb:set package 'spot_gazebo' build argument 'cmake_target' from command line to 'None'
[0.432s] Level 5:colcon.colcon_core.verb:set package 'spot_gazebo' build argument 'cmake_target_skip_unavailable' from command line to 'False'
[0.432s] Level 5:colcon.colcon_core.verb:set package 'spot_gazebo' build argument 'cmake_clean_cache' from command line to 'False'
[0.432s] Level 5:colcon.colcon_core.verb:set package 'spot_gazebo' build argument 'cmake_clean_first' from command line to 'False'
[0.432s] Level 5:colcon.colcon_core.verb:set package 'spot_gazebo' build argument 'cmake_force_configure' from command line to 'False'
[0.432s] Level 5:colcon.colcon_core.verb:set package 'spot_gazebo' build argument 'ament_cmake_args' from command line to 'None'
[0.432s] Level 5:colcon.colcon_core.verb:set package 'spot_gazebo' build argument 'catkin_cmake_args' from command line to 'None'
[0.432s] Level 5:colcon.colcon_core.verb:set package 'spot_gazebo' build argument 'catkin_skip_building_tests' from command line to 'False'
[0.432s] DEBUG:colcon.colcon_core.verb:Building package 'spot_gazebo' with the following arguments: {'ament_cmake_args': None, 'build_base': '/home/manoj/spot_ws/build/spot_gazebo', 'catkin_cmake_args': None, 'catkin_skip_building_tests': False, 'cmake_args': None, 'cmake_clean_cache': False, 'cmake_clean_first': False, 'cmake_force_configure': False, 'cmake_target': None, 'cmake_target_skip_unavailable': False, 'install_base': '/home/manoj/spot_ws/install/spot_gazebo', 'merge_install': False, 'path': '/home/manoj/spot_ws/src/spot_gazebo/spot_gazebo', 'symlink_install': True, 'test_result_base': None}
[0.432s] Level 5:colcon.colcon_core.verb:set package 'champ_config' build argument 'cmake_args' from command line to 'None'
[0.432s] Level 5:colcon.colcon_core.verb:set package 'champ_config' build argument 'cmake_target' from command line to 'None'
[0.432s] Level 5:colcon.colcon_core.verb:set package 'champ_config' build argument 'cmake_target_skip_unavailable' from command line to 'False'
[0.432s] Level 5:colcon.colcon_core.verb:set package 'champ_config' build argument 'cmake_clean_cache' from command line to 'False'
[0.432s] Level 5:colcon.colcon_core.verb:set package 'champ_config' build argument 'cmake_clean_first' from command line to 'False'
[0.432s] Level 5:colcon.colcon_core.verb:set package 'champ_config' build argument 'cmake_force_configure' from command line to 'False'
[0.432s] Level 5:colcon.colcon_core.verb:set package 'champ_config' build argument 'ament_cmake_args' from command line to 'None'
[0.432s] Level 5:colcon.colcon_core.verb:set package 'champ_config' build argument 'catkin_cmake_args' from command line to 'None'
[0.432s] Level 5:colcon.colcon_core.verb:set package 'champ_config' build argument 'catkin_skip_building_tests' from command line to 'False'
[0.432s] DEBUG:colcon.colcon_core.verb:Building package 'champ_config' with the following arguments: {'ament_cmake_args': None, 'build_base': '/home/manoj/spot_ws/build/champ_config', 'catkin_cmake_args': None, 'catkin_skip_building_tests': False, 'cmake_args': None, 'cmake_clean_cache': False, 'cmake_clean_first': False, 'cmake_force_configure': False, 'cmake_target': None, 'cmake_target_skip_unavailable': False, 'install_base': '/home/manoj/spot_ws/install/champ_config', 'merge_install': False, 'path': '/home/manoj/spot_ws/src/spot_gazebo/champ_config', 'symlink_install': True, 'test_result_base': None}
[0.432s] Level 5:colcon.colcon_core.verb:set package 'spot_bringup' build argument 'cmake_args' from command line to 'None'
[0.432s] Level 5:colcon.colcon_core.verb:set package 'spot_bringup' build argument 'cmake_target' from command line to 'None'
[0.432s] Level 5:colcon.colcon_core.verb:set package 'spot_bringup' build argument 'cmake_target_skip_unavailable' from command line to 'False'
[0.432s] Level 5:colcon.colcon_core.verb:set package 'spot_bringup' build argument 'cmake_clean_cache' from command line to 'False'
[0.432s] Level 5:colcon.colcon_core.verb:set package 'spot_bringup' build argument 'cmake_clean_first' from command line to 'False'
[0.432s] Level 5:colcon.colcon_core.verb:set package 'spot_bringup' build argument 'cmake_force_configure' from command line to 'False'
[0.432s] Level 5:colcon.colcon_core.verb:set package 'spot_bringup' build argument 'ament_cmake_args' from command line to 'None'
[0.432s] Level 5:colcon.colcon_core.verb:set package 'spot_bringup' build argument 'catkin_cmake_args' from command line to 'None'
[0.432s] Level 5:colcon.colcon_core.verb:set package 'spot_bringup' build argument 'catkin_skip_building_tests' from command line to 'False'
[0.432s] DEBUG:colcon.colcon_core.verb:Building package 'spot_bringup' with the following arguments: {'ament_cmake_args': None, 'build_base': '/home/manoj/spot_ws/build/spot_bringup', 'catkin_cmake_args': None, 'catkin_skip_building_tests': False, 'cmake_args': None, 'cmake_clean_cache': False, 'cmake_clean_first': False, 'cmake_force_configure': False, 'cmake_target': None, 'cmake_target_skip_unavailable': False, 'install_base': '/home/manoj/spot_ws/install/spot_bringup', 'merge_install': False, 'path': '/home/manoj/spot_ws/src/spot_gazebo/spot_bringup', 'symlink_install': True, 'test_result_base': None}
[0.432s] INFO:colcon.colcon_core.executor:Executing jobs using 'parallel' executor
[0.433s] DEBUG:colcon.colcon_parallel_executor.executor.parallel:run_until_complete
[0.433s] INFO:colcon.colcon_ros.task.ament_cmake.build:Building ROS package in '/home/manoj/spot_ws/src/spot_gazebo/champ' with build type 'ament_cmake'
[0.433s] INFO:colcon.colcon_cmake.task.cmake.build:Building CMake package in '/home/manoj/spot_ws/src/spot_gazebo/champ'
[0.436s] INFO:colcon.colcon_core.plugin_system:Skipping extension 'colcon_core.shell.bat': Not used on non-Windows systems
[0.436s] INFO:colcon.colcon_core.shell:Skip shell extension 'powershell' for command environment: Not usable outside of PowerShell
[0.436s] DEBUG:colcon.colcon_core.shell:Skip shell extension 'dsv' for command environment
[0.438s] INFO:colcon.colcon_ros.task.ament_cmake.build:Building ROS package in '/home/manoj/spot_ws/src/spot_gazebo/champ_msgs' with build type 'ament_cmake'
[0.438s] INFO:colcon.colcon_cmake.task.cmake.build:Building CMake package in '/home/manoj/spot_ws/src/spot_gazebo/champ_msgs'
[0.438s] INFO:colcon.colcon_core.shell:Skip shell extension 'powershell' for command environment: Not usable outside of PowerShell
[0.438s] DEBUG:colcon.colcon_core.shell:Skip shell extension 'dsv' for command environment
[0.440s] INFO:colcon.colcon_ros.task.ament_cmake.build:Building ROS package in '/home/manoj/spot_ws/src/spot_gazebo/spot_description' with build type 'ament_cmake'
[0.440s] INFO:colcon.colcon_cmake.task.cmake.build:Building CMake package in '/home/manoj/spot_ws/src/spot_gazebo/spot_description'
[0.440s] INFO:colcon.colcon_core.shell:Skip shell extension 'powershell' for command environment: Not usable outside of PowerShell
[0.440s] DEBUG:colcon.colcon_core.shell:Skip shell extension 'dsv' for command environment
[0.441s] INFO:colcon.colcon_ros.task.ament_python.build:Building ROS package in '/home/manoj/spot_ws/src/spot_gazebo/spot_navigation' with build type 'ament_python'
[0.442s] Level 1:colcon.colcon_core.shell:create_environment_hook('spot_navigation', 'ament_prefix_path')
[0.442s] INFO:colcon.colcon_core.shell:Creating environment hook '/home/manoj/spot_ws/install/spot_navigation/share/spot_navigation/hook/ament_prefix_path.ps1'
[0.442s] INFO:colcon.colcon_core.shell:Creating environment descriptor '/home/manoj/spot_ws/install/spot_navigation/share/spot_navigation/hook/ament_prefix_path.dsv'
[0.442s] INFO:colcon.colcon_core.shell:Creating environment hook '/home/manoj/spot_ws/install/spot_navigation/share/spot_navigation/hook/ament_prefix_path.sh'
[0.443s] INFO:colcon.colcon_core.shell:Skip shell extension 'powershell' for command environment: Not usable outside of PowerShell
[0.443s] DEBUG:colcon.colcon_core.shell:Skip shell extension 'dsv' for command environment
[0.448s] DEBUG:colcon.colcon_core.event_handler.log_command:Invoking command in '/home/manoj/spot_ws/build/champ': CMAKE_PREFIX_PATH=/opt/ros/humble /usr/bin/cmake --build /home/manoj/spot_ws/build/champ -- -j12 -l12
[0.450s] DEBUG:colcon.colcon_core.event_handler.log_command:Invoking command in '/home/manoj/spot_ws/build/champ_msgs': CMAKE_PREFIX_PATH=/opt/ros/humble /usr/bin/cmake --build /home/manoj/spot_ws/build/champ_msgs -- -j12 -l12
[0.452s] DEBUG:colcon.colcon_core.event_handler.log_command:Invoking command in '/home/manoj/spot_ws/build/spot_description': CMAKE_PREFIX_PATH=/opt/ros/humble /usr/bin/cmake --build /home/manoj/spot_ws/build/spot_description -- -j12 -l12
[0.605s] INFO:colcon.colcon_core.task.python.build:Building Python package in '/home/manoj/spot_ws/src/spot_gazebo/spot_navigation'
[0.606s] INFO:colcon.colcon_core.shell:Skip shell extension 'powershell' for command environment: Not usable outside of PowerShell
[0.606s] DEBUG:colcon.colcon_core.shell:Skip shell extension 'dsv' for command environment
[0.609s] DEBUG:colcon.colcon_core.event_handler.log_command:Invoked command in '/home/manoj/spot_ws/build/champ' returned '0': CMAKE_PREFIX_PATH=/opt/ros/humble /usr/bin/cmake --build /home/manoj/spot_ws/build/champ -- -j12 -l12
[0.618s] DEBUG:colcon.colcon_core.event_handler.log_command:Invoking command in '/home/manoj/spot_ws/build/champ': CMAKE_PREFIX_PATH=/opt/ros/humble /usr/bin/cmake --install /home/manoj/spot_ws/build/champ
[0.618s] DEBUG:colcon.colcon_core.event_handler.log_command:Invoked command in '/home/manoj/spot_ws/build/spot_description' returned '0': CMAKE_PREFIX_PATH=/opt/ros/humble /usr/bin/cmake --build /home/manoj/spot_ws/build/spot_description -- -j12 -l12
[0.619s] DEBUG:colcon.colcon_core.event_handler.log_command:Invoking command in '/home/manoj/spot_ws/build/spot_description': CMAKE_PREFIX_PATH=/opt/ros/humble /usr/bin/cmake --install /home/manoj/spot_ws/build/spot_description
[0.633s] Level 1:colcon.colcon_core.environment:create_environment_scripts_only(champ)
[0.634s] DEBUG:colcon.colcon_core.event_handler.log_command:Invoked command in '/home/manoj/spot_ws/build/champ' returned '0': CMAKE_PREFIX_PATH=/opt/ros/humble /usr/bin/cmake --install /home/manoj/spot_ws/build/champ
[0.637s] Level 1:colcon.colcon_core.environment:checking '/home/manoj/spot_ws/install/champ' for CMake module files
[0.638s] Level 1:colcon.colcon_core.environment:checking '/home/manoj/spot_ws/install/champ' for CMake config files
[0.638s] Level 1:colcon.colcon_core.shell:create_environment_hook('champ', 'cmake_prefix_path')
[0.638s] INFO:colcon.colcon_core.shell:Creating environment hook '/home/manoj/spot_ws/install/champ/share/champ/hook/cmake_prefix_path.ps1'
[0.639s] INFO:colcon.colcon_core.shell:Creating environment descriptor '/home/manoj/spot_ws/install/champ/share/champ/hook/cmake_prefix_path.dsv'
[0.640s] INFO:colcon.colcon_core.shell:Creating environment hook '/home/manoj/spot_ws/install/champ/share/champ/hook/cmake_prefix_path.sh'
[0.640s] Level 1:colcon.colcon_core.environment:checking '/home/manoj/spot_ws/install/champ/bin'
[0.641s] Level 1:colcon.colcon_core.environment:checking '/home/manoj/spot_ws/install/champ/lib/pkgconfig/champ.pc'
[0.641s] Level 1:colcon.colcon_core.environment:checking '/home/manoj/spot_ws/install/champ/lib/python3.10/site-packages'
[0.641s] Level 1:colcon.colcon_core.environment:checking '/home/manoj/spot_ws/install/champ/bin'
[0.641s] INFO:colcon.colcon_core.shell:Creating package script '/home/manoj/spot_ws/install/champ/share/champ/package.ps1'
[0.642s] INFO:colcon.colcon_core.shell:Creating package descriptor '/home/manoj/spot_ws/install/champ/share/champ/package.dsv'
[0.643s] INFO:colcon.colcon_core.shell:Creating package script '/home/manoj/spot_ws/install/champ/share/champ/package.sh'
[0.644s] INFO:colcon.colcon_core.shell:Creating package script '/home/manoj/spot_ws/install/champ/share/champ/package.bash'
[0.644s] INFO:colcon.colcon_core.shell:Creating package script '/home/manoj/spot_ws/install/champ/share/champ/package.zsh'
[0.645s] Level 1:colcon.colcon_core.environment:create_file_with_runtime_dependencies(/home/manoj/spot_ws/install/champ/share/colcon-core/packages/champ)
[0.646s] Level 1:colcon.colcon_core.environment:create_environment_scripts_only(champ)
[0.646s] Level 1:colcon.colcon_core.environment:checking '/home/manoj/spot_ws/install/champ' for CMake module files
[0.646s] Level 1:colcon.colcon_core.environment:checking '/home/manoj/spot_ws/install/champ' for CMake config files
[0.647s] Level 1:colcon.colcon_core.shell:create_environment_hook('champ', 'cmake_prefix_path')
[0.647s] INFO:colcon.colcon_core.shell:Creating environment hook '/home/manoj/spot_ws/install/champ/share/champ/hook/cmake_prefix_path.ps1'
[0.647s] INFO:colcon.colcon_core.shell:Creating environment descriptor '/home/manoj/spot_ws/install/champ/share/champ/hook/cmake_prefix_path.dsv'
[0.648s] INFO:colcon.colcon_core.shell:Creating environment hook '/home/manoj/spot_ws/install/champ/share/champ/hook/cmake_prefix_path.sh'
[0.648s] Level 1:colcon.colcon_core.environment:checking '/home/manoj/spot_ws/install/champ/bin'
[0.648s] Level 1:colcon.colcon_core.environment:checking '/home/manoj/spot_ws/install/champ/lib/pkgconfig/champ.pc'
[0.648s] Level 1:colcon.colcon_core.environment:checking '/home/manoj/spot_ws/install/champ/lib/python3.10/site-packages'
[0.648s] Level 1:colcon.colcon_core.environment:checking '/home/manoj/spot_ws/install/champ/bin'
[0.649s] INFO:colcon.colcon_core.shell:Creating package script '/home/manoj/spot_ws/install/champ/share/champ/package.ps1'
[0.649s] INFO:colcon.colcon_core.shell:Creating package descriptor '/home/manoj/spot_ws/install/champ/share/champ/package.dsv'
[0.650s] INFO:colcon.colcon_core.shell:Creating package script '/home/manoj/spot_ws/install/champ/share/champ/package.sh'
[0.650s] INFO:colcon.colcon_core.shell:Creating package script '/home/manoj/spot_ws/install/champ/share/champ/package.bash'
[0.650s] INFO:colcon.colcon_core.shell:Creating package script '/home/manoj/spot_ws/install/champ/share/champ/package.zsh'
[0.651s] Level 1:colcon.colcon_core.environment:create_file_with_runtime_dependencies(/home/manoj/spot_ws/install/champ/share/colcon-core/packages/champ)
[0.652s] Level 1:colcon.colcon_core.environment:create_environment_scripts_only(spot_description)
[0.652s] Level 1:colcon.colcon_core.environment:checking '/home/manoj/spot_ws/install/spot_description' for CMake module files
[0.652s] DEBUG:colcon.colcon_core.event_handler.log_command:Invoked command in '/home/manoj/spot_ws/build/spot_description' returned '0': CMAKE_PREFIX_PATH=/opt/ros/humble /usr/bin/cmake --install /home/manoj/spot_ws/build/spot_description
[0.653s] Level 1:colcon.colcon_core.environment:checking '/home/manoj/spot_ws/install/spot_description' for CMake config files
[0.653s] Level 1:colcon.colcon_core.shell:create_environment_hook('spot_description', 'cmake_prefix_path')
[0.653s] INFO:colcon.colcon_core.shell:Creating environment hook '/home/manoj/spot_ws/install/spot_description/share/spot_description/hook/cmake_prefix_path.ps1'
[0.654s] INFO:colcon.colcon_core.shell:Creating environment descriptor '/home/manoj/spot_ws/install/spot_description/share/spot_description/hook/cmake_prefix_path.dsv'
[0.654s] INFO:colcon.colcon_core.shell:Creating environment hook '/home/manoj/spot_ws/install/spot_description/share/spot_description/hook/cmake_prefix_path.sh'
[0.654s] Level 1:colcon.colcon_core.environment:checking '/home/manoj/spot_ws/install/spot_description/bin'
[0.654s] Level 1:colcon.colcon_core.environment:checking '/home/manoj/spot_ws/install/spot_description/lib/pkgconfig/spot_description.pc'
[0.655s] Level 1:colcon.colcon_core.environment:checking '/home/manoj/spot_ws/install/spot_description/lib/python3.10/site-packages'
[0.655s] Level 1:colcon.colcon_core.environment:checking '/home/manoj/spot_ws/install/spot_description/bin'
[0.655s] INFO:colcon.colcon_core.shell:Creating package script '/home/manoj/spot_ws/install/spot_description/share/spot_description/package.ps1'
[0.655s] INFO:colcon.colcon_core.shell:Creating package descriptor '/home/manoj/spot_ws/install/spot_description/share/spot_description/package.dsv'
[0.656s] INFO:colcon.colcon_core.shell:Creating package script '/home/manoj/spot_ws/install/spot_description/share/spot_description/package.sh'
[0.656s] INFO:colcon.colcon_core.shell:Creating package script '/home/manoj/spot_ws/install/spot_description/share/spot_description/package.bash'
[0.656s] INFO:colcon.colcon_core.shell:Creating package script '/home/manoj/spot_ws/install/spot_description/share/spot_description/package.zsh'
[0.657s] Level 1:colcon.colcon_core.environment:create_file_with_runtime_dependencies(/home/manoj/spot_ws/install/spot_description/share/colcon-core/packages/spot_description)
[0.657s] Level 1:colcon.colcon_core.environment:create_environment_scripts_only(spot_description)
[0.657s] Level 1:colcon.colcon_core.environment:checking '/home/manoj/spot_ws/install/spot_description' for CMake module files
[0.658s] Level 1:colcon.colcon_core.environment:checking '/home/manoj/spot_ws/install/spot_description' for CMake config files
[0.658s] Level 1:colcon.colcon_core.shell:create_environment_hook('spot_description', 'cmake_prefix_path')
[0.658s] INFO:colcon.colcon_core.shell:Creating environment hook '/home/manoj/spot_ws/install/spot_description/share/spot_description/hook/cmake_prefix_path.ps1'
[0.658s] INFO:colcon.colcon_core.shell:Creating environment descriptor '/home/manoj/spot_ws/install/spot_description/share/spot_description/hook/cmake_prefix_path.dsv'
[0.659s] INFO:colcon.colcon_core.shell:Creating environment hook '/home/manoj/spot_ws/install/spot_description/share/spot_description/hook/cmake_prefix_path.sh'
[0.659s] Level 1:colcon.colcon_core.environment:checking '/home/manoj/spot_ws/install/spot_description/bin'
[0.659s] Level 1:colcon.colcon_core.environment:checking '/home/manoj/spot_ws/install/spot_description/lib/pkgconfig/spot_description.pc'
[0.659s] Level 1:colcon.colcon_core.environment:checking '/home/manoj/spot_ws/install/spot_description/lib/python3.10/site-packages'
[0.660s] Level 1:colcon.colcon_core.environment:checking '/home/manoj/spot_ws/install/spot_description/bin'
[0.660s] INFO:colcon.colcon_core.shell:Creating package script '/home/manoj/spot_ws/install/spot_description/share/spot_description/package.ps1'
[0.661s] INFO:colcon.colcon_core.shell:Creating package descriptor '/home/manoj/spot_ws/install/spot_description/share/spot_description/package.dsv'
[0.661s] INFO:colcon.colcon_core.shell:Creating package script '/home/manoj/spot_ws/install/spot_description/share/spot_description/package.sh'
[0.661s] INFO:colcon.colcon_core.shell:Creating package script '/home/manoj/spot_ws/install/spot_description/share/spot_description/package.bash'
[0.662s] INFO:colcon.colcon_core.shell:Creating package script '/home/manoj/spot_ws/install/spot_description/share/spot_description/package.zsh'
[0.662s] Level 1:colcon.colcon_core.environment:create_file_with_runtime_dependencies(/home/manoj/spot_ws/install/spot_description/share/colcon-core/packages/spot_description)
[0.662s] INFO:colcon.colcon_ros.task.ament_cmake.build:Building ROS package in '/home/manoj/spot_ws/src/spot_gazebo/spot_gazebo' with build type 'ament_cmake'
[0.662s] INFO:colcon.colcon_cmake.task.cmake.build:Building CMake package in '/home/manoj/spot_ws/src/spot_gazebo/spot_gazebo'
[0.663s] INFO:colcon.colcon_core.shell:Skip shell extension 'powershell' for command environment: Not usable outside of PowerShell
[0.663s] DEBUG:colcon.colcon_core.shell:Skip shell extension 'dsv' for command environment
[0.670s] DEBUG:colcon.colcon_core.event_handler.log_command:Invoking command in '/home/manoj/spot_ws/build/spot_gazebo': AMENT_PREFIX_PATH=/home/manoj/spot_ws/install/spot_description:${AMENT_PREFIX_PATH} CMAKE_PREFIX_PATH=/home/manoj/spot_ws/install/spot_description:/opt/ros/humble IGN_GAZEBO_RESOURCE_PATH=/home/manoj/spot_ws/install/spot_description/share/spot_description/models:${IGN_GAZEBO_RESOURCE_PATH} /usr/bin/cmake --build /home/manoj/spot_ws/build/spot_gazebo -- -j12 -l12
[0.701s] DEBUG:colcon.colcon_core.event_handler.log_command:Invoked command in '/home/manoj/spot_ws/build/spot_gazebo' returned '0': AMENT_PREFIX_PATH=/home/manoj/spot_ws/install/spot_description:${AMENT_PREFIX_PATH} CMAKE_PREFIX_PATH=/home/manoj/spot_ws/install/spot_description:/opt/ros/humble IGN_GAZEBO_RESOURCE_PATH=/home/manoj/spot_ws/install/spot_description/share/spot_description/models:${IGN_GAZEBO_RESOURCE_PATH} /usr/bin/cmake --build /home/manoj/spot_ws/build/spot_gazebo -- -j12 -l12
[0.703s] DEBUG:colcon.colcon_core.event_handler.log_command:Invoking command in '/home/manoj/spot_ws/build/spot_gazebo': AMENT_PREFIX_PATH=/home/manoj/spot_ws/install/spot_description:${AMENT_PREFIX_PATH} CMAKE_PREFIX_PATH=/home/manoj/spot_ws/install/spot_description:/opt/ros/humble IGN_GAZEBO_RESOURCE_PATH=/home/manoj/spot_ws/install/spot_description/share/spot_description/models:${IGN_GAZEBO_RESOURCE_PATH} /usr/bin/cmake --install /home/manoj/spot_ws/build/spot_gazebo
[0.721s] Level 1:colcon.colcon_core.environment:create_environment_scripts_only(spot_gazebo)
[0.721s] DEBUG:colcon.colcon_core.event_handler.log_command:Invoked command in '/home/manoj/spot_ws/build/spot_gazebo' returned '0': AMENT_PREFIX_PATH=/home/manoj/spot_ws/install/spot_description:${AMENT_PREFIX_PATH} CMAKE_PREFIX_PATH=/home/manoj/spot_ws/install/spot_description:/opt/ros/humble IGN_GAZEBO_RESOURCE_PATH=/home/manoj/spot_ws/install/spot_description/share/spot_description/models:${IGN_GAZEBO_RESOURCE_PATH} /usr/bin/cmake --install /home/manoj/spot_ws/build/spot_gazebo
[0.721s] Level 1:colcon.colcon_core.environment:checking '/home/manoj/spot_ws/install/spot_gazebo' for CMake module files
[0.722s] Level 1:colcon.colcon_core.environment:checking '/home/manoj/spot_ws/install/spot_gazebo' for CMake config files
[0.722s] Level 1:colcon.colcon_core.shell:create_environment_hook('spot_gazebo', 'cmake_prefix_path')
[0.722s] INFO:colcon.colcon_core.shell:Creating environment hook '/home/manoj/spot_ws/install/spot_gazebo/share/spot_gazebo/hook/cmake_prefix_path.ps1'
[0.723s] INFO:colcon.colcon_core.shell:Creating environment descriptor '/home/manoj/spot_ws/install/spot_gazebo/share/spot_gazebo/hook/cmake_prefix_path.dsv'
[0.723s] INFO:colcon.colcon_core.shell:Creating environment hook '/home/manoj/spot_ws/install/spot_gazebo/share/spot_gazebo/hook/cmake_prefix_path.sh'
[0.724s] Level 1:colcon.colcon_core.environment:checking '/home/manoj/spot_ws/install/spot_gazebo/bin'
[0.724s] Level 1:colcon.colcon_core.environment:checking '/home/manoj/spot_ws/install/spot_gazebo/lib/pkgconfig/spot_gazebo.pc'
[0.724s] Level 1:colcon.colcon_core.environment:checking '/home/manoj/spot_ws/install/spot_gazebo/lib/python3.10/site-packages'
[0.724s] Level 1:colcon.colcon_core.environment:checking '/home/manoj/spot_ws/install/spot_gazebo/bin'
[0.725s] INFO:colcon.colcon_core.shell:Creating package script '/home/manoj/spot_ws/install/spot_gazebo/share/spot_gazebo/package.ps1'
[0.725s] INFO:colcon.colcon_core.shell:Creating package descriptor '/home/manoj/spot_ws/install/spot_gazebo/share/spot_gazebo/package.dsv'
[0.726s] INFO:colcon.colcon_core.shell:Creating package script '/home/manoj/spot_ws/install/spot_gazebo/share/spot_gazebo/package.sh'
[0.726s] INFO:colcon.colcon_core.shell:Creating package script '/home/manoj/spot_ws/install/spot_gazebo/share/spot_gazebo/package.bash'
[0.726s] INFO:colcon.colcon_core.shell:Creating package script '/home/manoj/spot_ws/install/spot_gazebo/share/spot_gazebo/package.zsh'
[0.727s] Level 1:colcon.colcon_core.environment:create_file_with_runtime_dependencies(/home/manoj/spot_ws/install/spot_gazebo/share/colcon-core/packages/spot_gazebo)
[0.727s] Level 1:colcon.colcon_core.environment:create_environment_scripts_only(spot_gazebo)
[0.727s] Level 1:colcon.colcon_core.environment:checking '/home/manoj/spot_ws/install/spot_gazebo' for CMake module files
[0.728s] Level 1:colcon.colcon_core.environment:checking '/home/manoj/spot_ws/install/spot_gazebo' for CMake config files
[0.728s] Level 1:colcon.colcon_core.shell:create_environment_hook('spot_gazebo', 'cmake_prefix_path')
[0.728s] INFO:colcon.colcon_core.shell:Creating environment hook '/home/manoj/spot_ws/install/spot_gazebo/share/spot_gazebo/hook/cmake_prefix_path.ps1'
[0.729s] INFO:colcon.colcon_core.shell:Creating environment descriptor '/home/manoj/spot_ws/install/spot_gazebo/share/spot_gazebo/hook/cmake_prefix_path.dsv'
[0.729s] INFO:colcon.colcon_core.shell:Creating environment hook '/home/manoj/spot_ws/install/spot_gazebo/share/spot_gazebo/hook/cmake_prefix_path.sh'
[0.730s] Level 1:colcon.colcon_core.environment:checking '/home/manoj/spot_ws/install/spot_gazebo/bin'
[0.730s] Level 1:colcon.colcon_core.environment:checking '/home/manoj/spot_ws/install/spot_gazebo/lib/pkgconfig/spot_gazebo.pc'
[0.730s] Level 1:colcon.colcon_core.environment:checking '/home/manoj/spot_ws/install/spot_gazebo/lib/python3.10/site-packages'
[0.730s] Level 1:colcon.colcon_core.environment:checking '/home/manoj/spot_ws/install/spot_gazebo/bin'
[0.730s] INFO:colcon.colcon_core.shell:Creating package script '/home/manoj/spot_ws/install/spot_gazebo/share/spot_gazebo/package.ps1'
[0.731s] INFO:colcon.colcon_core.shell:Creating package descriptor '/home/manoj/spot_ws/install/spot_gazebo/share/spot_gazebo/package.dsv'
[0.731s] INFO:colcon.colcon_core.shell:Creating package script '/home/manoj/spot_ws/install/spot_gazebo/share/spot_gazebo/package.sh'
[0.731s] INFO:colcon.colcon_core.shell:Creating package script '/home/manoj/spot_ws/install/spot_gazebo/share/spot_gazebo/package.bash'
[0.732s] INFO:colcon.colcon_core.shell:Creating package script '/home/manoj/spot_ws/install/spot_gazebo/share/spot_gazebo/package.zsh'
[0.732s] Level 1:colcon.colcon_core.environment:create_file_with_runtime_dependencies(/home/manoj/spot_ws/install/spot_gazebo/share/colcon-core/packages/spot_gazebo)
[0.732s] INFO:colcon.colcon_ros.task.ament_python.build:Building ROS package in '/home/manoj/spot_ws/src/spot_gazebo/spot_bringup' with build type 'ament_python'
[0.733s] Level 1:colcon.colcon_core.shell:create_environment_hook('spot_bringup', 'ament_prefix_path')
[0.733s] INFO:colcon.colcon_core.shell:Creating environment hook '/home/manoj/spot_ws/install/spot_bringup/share/spot_bringup/hook/ament_prefix_path.ps1'
[0.733s] INFO:colcon.colcon_core.shell:Creating environment descriptor '/home/manoj/spot_ws/install/spot_bringup/share/spot_bringup/hook/ament_prefix_path.dsv'
[0.734s] INFO:colcon.colcon_core.shell:Creating environment hook '/home/manoj/spot_ws/install/spot_bringup/share/spot_bringup/hook/ament_prefix_path.sh'
[0.735s] INFO:colcon.colcon_core.shell:Skip shell extension 'powershell' for command environment: Not usable outside of PowerShell
[0.735s] DEBUG:colcon.colcon_core.shell:Skip shell extension 'dsv' for command environment
[0.891s] INFO:colcon.colcon_core.task.python.build:Building Python package in '/home/manoj/spot_ws/src/spot_gazebo/spot_bringup'
[0.892s] INFO:colcon.colcon_core.shell:Skip shell extension 'powershell' for command environment: Not usable outside of PowerShell
[0.892s] DEBUG:colcon.colcon_core.shell:Skip shell extension 'dsv' for command environment
[0.899s] DEBUG:colcon.colcon_core.event_handler.log_command:Invoking command in '/home/manoj/spot_ws/build/spot_navigation': PYTHONPATH=/home/manoj/spot_ws/build/spot_navigation/prefix_override:/usr/lib/python3/dist-packages/colcon_core/task/python/colcon_distutils_commands:/home/manoj/spot_ws/install/spot_navigation/lib/python3.10/site-packages:${PYTHONPATH} /usr/bin/python3 -W ignore:setup.py install is deprecated -W ignore:easy_install command is deprecated setup.py develop --editable --build-directory /home/manoj/spot_ws/build/spot_navigation/build --no-deps symlink_data
[0.899s] DEBUG:colcon.colcon_core.event_handler.log_command:Invoked command in '/home/manoj/spot_ws/build/champ_msgs' returned '0': CMAKE_PREFIX_PATH=/opt/ros/humble /usr/bin/cmake --build /home/manoj/spot_ws/build/champ_msgs -- -j12 -l12
[0.901s] DEBUG:colcon.colcon_core.event_handler.log_command:Invoking command in '/home/manoj/spot_ws/build/champ_msgs': CMAKE_PREFIX_PATH=/opt/ros/humble /usr/bin/cmake --install /home/manoj/spot_ws/build/champ_msgs
[0.987s] Level 1:colcon.colcon_core.environment:create_environment_scripts_only(champ_msgs)
[0.988s] Level 1:colcon.colcon_core.environment:checking '/home/manoj/spot_ws/install/champ_msgs' for CMake module files
[0.988s] DEBUG:colcon.colcon_core.event_handler.log_command:Invoked command in '/home/manoj/spot_ws/build/champ_msgs' returned '0': CMAKE_PREFIX_PATH=/opt/ros/humble /usr/bin/cmake --install /home/manoj/spot_ws/build/champ_msgs
[0.988s] Level 1:colcon.colcon_core.environment:checking '/home/manoj/spot_ws/install/champ_msgs' for CMake config files
[0.989s] Level 1:colcon.colcon_core.shell:create_environment_hook('champ_msgs', 'cmake_prefix_path')
[0.989s] INFO:colcon.colcon_core.shell:Creating environment hook '/home/manoj/spot_ws/install/champ_msgs/share/champ_msgs/hook/cmake_prefix_path.ps1'
[0.989s] INFO:colcon.colcon_core.shell:Creating environment descriptor '/home/manoj/spot_ws/install/champ_msgs/share/champ_msgs/hook/cmake_prefix_path.dsv'
[0.990s] INFO:colcon.colcon_core.shell:Creating environment hook '/home/manoj/spot_ws/install/champ_msgs/share/champ_msgs/hook/cmake_prefix_path.sh'
[0.990s] Level 1:colcon.colcon_core.environment:checking '/home/manoj/spot_ws/install/champ_msgs/lib'
[0.991s] Level 1:colcon.colcon_core.shell:create_environment_hook('champ_msgs', 'ld_library_path_lib')
[0.991s] INFO:colcon.colcon_core.shell:Creating environment hook '/home/manoj/spot_ws/install/champ_msgs/share/champ_msgs/hook/ld_library_path_lib.ps1'
[0.991s] INFO:colcon.colcon_core.shell:Creating environment descriptor '/home/manoj/spot_ws/install/champ_msgs/share/champ_msgs/hook/ld_library_path_lib.dsv'
[0.991s] INFO:colcon.colcon_core.shell:Creating environment hook '/home/manoj/spot_ws/install/champ_msgs/share/champ_msgs/hook/ld_library_path_lib.sh'
[0.992s] Level 1:colcon.colcon_core.environment:checking '/home/manoj/spot_ws/install/champ_msgs/bin'
[0.992s] Level 1:colcon.colcon_core.environment:checking '/home/manoj/spot_ws/install/champ_msgs/lib/pkgconfig/champ_msgs.pc'
[0.992s] Level 1:colcon.colcon_core.environment:checking '/home/manoj/spot_ws/install/champ_msgs/lib/python3.10/site-packages'
[0.992s] Level 1:colcon.colcon_core.environment:checking '/home/manoj/spot_ws/install/champ_msgs/bin'
[0.992s] INFO:colcon.colcon_core.shell:Creating package script '/home/manoj/spot_ws/install/champ_msgs/share/champ_msgs/package.ps1'
[0.993s] INFO:colcon.colcon_core.shell:Creating package descriptor '/home/manoj/spot_ws/install/champ_msgs/share/champ_msgs/package.dsv'
[0.993s] INFO:colcon.colcon_core.shell:Creating package script '/home/manoj/spot_ws/install/champ_msgs/share/champ_msgs/package.sh'
[0.994s] INFO:colcon.colcon_core.shell:Creating package script '/home/manoj/spot_ws/install/champ_msgs/share/champ_msgs/package.bash'
[0.994s] INFO:colcon.colcon_core.shell:Creating package script '/home/manoj/spot_ws/install/champ_msgs/share/champ_msgs/package.zsh'
[0.994s] Level 1:colcon.colcon_core.environment:create_file_with_runtime_dependencies(/home/manoj/spot_ws/install/champ_msgs/share/colcon-core/packages/champ_msgs)
[0.995s] Level 1:colcon.colcon_core.environment:create_environment_scripts_only(champ_msgs)
[0.995s] Level 1:colcon.colcon_core.environment:checking '/home/manoj/spot_ws/install/champ_msgs' for CMake module files
[0.996s] Level 1:colcon.colcon_core.environment:checking '/home/manoj/spot_ws/install/champ_msgs' for CMake config files
[0.996s] Level 1:colcon.colcon_core.shell:create_environment_hook('champ_msgs', 'cmake_prefix_path')
[0.996s] INFO:colcon.colcon_core.shell:Creating environment hook '/home/manoj/spot_ws/install/champ_msgs/share/champ_msgs/hook/cmake_prefix_path.ps1'
[0.997s] INFO:colcon.colcon_core.shell:Creating environment descriptor '/home/manoj/spot_ws/install/champ_msgs/share/champ_msgs/hook/cmake_prefix_path.dsv'
[0.997s] INFO:colcon.colcon_core.shell:Creating environment hook '/home/manoj/spot_ws/install/champ_msgs/share/champ_msgs/hook/cmake_prefix_path.sh'
[0.998s] Level 1:colcon.colcon_core.environment:checking '/home/manoj/spot_ws/install/champ_msgs/lib'
[0.998s] Level 1:colcon.colcon_core.shell:create_environment_hook('champ_msgs', 'ld_library_path_lib')
[0.998s] INFO:colcon.colcon_core.shell:Creating environment hook '/home/manoj/spot_ws/install/champ_msgs/share/champ_msgs/hook/ld_library_path_lib.ps1'
[0.998s] INFO:colcon.colcon_core.shell:Creating environment descriptor '/home/manoj/spot_ws/install/champ_msgs/share/champ_msgs/hook/ld_library_path_lib.dsv'
[0.998s] INFO:colcon.colcon_core.shell:Creating environment hook '/home/manoj/spot_ws/install/champ_msgs/share/champ_msgs/hook/ld_library_path_lib.sh'
[0.999s] Level 1:colcon.colcon_core.environment:checking '/home/manoj/spot_ws/install/champ_msgs/bin'
[0.999s] Level 1:colcon.colcon_core.environment:checking '/home/manoj/spot_ws/install/champ_msgs/lib/pkgconfig/champ_msgs.pc'
[0.999s] Level 1:colcon.colcon_core.environment:checking '/home/manoj/spot_ws/install/champ_msgs/lib/python3.10/site-packages'
[0.999s] Level 1:colcon.colcon_core.environment:checking '/home/manoj/spot_ws/install/champ_msgs/bin'
[0.999s] INFO:colcon.colcon_core.shell:Creating package script '/home/manoj/spot_ws/install/champ_msgs/share/champ_msgs/package.ps1'
[1.000s] INFO:colcon.colcon_core.shell:Creating package descriptor '/home/manoj/spot_ws/install/champ_msgs/share/champ_msgs/package.dsv'
[1.000s] INFO:colcon.colcon_core.shell:Creating package script '/home/manoj/spot_ws/install/champ_msgs/share/champ_msgs/package.sh'
[1.001s] INFO:colcon.colcon_core.shell:Creating package script '/home/manoj/spot_ws/install/champ_msgs/share/champ_msgs/package.bash'
[1.001s] INFO:colcon.colcon_core.shell:Creating package script '/home/manoj/spot_ws/install/champ_msgs/share/champ_msgs/package.zsh'
[1.001s] Level 1:colcon.colcon_core.environment:create_file_with_runtime_dependencies(/home/manoj/spot_ws/install/champ_msgs/share/colcon-core/packages/champ_msgs)
[1.002s] INFO:colcon.colcon_ros.task.ament_cmake.build:Building ROS package in '/home/manoj/spot_ws/src/spot_gazebo/champ_base' with build type 'ament_cmake'
[1.002s] INFO:colcon.colcon_cmake.task.cmake.build:Building CMake package in '/home/manoj/spot_ws/src/spot_gazebo/champ_base'
[1.002s] INFO:colcon.colcon_core.shell:Skip shell extension 'powershell' for command environment: Not usable outside of PowerShell
[1.002s] DEBUG:colcon.colcon_core.shell:Skip shell extension 'dsv' for command environment
[1.012s] DEBUG:colcon.colcon_core.event_handler.log_command:Invoking command in '/home/manoj/spot_ws/build/champ_base': AMENT_PREFIX_PATH=/home/manoj/spot_ws/install/champ_msgs:/home/manoj/spot_ws/install/champ:${AMENT_PREFIX_PATH} CMAKE_PREFIX_PATH=/home/manoj/spot_ws/install/champ_msgs:/home/manoj/spot_ws/install/champ:/opt/ros/humble LD_LIBRARY_PATH=/home/manoj/spot_ws/install/champ_msgs/lib:${LD_LIBRARY_PATH} PYTHONPATH=/home/manoj/spot_ws/install/champ_msgs/local/lib/python3.10/dist-packages:${PYTHONPATH} /usr/bin/cmake --build /home/manoj/spot_ws/build/champ_base -- -j12 -l12
[1.114s] DEBUG:colcon.colcon_core.event_handler.log_command:Invoking command in '/home/manoj/spot_ws/build/spot_bringup': AMENT_PREFIX_PATH=/home/manoj/spot_ws/install/spot_gazebo:/home/manoj/spot_ws/install/spot_description:${AMENT_PREFIX_PATH} CMAKE_PREFIX_PATH=/home/manoj/spot_ws/install/spot_gazebo:/home/manoj/spot_ws/install/spot_description IGN_GAZEBO_PLUGIN_PATH=/home/manoj/spot_ws/install/spot_gazebo/lib/spot_gazebo IGN_GAZEBO_RESOURCE_PATH=/home/manoj/spot_ws/install/spot_gazebo/share/spot_gazebo/worlds:/home/manoj/spot_ws/install/spot_description/share/spot_description/models:${IGN_GAZEBO_RESOURCE_PATH} PYTHONPATH=/home/manoj/spot_ws/build/spot_bringup/prefix_override:/usr/lib/python3/dist-packages/colcon_core/task/python/colcon_distutils_commands:/home/manoj/spot_ws/install/spot_bringup/lib/python3.10/site-packages:${PYTHONPATH} /usr/bin/python3 -W ignore:setup.py install is deprecated -W ignore:easy_install command is deprecated setup.py develop --editable --build-directory /home/manoj/spot_ws/build/spot_bringup/build --no-deps symlink_data
[1.114s] DEBUG:colcon.colcon_core.event_handler.log_command:Invoked command in '/home/manoj/spot_ws/build/champ_base' returned '0': AMENT_PREFIX_PATH=/home/manoj/spot_ws/install/champ_msgs:/home/manoj/spot_ws/install/champ:${AMENT_PREFIX_PATH} CMAKE_PREFIX_PATH=/home/manoj/spot_ws/install/champ_msgs:/home/manoj/spot_ws/install/champ:/opt/ros/humble LD_LIBRARY_PATH=/home/manoj/spot_ws/install/champ_msgs/lib:${LD_LIBRARY_PATH} PYTHONPATH=/home/manoj/spot_ws/install/champ_msgs/local/lib/python3.10/dist-packages:${PYTHONPATH} /usr/bin/cmake --build /home/manoj/spot_ws/build/champ_base -- -j12 -l12
[1.115s] DEBUG:colcon.colcon_core.event_handler.log_command:Invoking command in '/home/manoj/spot_ws/build/champ_base': AMENT_PREFIX_PATH=/home/manoj/spot_ws/install/champ_msgs:/home/manoj/spot_ws/install/champ:${AMENT_PREFIX_PATH} CMAKE_PREFIX_PATH=/home/manoj/spot_ws/install/champ_msgs:/home/manoj/spot_ws/install/champ:/opt/ros/humble LD_LIBRARY_PATH=/home/manoj/spot_ws/install/champ_msgs/lib:${LD_LIBRARY_PATH} PYTHONPATH=/home/manoj/spot_ws/install/champ_msgs/local/lib/python3.10/dist-packages:${PYTHONPATH} /usr/bin/cmake --install /home/manoj/spot_ws/build/champ_base
[1.136s] Level 1:colcon.colcon_core.environment:create_environment_scripts_only(champ_base)
[1.137s] Level 1:colcon.colcon_core.environment:checking '/home/manoj/spot_ws/install/champ_base' for CMake module files
[1.137s] DEBUG:colcon.colcon_core.event_handler.log_command:Invoked command in '/home/manoj/spot_ws/build/champ_base' returned '0': AMENT_PREFIX_PATH=/home/manoj/spot_ws/install/champ_msgs:/home/manoj/spot_ws/install/champ:${AMENT_PREFIX_PATH} CMAKE_PREFIX_PATH=/home/manoj/spot_ws/install/champ_msgs:/home/manoj/spot_ws/install/champ:/opt/ros/humble LD_LIBRARY_PATH=/home/manoj/spot_ws/install/champ_msgs/lib:${LD_LIBRARY_PATH} PYTHONPATH=/home/manoj/spot_ws/install/champ_msgs/local/lib/python3.10/dist-packages:${PYTHONPATH} /usr/bin/cmake --install /home/manoj/spot_ws/build/champ_base
[1.138s] Level 1:colcon.colcon_core.environment:checking '/home/manoj/spot_ws/install/champ_base' for CMake config files
[1.138s] Level 1:colcon.colcon_core.shell:create_environment_hook('champ_base', 'cmake_prefix_path')
[1.138s] INFO:colcon.colcon_core.shell:Creating environment hook '/home/manoj/spot_ws/install/champ_base/share/champ_base/hook/cmake_prefix_path.ps1'
[1.139s] INFO:colcon.colcon_core.shell:Creating environment descriptor '/home/manoj/spot_ws/install/champ_base/share/champ_base/hook/cmake_prefix_path.dsv'
[1.139s] INFO:colcon.colcon_core.shell:Creating environment hook '/home/manoj/spot_ws/install/champ_base/share/champ_base/hook/cmake_prefix_path.sh'
[1.139s] Level 1:colcon.colcon_core.environment:checking '/home/manoj/spot_ws/install/champ_base/lib'
[1.139s] Level 1:colcon.colcon_core.shell:create_environment_hook('champ_base', 'ld_library_path_lib')
[1.140s] INFO:colcon.colcon_core.shell:Creating environment hook '/home/manoj/spot_ws/install/champ_base/share/champ_base/hook/ld_library_path_lib.ps1'
[1.140s] INFO:colcon.colcon_core.shell:Creating environment descriptor '/home/manoj/spot_ws/install/champ_base/share/champ_base/hook/ld_library_path_lib.dsv'
[1.140s] INFO:colcon.colcon_core.shell:Creating environment hook '/home/manoj/spot_ws/install/champ_base/share/champ_base/hook/ld_library_path_lib.sh'
[1.141s] Level 1:colcon.colcon_core.environment:checking '/home/manoj/spot_ws/install/champ_base/bin'
[1.141s] Level 1:colcon.colcon_core.shell:create_environment_hook('champ_base', 'path')
[1.141s] INFO:colcon.colcon_core.shell:Creating environment hook '/home/manoj/spot_ws/install/champ_base/share/champ_base/hook/path.ps1'
[1.141s] INFO:colcon.colcon_core.shell:Creating environment descriptor '/home/manoj/spot_ws/install/champ_base/share/champ_base/hook/path.dsv'
[1.142s] INFO:colcon.colcon_core.shell:Creating environment hook '/home/manoj/spot_ws/install/champ_base/share/champ_base/hook/path.sh'
[1.142s] Level 1:colcon.colcon_core.environment:checking '/home/manoj/spot_ws/install/champ_base/lib/pkgconfig/champ_base.pc'
[1.142s] Level 1:colcon.colcon_core.environment:checking '/home/manoj/spot_ws/install/champ_base/lib/python3.10/site-packages'
[1.142s] Level 1:colcon.colcon_core.environment:checking '/home/manoj/spot_ws/install/champ_base/bin'
[1.143s] Level 1:colcon.colcon_core.shell:create_environment_hook('champ_base', 'pythonscriptspath')
[1.143s] INFO:colcon.colcon_core.shell:Creating environment hook '/home/manoj/spot_ws/install/champ_base/share/champ_base/hook/pythonscriptspath.ps1'
[1.143s] INFO:colcon.colcon_core.shell:Creating environment descriptor '/home/manoj/spot_ws/install/champ_base/share/champ_base/hook/pythonscriptspath.dsv'
[1.143s] INFO:colcon.colcon_core.shell:Creating environment hook '/home/manoj/spot_ws/install/champ_base/share/champ_base/hook/pythonscriptspath.sh'
[1.144s] INFO:colcon.colcon_core.shell:Creating package script '/home/manoj/spot_ws/install/champ_base/share/champ_base/package.ps1'
[1.145s] INFO:colcon.colcon_core.shell:Creating package descriptor '/home/manoj/spot_ws/install/champ_base/share/champ_base/package.dsv'
[1.145s] INFO:colcon.colcon_core.shell:Creating package script '/home/manoj/spot_ws/install/champ_base/share/champ_base/package.sh'
[1.146s] INFO:colcon.colcon_core.shell:Creating package script '/home/manoj/spot_ws/install/champ_base/share/champ_base/package.bash'
[1.146s] INFO:colcon.colcon_core.shell:Creating package script '/home/manoj/spot_ws/install/champ_base/share/champ_base/package.zsh'
[1.146s] Level 1:colcon.colcon_core.environment:create_file_with_runtime_dependencies(/home/manoj/spot_ws/install/champ_base/share/colcon-core/packages/champ_base)
[1.147s] Level 1:colcon.colcon_core.environment:create_environment_scripts_only(champ_base)
[1.147s] Level 1:colcon.colcon_core.environment:checking '/home/manoj/spot_ws/install/champ_base' for CMake module files
[1.148s] Level 1:colcon.colcon_core.environment:checking '/home/manoj/spot_ws/install/champ_base' for CMake config files
[1.148s] Level 1:colcon.colcon_core.shell:create_environment_hook('champ_base', 'cmake_prefix_path')
[1.148s] INFO:colcon.colcon_core.shell:Creating environment hook '/home/manoj/spot_ws/install/champ_base/share/champ_base/hook/cmake_prefix_path.ps1'
[1.148s] INFO:colcon.colcon_core.shell:Creating environment descriptor '/home/manoj/spot_ws/install/champ_base/share/champ_base/hook/cmake_prefix_path.dsv'
[1.149s] INFO:colcon.colcon_core.shell:Creating environment hook '/home/manoj/spot_ws/install/champ_base/share/champ_base/hook/cmake_prefix_path.sh'
[1.149s] Level 1:colcon.colcon_core.environment:checking '/home/manoj/spot_ws/install/champ_base/lib'
[1.149s] Level 1:colcon.colcon_core.shell:create_environment_hook('champ_base', 'ld_library_path_lib')
[1.149s] INFO:colcon.colcon_core.shell:Creating environment hook '/home/manoj/spot_ws/install/champ_base/share/champ_base/hook/ld_library_path_lib.ps1'
[1.150s] INFO:colcon.colcon_core.shell:Creating environment descriptor '/home/manoj/spot_ws/install/champ_base/share/champ_base/hook/ld_library_path_lib.dsv'
[1.150s] INFO:colcon.colcon_core.shell:Creating environment hook '/home/manoj/spot_ws/install/champ_base/share/champ_base/hook/ld_library_path_lib.sh'
[1.150s] Level 1:colcon.colcon_core.environment:checking '/home/manoj/spot_ws/install/champ_base/bin'
[1.150s] Level 1:colcon.colcon_core.shell:create_environment_hook('champ_base', 'path')
[1.151s] INFO:colcon.colcon_core.shell:Creating environment hook '/home/manoj/spot_ws/install/champ_base/share/champ_base/hook/path.ps1'
[1.151s] INFO:colcon.colcon_core.shell:Creating environment descriptor '/home/manoj/spot_ws/install/champ_base/share/champ_base/hook/path.dsv'
[1.151s] INFO:colcon.colcon_core.shell:Creating environment hook '/home/manoj/spot_ws/install/champ_base/share/champ_base/hook/path.sh'
[1.152s] Level 1:colcon.colcon_core.environment:checking '/home/manoj/spot_ws/install/champ_base/lib/pkgconfig/champ_base.pc'
[1.152s] Level 1:colcon.colcon_core.environment:checking '/home/manoj/spot_ws/install/champ_base/lib/python3.10/site-packages'
[1.152s] Level 1:colcon.colcon_core.environment:checking '/home/manoj/spot_ws/install/champ_base/bin'
[1.152s] Level 1:colcon.colcon_core.shell:create_environment_hook('champ_base', 'pythonscriptspath')
[1.152s] INFO:colcon.colcon_core.shell:Creating environment hook '/home/manoj/spot_ws/install/champ_base/share/champ_base/hook/pythonscriptspath.ps1'
[1.153s] INFO:colcon.colcon_core.shell:Creating environment descriptor '/home/manoj/spot_ws/install/champ_base/share/champ_base/hook/pythonscriptspath.dsv'
[1.153s] INFO:colcon.colcon_core.shell:Creating environment hook '/home/manoj/spot_ws/install/champ_base/share/champ_base/hook/pythonscriptspath.sh'
[1.154s] INFO:colcon.colcon_core.shell:Creating package script '/home/manoj/spot_ws/install/champ_base/share/champ_base/package.ps1'
[1.154s] INFO:colcon.colcon_core.shell:Creating package descriptor '/home/manoj/spot_ws/install/champ_base/share/champ_base/package.dsv'
[1.155s] INFO:colcon.colcon_core.shell:Creating package script '/home/manoj/spot_ws/install/champ_base/share/champ_base/package.sh'
[1.155s] INFO:colcon.colcon_core.shell:Creating package script '/home/manoj/spot_ws/install/champ_base/share/champ_base/package.bash'
[1.156s] INFO:colcon.colcon_core.shell:Creating package script '/home/manoj/spot_ws/install/champ_base/share/champ_base/package.zsh'
[1.156s] Level 1:colcon.colcon_core.environment:create_file_with_runtime_dependencies(/home/manoj/spot_ws/install/champ_base/share/colcon-core/packages/champ_base)
[1.156s] INFO:colcon.colcon_ros.task.ament_cmake.build:Building ROS package in '/home/manoj/spot_ws/src/spot_gazebo/champ_config' with build type 'ament_cmake'
[1.156s] INFO:colcon.colcon_cmake.task.cmake.build:Building CMake package in '/home/manoj/spot_ws/src/spot_gazebo/champ_config'
[1.156s] INFO:colcon.colcon_core.shell:Skip shell extension 'powershell' for command environment: Not usable outside of PowerShell
[1.156s] DEBUG:colcon.colcon_core.shell:Skip shell extension 'dsv' for command environment
[1.167s] DEBUG:colcon.colcon_core.event_handler.log_command:Invoking command in '/home/manoj/spot_ws/build/champ_config': AMENT_PREFIX_PATH=/home/manoj/spot_ws/install/champ_base:/home/manoj/spot_ws/install/champ_msgs:/home/manoj/spot_ws/install/champ:${AMENT_PREFIX_PATH} CMAKE_PREFIX_PATH=/home/manoj/spot_ws/install/champ_base:/home/manoj/spot_ws/install/champ_msgs:/home/manoj/spot_ws/install/champ:/opt/ros/humble LD_LIBRARY_PATH=/home/manoj/spot_ws/install/champ_base/lib:/home/manoj/spot_ws/install/champ_msgs/lib:${LD_LIBRARY_PATH} PATH=/home/manoj/spot_ws/install/champ_base/bin:${PATH} PYTHONPATH=/home/manoj/spot_ws/install/champ_msgs/local/lib/python3.10/dist-packages:${PYTHONPATH} /usr/bin/cmake --build /home/manoj/spot_ws/build/champ_config -- -j12 -l12
[1.200s] DEBUG:colcon.colcon_core.event_handler.log_command:Invoked command in '/home/manoj/spot_ws/build/champ_config' returned '0': AMENT_PREFIX_PATH=/home/manoj/spot_ws/install/champ_base:/home/manoj/spot_ws/install/champ_msgs:/home/manoj/spot_ws/install/champ:${AMENT_PREFIX_PATH} CMAKE_PREFIX_PATH=/home/manoj/spot_ws/install/champ_base:/home/manoj/spot_ws/install/champ_msgs:/home/manoj/spot_ws/install/champ:/opt/ros/humble LD_LIBRARY_PATH=/home/manoj/spot_ws/install/champ_base/lib:/home/manoj/spot_ws/install/champ_msgs/lib:${LD_LIBRARY_PATH} PATH=/home/manoj/spot_ws/install/champ_base/bin:${PATH} PYTHONPATH=/home/manoj/spot_ws/install/champ_msgs/local/lib/python3.10/dist-packages:${PYTHONPATH} /usr/bin/cmake --build /home/manoj/spot_ws/build/champ_config -- -j12 -l12
[1.202s] DEBUG:colcon.colcon_core.event_handler.log_command:Invoking command in '/home/manoj/spot_ws/build/champ_config': AMENT_PREFIX_PATH=/home/manoj/spot_ws/install/champ_base:/home/manoj/spot_ws/install/champ_msgs:/home/manoj/spot_ws/install/champ:${AMENT_PREFIX_PATH} CMAKE_PREFIX_PATH=/home/manoj/spot_ws/install/champ_base:/home/manoj/spot_ws/install/champ_msgs:/home/manoj/spot_ws/install/champ:/opt/ros/humble LD_LIBRARY_PATH=/home/manoj/spot_ws/install/champ_base/lib:/home/manoj/spot_ws/install/champ_msgs/lib:${LD_LIBRARY_PATH} PATH=/home/manoj/spot_ws/install/champ_base/bin:${PATH} PYTHONPATH=/home/manoj/spot_ws/install/champ_msgs/local/lib/python3.10/dist-packages:${PYTHONPATH} /usr/bin/cmake --install /home/manoj/spot_ws/build/champ_config
[1.220s] Level 1:colcon.colcon_core.shell:create_environment_hook('spot_navigation', 'pythonpath_develop')
[1.220s] INFO:colcon.colcon_core.shell:Creating environment hook '/home/manoj/spot_ws/build/spot_navigation/share/spot_navigation/hook/pythonpath_develop.ps1'
[1.220s] DEBUG:colcon.colcon_core.event_handler.log_command:Invoked command in '/home/manoj/spot_ws/build/spot_navigation' returned '0': PYTHONPATH=/home/manoj/spot_ws/build/spot_navigation/prefix_override:/usr/lib/python3/dist-packages/colcon_core/task/python/colcon_distutils_commands:/home/manoj/spot_ws/install/spot_navigation/lib/python3.10/site-packages:${PYTHONPATH} /usr/bin/python3 -W ignore:setup.py install is deprecated -W ignore:easy_install command is deprecated setup.py develop --editable --build-directory /home/manoj/spot_ws/build/spot_navigation/build --no-deps symlink_data
[1.221s] INFO:colcon.colcon_core.shell:Creating environment descriptor '/home/manoj/spot_ws/build/spot_navigation/share/spot_navigation/hook/pythonpath_develop.dsv'
[1.221s] INFO:colcon.colcon_core.shell:Creating environment hook '/home/manoj/spot_ws/build/spot_navigation/share/spot_navigation/hook/pythonpath_develop.sh'
[1.222s] Level 1:colcon.colcon_core.environment:checking '/home/manoj/spot_ws/install/spot_navigation' for CMake module files
[1.223s] Level 1:colcon.colcon_core.environment:checking '/home/manoj/spot_ws/install/spot_navigation' for CMake config files
[1.223s] Level 1:colcon.colcon_core.environment:checking '/home/manoj/spot_ws/install/spot_navigation/lib'
[1.223s] Level 1:colcon.colcon_core.environment:checking '/home/manoj/spot_ws/install/spot_navigation/bin'
[1.223s] Level 1:colcon.colcon_core.environment:checking '/home/manoj/spot_ws/install/spot_navigation/lib/pkgconfig/spot_navigation.pc'
[1.224s] Level 1:colcon.colcon_core.environment:checking '/home/manoj/spot_ws/install/spot_navigation/lib/python3.10/site-packages'
[1.224s] Level 1:colcon.colcon_core.shell:create_environment_hook('spot_navigation', 'pythonpath')
[1.224s] INFO:colcon.colcon_core.shell:Creating environment hook '/home/manoj/spot_ws/install/spot_navigation/share/spot_navigation/hook/pythonpath.ps1'
[1.224s] INFO:colcon.colcon_core.shell:Creating environment descriptor '/home/manoj/spot_ws/install/spot_navigation/share/spot_navigation/hook/pythonpath.dsv'
[1.225s] INFO:colcon.colcon_core.shell:Creating environment hook '/home/manoj/spot_ws/install/spot_navigation/share/spot_navigation/hook/pythonpath.sh'
[1.225s] Level 1:colcon.colcon_core.environment:checking '/home/manoj/spot_ws/install/spot_navigation/bin'
[1.225s] Level 1:colcon.colcon_core.environment:create_environment_scripts_only(spot_navigation)
[1.226s] INFO:colcon.colcon_core.shell:Creating package script '/home/manoj/spot_ws/install/spot_navigation/share/spot_navigation/package.ps1'
[1.226s] INFO:colcon.colcon_core.shell:Creating package descriptor '/home/manoj/spot_ws/install/spot_navigation/share/spot_navigation/package.dsv'
[1.226s] INFO:colcon.colcon_core.shell:Creating package script '/home/manoj/spot_ws/install/spot_navigation/share/spot_navigation/package.sh'
[1.227s] INFO:colcon.colcon_core.shell:Creating package script '/home/manoj/spot_ws/install/spot_navigation/share/spot_navigation/package.bash'
[1.227s] INFO:colcon.colcon_core.shell:Creating package script '/home/manoj/spot_ws/install/spot_navigation/share/spot_navigation/package.zsh'
[1.228s] Level 1:colcon.colcon_core.environment:create_file_with_runtime_dependencies(/home/manoj/spot_ws/install/spot_navigation/share/colcon-core/packages/spot_navigation)
[1.228s] Level 1:colcon.colcon_core.environment:create_environment_scripts_only(champ_config)
[1.229s] Level 1:colcon.colcon_core.environment:checking '/home/manoj/spot_ws/install/champ_config' for CMake module files
[1.229s] DEBUG:colcon.colcon_core.event_handler.log_command:Invoked command in '/home/manoj/spot_ws/build/champ_config' returned '0': AMENT_PREFIX_PATH=/home/manoj/spot_ws/install/champ_base:/home/manoj/spot_ws/install/champ_msgs:/home/manoj/spot_ws/install/champ:${AMENT_PREFIX_PATH} CMAKE_PREFIX_PATH=/home/manoj/spot_ws/install/champ_base:/home/manoj/spot_ws/install/champ_msgs:/home/manoj/spot_ws/install/champ:/opt/ros/humble LD_LIBRARY_PATH=/home/manoj/spot_ws/install/champ_base/lib:/home/manoj/spot_ws/install/champ_msgs/lib:${LD_LIBRARY_PATH} PATH=/home/manoj/spot_ws/install/champ_base/bin:${PATH} PYTHONPATH=/home/manoj/spot_ws/install/champ_msgs/local/lib/python3.10/dist-packages:${PYTHONPATH} /usr/bin/cmake --install /home/manoj/spot_ws/build/champ_config
[1.229s] Level 1:colcon.colcon_core.environment:checking '/home/manoj/spot_ws/install/champ_config' for CMake config files
[1.230s] Level 1:colcon.colcon_core.shell:create_environment_hook('champ_config', 'cmake_prefix_path')
[1.230s] INFO:colcon.colcon_core.shell:Creating environment hook '/home/manoj/spot_ws/install/champ_config/share/champ_config/hook/cmake_prefix_path.ps1'
[1.230s] INFO:colcon.colcon_core.shell:Creating environment descriptor '/home/manoj/spot_ws/install/champ_config/share/champ_config/hook/cmake_prefix_path.dsv'
[1.230s] INFO:colcon.colcon_core.shell:Creating environment hook '/home/manoj/spot_ws/install/champ_config/share/champ_config/hook/cmake_prefix_path.sh'
[1.231s] Level 1:colcon.colcon_core.environment:checking '/home/manoj/spot_ws/install/champ_config/bin'
[1.231s] Level 1:colcon.colcon_core.environment:checking '/home/manoj/spot_ws/install/champ_config/lib/pkgconfig/champ_config.pc'
[1.231s] Level 1:colcon.colcon_core.environment:checking '/home/manoj/spot_ws/install/champ_config/lib/python3.10/site-packages'
[1.231s] Level 1:colcon.colcon_core.environment:checking '/home/manoj/spot_ws/install/champ_config/bin'
[1.232s] INFO:colcon.colcon_core.shell:Creating package script '/home/manoj/spot_ws/install/champ_config/share/champ_config/package.ps1'
[1.232s] INFO:colcon.colcon_core.shell:Creating package descriptor '/home/manoj/spot_ws/install/champ_config/share/champ_config/package.dsv'
[1.232s] INFO:colcon.colcon_core.shell:Creating package script '/home/manoj/spot_ws/install/champ_config/share/champ_config/package.sh'
[1.233s] INFO:colcon.colcon_core.shell:Creating package script '/home/manoj/spot_ws/install/champ_config/share/champ_config/package.bash'
[1.233s] INFO:colcon.colcon_core.shell:Creating package script '/home/manoj/spot_ws/install/champ_config/share/champ_config/package.zsh'
[1.233s] Level 1:colcon.colcon_core.environment:create_file_with_runtime_dependencies(/home/manoj/spot_ws/install/champ_config/share/colcon-core/packages/champ_config)
[1.234s] Level 1:colcon.colcon_core.environment:create_environment_scripts_only(champ_config)
[1.234s] Level 1:colcon.colcon_core.environment:checking '/home/manoj/spot_ws/install/champ_config' for CMake module files
[1.234s] Level 1:colcon.colcon_core.environment:checking '/home/manoj/spot_ws/install/champ_config' for CMake config files
[1.234s] Level 1:colcon.colcon_core.shell:create_environment_hook('champ_config', 'cmake_prefix_path')
[1.234s] INFO:colcon.colcon_core.shell:Creating environment hook '/home/manoj/spot_ws/install/champ_config/share/champ_config/hook/cmake_prefix_path.ps1'
[1.234s] INFO:colcon.colcon_core.shell:Creating environment descriptor '/home/manoj/spot_ws/install/champ_config/share/champ_config/hook/cmake_prefix_path.dsv'
[1.235s] INFO:colcon.colcon_core.shell:Creating environment hook '/home/manoj/spot_ws/install/champ_config/share/champ_config/hook/cmake_prefix_path.sh'
[1.235s] Level 1:colcon.colcon_core.environment:checking '/home/manoj/spot_ws/install/champ_config/bin'
[1.235s] Level 1:colcon.colcon_core.environment:checking '/home/manoj/spot_ws/install/champ_config/lib/pkgconfig/champ_config.pc'
[1.235s] Level 1:colcon.colcon_core.environment:checking '/home/manoj/spot_ws/install/champ_config/lib/python3.10/site-packages'
[1.235s] Level 1:colcon.colcon_core.environment:checking '/home/manoj/spot_ws/install/champ_config/bin'
[1.235s] INFO:colcon.colcon_core.shell:Creating package script '/home/manoj/spot_ws/install/champ_config/share/champ_config/package.ps1'
[1.235s] INFO:colcon.colcon_core.shell:Creating package descriptor '/home/manoj/spot_ws/install/champ_config/share/champ_config/package.dsv'
[1.236s] INFO:colcon.colcon_core.shell:Creating package script '/home/manoj/spot_ws/install/champ_config/share/champ_config/package.sh'
[1.236s] INFO:colcon.colcon_core.shell:Creating package script '/home/manoj/spot_ws/install/champ_config/share/champ_config/package.bash'
[1.236s] INFO:colcon.colcon_core.shell:Creating package script '/home/manoj/spot_ws/install/champ_config/share/champ_config/package.zsh'
[1.236s] Level 1:colcon.colcon_core.environment:create_file_with_runtime_dependencies(/home/manoj/spot_ws/install/champ_config/share/colcon-core/packages/champ_config)
[1.394s] Level 1:colcon.colcon_core.shell:create_environment_hook('spot_bringup', 'pythonpath_develop')
[1.394s] INFO:colcon.colcon_core.shell:Creating environment hook '/home/manoj/spot_ws/build/spot_bringup/share/spot_bringup/hook/pythonpath_develop.ps1'
[1.395s] DEBUG:colcon.colcon_core.event_handler.log_command:Invoked command in '/home/manoj/spot_ws/build/spot_bringup' returned '0': AMENT_PREFIX_PATH=/home/manoj/spot_ws/install/spot_gazebo:/home/manoj/spot_ws/install/spot_description:${AMENT_PREFIX_PATH} CMAKE_PREFIX_PATH=/home/manoj/spot_ws/install/spot_gazebo:/home/manoj/spot_ws/install/spot_description IGN_GAZEBO_PLUGIN_PATH=/home/manoj/spot_ws/install/spot_gazebo/lib/spot_gazebo IGN_GAZEBO_RESOURCE_PATH=/home/manoj/spot_ws/install/spot_gazebo/share/spot_gazebo/worlds:/home/manoj/spot_ws/install/spot_description/share/spot_description/models:${IGN_GAZEBO_RESOURCE_PATH} PYTHONPATH=/home/manoj/spot_ws/build/spot_bringup/prefix_override:/usr/lib/python3/dist-packages/colcon_core/task/python/colcon_distutils_commands:/home/manoj/spot_ws/install/spot_bringup/lib/python3.10/site-packages:${PYTHONPATH} /usr/bin/python3 -W ignore:setup.py install is deprecated -W ignore:easy_install command is deprecated setup.py develop --editable --build-directory /home/manoj/spot_ws/build/spot_bringup/build --no-deps symlink_data
[1.395s] INFO:colcon.colcon_core.shell:Creating environment descriptor '/home/manoj/spot_ws/build/spot_bringup/share/spot_bringup/hook/pythonpath_develop.dsv'
[1.396s] INFO:colcon.colcon_core.shell:Creating environment hook '/home/manoj/spot_ws/build/spot_bringup/share/spot_bringup/hook/pythonpath_develop.sh'
[1.396s] Level 1:colcon.colcon_core.environment:checking '/home/manoj/spot_ws/install/spot_bringup' for CMake module files
[1.396s] Level 1:colcon.colcon_core.environment:checking '/home/manoj/spot_ws/install/spot_bringup' for CMake config files
[1.397s] Level 1:colcon.colcon_core.environment:checking '/home/manoj/spot_ws/install/spot_bringup/lib'
[1.397s] Level 1:colcon.colcon_core.environment:checking '/home/manoj/spot_ws/install/spot_bringup/bin'
[1.397s] Level 1:colcon.colcon_core.environment:checking '/home/manoj/spot_ws/install/spot_bringup/lib/pkgconfig/spot_bringup.pc'
[1.397s] Level 1:colcon.colcon_core.environment:checking '/home/manoj/spot_ws/install/spot_bringup/lib/python3.10/site-packages'
[1.397s] Level 1:colcon.colcon_core.shell:create_environment_hook('spot_bringup', 'pythonpath')
[1.397s] INFO:colcon.colcon_core.shell:Creating environment hook '/home/manoj/spot_ws/install/spot_bringup/share/spot_bringup/hook/pythonpath.ps1'
[1.398s] INFO:colcon.colcon_core.shell:Creating environment descriptor '/home/manoj/spot_ws/install/spot_bringup/share/spot_bringup/hook/pythonpath.dsv'
[1.398s] INFO:colcon.colcon_core.shell:Creating environment hook '/home/manoj/spot_ws/install/spot_bringup/share/spot_bringup/hook/pythonpath.sh'
[1.398s] Level 1:colcon.colcon_core.environment:checking '/home/manoj/spot_ws/install/spot_bringup/bin'
[1.398s] Level 1:colcon.colcon_core.environment:create_environment_scripts_only(spot_bringup)
[1.398s] INFO:colcon.colcon_core.shell:Creating package script '/home/manoj/spot_ws/install/spot_bringup/share/spot_bringup/package.ps1'
[1.399s] INFO:colcon.colcon_core.shell:Creating package descriptor '/home/manoj/spot_ws/install/spot_bringup/share/spot_bringup/package.dsv'
[1.399s] INFO:colcon.colcon_core.shell:Creating package script '/home/manoj/spot_ws/install/spot_bringup/share/spot_bringup/package.sh'
[1.399s] INFO:colcon.colcon_core.shell:Creating package script '/home/manoj/spot_ws/install/spot_bringup/share/spot_bringup/package.bash'
[1.399s] INFO:colcon.colcon_core.shell:Creating package script '/home/manoj/spot_ws/install/spot_bringup/share/spot_bringup/package.zsh'
[1.400s] Level 1:colcon.colcon_core.environment:create_file_with_runtime_dependencies(/home/manoj/spot_ws/install/spot_bringup/share/colcon-core/packages/spot_bringup)
[1.400s] DEBUG:colcon.colcon_parallel_executor.executor.parallel:closing loop
[1.400s] DEBUG:colcon.colcon_parallel_executor.executor.parallel:loop closed
[1.400s] DEBUG:colcon.colcon_parallel_executor.executor.parallel:run_until_complete finished with '0'
[1.400s] DEBUG:colcon.colcon_core.event_reactor:joining thread
[1.404s] INFO:colcon.colcon_core.plugin_system:Skipping extension 'colcon_notification.desktop_notification.terminal_notifier': Not used on non-Darwin systems
[1.404s] INFO:colcon.colcon_core.plugin_system:Skipping extension 'colcon_notification.desktop_notification.win32': Not used on non-Windows systems
[1.404s] INFO:colcon.colcon_notification.desktop_notification:Sending desktop notification using 'notify2'
[1.418s] DEBUG:colcon.colcon_core.event_reactor:joined thread
[1.419s] INFO:colcon.colcon_core.shell:Creating prefix script '/home/manoj/spot_ws/install/local_setup.ps1'
[1.419s] INFO:colcon.colcon_core.shell:Creating prefix util module '/home/manoj/spot_ws/install/_local_setup_util_ps1.py'
[1.421s] INFO:colcon.colcon_core.shell:Creating prefix chain script '/home/manoj/spot_ws/install/setup.ps1'
[1.421s] INFO:colcon.colcon_core.shell:Creating prefix script '/home/manoj/spot_ws/install/local_setup.sh'
[1.422s] INFO:colcon.colcon_core.shell:Creating prefix util module '/home/manoj/spot_ws/install/_local_setup_util_sh.py'
[1.422s] INFO:colcon.colcon_core.shell:Creating prefix chain script '/home/manoj/spot_ws/install/setup.sh'
[1.423s] INFO:colcon.colcon_core.shell:Creating prefix script '/home/manoj/spot_ws/install/local_setup.bash'
[1.424s] INFO:colcon.colcon_core.shell:Creating prefix chain script '/home/manoj/spot_ws/install/setup.bash'
[1.424s] INFO:colcon.colcon_core.shell:Creating prefix script '/home/manoj/spot_ws/install/local_setup.zsh'
[1.424s] INFO:colcon.colcon_core.shell:Creating prefix chain script '/home/manoj/spot_ws/install/setup.zsh'
