[0.506s] Invoking command in '/home/manoj/spot_ws/src/spot_gazebo/spot_navigation': PYTHONPATH=/home/manoj/spot_ws/build/spot_navigation/prefix_override:/usr/lib/python3/dist-packages/colcon_core/task/python/colcon_distutils_commands:/home/manoj/spot_ws/install/spot_navigation/lib/python3.10/site-packages:${PYTHONPATH} /usr/bin/python3 -W ignore:setup.py install is deprecated -W ignore:easy_install command is deprecated setup.py egg_info --egg-base ../../../build/spot_navigation build --build-base /home/manoj/spot_ws/build/spot_navigation/build install --record /home/manoj/spot_ws/build/spot_navigation/install.log --single-version-externally-managed install_data
[0.660s] running egg_info
[0.660s] writing ../../../build/spot_navigation/spot_navigation.egg-info/PKG-INFO
[0.660s] writing dependency_links to ../../../build/spot_navigation/spot_navigation.egg-info/dependency_links.txt
[0.660s] writing entry points to ../../../build/spot_navigation/spot_navigation.egg-info/entry_points.txt
[0.660s] writing requirements to ../../../build/spot_navigation/spot_navigation.egg-info/requires.txt
[0.660s] writing top-level names to ../../../build/spot_navigation/spot_navigation.egg-info/top_level.txt
[0.661s] reading manifest file '../../../build/spot_navigation/spot_navigation.egg-info/SOURCES.txt'
[0.662s] writing manifest file '../../../build/spot_navigation/spot_navigation.egg-info/SOURCES.txt'
[0.662s] running build
[0.662s] running build_py
[0.662s] running install
[0.662s] running install_lib
[0.662s] running install_data
[0.662s] running install_egg_info
[0.664s] removing '/home/manoj/spot_ws/install/spot_navigation/lib/python3.10/site-packages/spot_navigation-0.0.0-py3.10.egg-info' (and everything under it)
[0.664s] Copying ../../../build/spot_navigation/spot_navigation.egg-info to /home/manoj/spot_ws/install/spot_navigation/lib/python3.10/site-packages/spot_navigation-0.0.0-py3.10.egg-info
[0.664s] running install_scripts
[0.678s] writing list of installed files to '/home/manoj/spot_ws/build/spot_navigation/install.log'
[0.695s] Invoked command in '/home/manoj/spot_ws/src/spot_gazebo/spot_navigation' returned '0': PYTHONPATH=/home/manoj/spot_ws/build/spot_navigation/prefix_override:/usr/lib/python3/dist-packages/colcon_core/task/python/colcon_distutils_commands:/home/manoj/spot_ws/install/spot_navigation/lib/python3.10/site-packages:${PYTHONPATH} /usr/bin/python3 -W ignore:setup.py install is deprecated -W ignore:easy_install command is deprecated setup.py egg_info --egg-base ../../../build/spot_navigation build --build-base /home/manoj/spot_ws/build/spot_navigation/build install --record /home/manoj/spot_ws/build/spot_navigation/install.log --single-version-externally-managed install_data
