[0.014s] Invoking command in '/home/manoj/spot_ws/build/champ_base': AMENT_PREFIX_PATH=/home/manoj/spot_ws/install/champ_msgs:/home/manoj/spot_ws/install/champ:${AMENT_PREFIX_PATH} CMAKE_PREFIX_PATH=/home/manoj/spot_ws/install/champ_msgs:/home/manoj/spot_ws/install/champ:/opt/ros/humble LD_LIBRARY_PATH=/home/manoj/spot_ws/install/champ_msgs/lib:${LD_LIBRARY_PATH} PYTHONPATH=/home/manoj/spot_ws/install/champ_msgs/local/lib/python3.10/dist-packages:${PYTHONPATH} /usr/bin/cmake --build /home/manoj/spot_ws/build/champ_base -- -j12 -l12
[0.076s] [ 16%] Built target message_relay
[0.077s] [ 33%] Built target quadruped_controller
[0.079s] [ 50%] Built target state_estimation
[0.107s] [ 66%] Built target quadruped_controller_node
[0.108s] [ 83%] Built target state_estimation_node
[0.109s] [100%] Built target message_relay_node
[0.384s] Invoked command in '/home/manoj/spot_ws/build/champ_base' returned '0': AMENT_PREFIX_PATH=/home/manoj/spot_ws/install/champ_msgs:/home/manoj/spot_ws/install/champ:${AMENT_PREFIX_PATH} CMAKE_PREFIX_PATH=/home/manoj/spot_ws/install/champ_msgs:/home/manoj/spot_ws/install/champ:/opt/ros/humble LD_LIBRARY_PATH=/home/manoj/spot_ws/install/champ_msgs/lib:${LD_LIBRARY_PATH} PYTHONPATH=/home/manoj/spot_ws/install/champ_msgs/local/lib/python3.10/dist-packages:${PYTHONPATH} /usr/bin/cmake --build /home/manoj/spot_ws/build/champ_base -- -j12 -l12
[0.386s] Invoking command in '/home/manoj/spot_ws/build/champ_base': AMENT_PREFIX_PATH=/home/manoj/spot_ws/install/champ_msgs:/home/manoj/spot_ws/install/champ:${AMENT_PREFIX_PATH} CMAKE_PREFIX_PATH=/home/manoj/spot_ws/install/champ_msgs:/home/manoj/spot_ws/install/champ:/opt/ros/humble LD_LIBRARY_PATH=/home/manoj/spot_ws/install/champ_msgs/lib:${LD_LIBRARY_PATH} PYTHONPATH=/home/manoj/spot_ws/install/champ_msgs/local/lib/python3.10/dist-packages:${PYTHONPATH} /usr/bin/cmake --install /home/manoj/spot_ws/build/champ_base
[0.397s] -- Install configuration: ""
[0.397s] -- Execute custom install script
[0.398s] -- Up-to-date symlink: /home/manoj/spot_ws/install/champ_base/share/champ_base/config/ekf/base_to_footprint.yaml
[0.398s] -- Up-to-date symlink: /home/manoj/spot_ws/install/champ_base/share/champ_base/config/ekf/footprint_to_odom.yaml
[0.398s] -- Up-to-date symlink: /home/manoj/spot_ws/install/champ_base/share/champ_base/config/velocity_smoother/velocity_smoother.yaml
[0.398s] -- Up-to-date symlink: /home/manoj/spot_ws/install/champ_base/lib/libquadruped_controller.so
[0.399s] -- Up-to-date symlink: /home/manoj/spot_ws/install/champ_base/bin/quadruped_controller_node
[0.399s] -- Up-to-date symlink: /home/manoj/spot_ws/install/champ_base/lib/libmessage_relay.so
[0.399s] -- Up-to-date symlink: /home/manoj/spot_ws/install/champ_base/bin/message_relay_node
[0.399s] -- Up-to-date symlink: /home/manoj/spot_ws/install/champ_base/lib/libstate_estimation.so
[0.399s] -- Up-to-date symlink: /home/manoj/spot_ws/install/champ_base/bin/state_estimation_node
[0.399s] -- Up-to-date symlink: /home/manoj/spot_ws/install/champ_base/lib/champ_base/quadruped_controller_node
[0.400s] -- Up-to-date symlink: /home/manoj/spot_ws/install/champ_base/lib/champ_base/message_relay_node
[0.400s] -- Up-to-date symlink: /home/manoj/spot_ws/install/champ_base/lib/champ_base/state_estimation_node
[0.400s] -- Up-to-date symlink: /home/manoj/spot_ws/install/champ_base/share/ament_index/resource_index/package_run_dependencies/champ_base
[0.400s] -- Up-to-date symlink: /home/manoj/spot_ws/install/champ_base/share/ament_index/resource_index/parent_prefix_path/champ_base
[0.400s] -- Up-to-date symlink: /home/manoj/spot_ws/install/champ_base/share/champ_base/environment/ament_prefix_path.sh
[0.401s] -- Up-to-date symlink: /home/manoj/spot_ws/install/champ_base/share/champ_base/environment/ament_prefix_path.dsv
[0.401s] -- Up-to-date symlink: /home/manoj/spot_ws/install/champ_base/share/champ_base/environment/path.sh
[0.401s] -- Up-to-date symlink: /home/manoj/spot_ws/install/champ_base/share/champ_base/environment/path.dsv
[0.401s] -- Up-to-date symlink: /home/manoj/spot_ws/install/champ_base/share/champ_base/local_setup.bash
[0.401s] -- Up-to-date symlink: /home/manoj/spot_ws/install/champ_base/share/champ_base/local_setup.sh
[0.401s] -- Up-to-date symlink: /home/manoj/spot_ws/install/champ_base/share/champ_base/local_setup.zsh
[0.401s] -- Up-to-date symlink: /home/manoj/spot_ws/install/champ_base/share/champ_base/local_setup.dsv
[0.402s] -- Symlinking: /home/manoj/spot_ws/install/champ_base/share/champ_base/package.dsv
[0.414s] -- Up-to-date symlink: /home/manoj/spot_ws/install/champ_base/share/ament_index/resource_index/packages/champ_base
[0.414s] -- Up-to-date symlink: /home/manoj/spot_ws/install/champ_base/share/champ_base/cmake/ament_cmake_export_include_directories-extras.cmake
[0.414s] -- Up-to-date symlink: /home/manoj/spot_ws/install/champ_base/share/champ_base/cmake/ament_cmake_export_dependencies-extras.cmake
[0.414s] -- Up-to-date symlink: /home/manoj/spot_ws/install/champ_base/share/champ_base/cmake/champ_baseConfig.cmake
[0.414s] -- Up-to-date symlink: /home/manoj/spot_ws/install/champ_base/share/champ_base/cmake/champ_baseConfig-version.cmake
[0.415s] -- Up-to-date symlink: /home/manoj/spot_ws/install/champ_base/share/champ_base/package.xml
[0.417s] Invoked command in '/home/manoj/spot_ws/build/champ_base' returned '0': AMENT_PREFIX_PATH=/home/manoj/spot_ws/install/champ_msgs:/home/manoj/spot_ws/install/champ:${AMENT_PREFIX_PATH} CMAKE_PREFIX_PATH=/home/manoj/spot_ws/install/champ_msgs:/home/manoj/spot_ws/install/champ:/opt/ros/humble LD_LIBRARY_PATH=/home/manoj/spot_ws/install/champ_msgs/lib:${LD_LIBRARY_PATH} PYTHONPATH=/home/manoj/spot_ws/install/champ_msgs/local/lib/python3.10/dist-packages:${PYTHONPATH} /usr/bin/cmake --install /home/manoj/spot_ws/build/champ_base
