[0.010s] Invoking command in '/home/manoj/spot_ws/build/champ_config': CMAKE_PREFIX_PATH=/home/manoj/spot_ws/install/champ_base:/home/manoj/spot_ws/install/champ_msgs:/home/manoj/spot_ws/install/champ:/home/manoj/spot_ws/install/spot_gazebo:/home/manoj/spot_ws/install/spot_description:/home/manoj/spot_ws/install/champ_config:/home/manoj/spot_ws/install/spot_navigation:/home/manoj/spot_ws/install/spot_bringup:/opt/ros/humble /usr/bin/cmake --build /home/manoj/spot_ws/build/champ_config -- -j12 -l12
[0.042s] Invoked command in '/home/manoj/spot_ws/build/champ_config' returned '0': CMAKE_PREFIX_PATH=/home/manoj/spot_ws/install/champ_base:/home/manoj/spot_ws/install/champ_msgs:/home/manoj/spot_ws/install/champ:/home/manoj/spot_ws/install/spot_gazebo:/home/manoj/spot_ws/install/spot_description:/home/manoj/spot_ws/install/champ_config:/home/manoj/spot_ws/install/spot_navigation:/home/manoj/spot_ws/install/spot_bringup:/opt/ros/humble /usr/bin/cmake --build /home/manoj/spot_ws/build/champ_config -- -j12 -l12
[0.044s] Invoking command in '/home/manoj/spot_ws/build/champ_config': CMAKE_PREFIX_PATH=/home/manoj/spot_ws/install/champ_base:/home/manoj/spot_ws/install/champ_msgs:/home/manoj/spot_ws/install/champ:/home/manoj/spot_ws/install/spot_gazebo:/home/manoj/spot_ws/install/spot_description:/home/manoj/spot_ws/install/champ_config:/home/manoj/spot_ws/install/spot_navigation:/home/manoj/spot_ws/install/spot_bringup:/opt/ros/humble /usr/bin/cmake --install /home/manoj/spot_ws/build/champ_config
[0.049s] -- Install configuration: ""
[0.049s] -- Execute custom install script
[0.050s] -- Up-to-date symlink: /home/manoj/spot_ws/install/champ_config/share/champ_config/config/gait/gait.yaml
[0.050s] -- Up-to-date symlink: /home/manoj/spot_ws/install/champ_config/share/champ_config/config/joints/joints.yaml
[0.050s] -- Up-to-date symlink: /home/manoj/spot_ws/install/champ_config/share/champ_config/config/links/links.yaml
[0.050s] -- Up-to-date symlink: /home/manoj/spot_ws/install/champ_config/share/ament_index/resource_index/package_run_dependencies/champ_config
[0.050s] -- Up-to-date symlink: /home/manoj/spot_ws/install/champ_config/share/ament_index/resource_index/parent_prefix_path/champ_config
[0.050s] -- Up-to-date symlink: /home/manoj/spot_ws/install/champ_config/share/champ_config/environment/ament_prefix_path.sh
[0.050s] -- Up-to-date symlink: /home/manoj/spot_ws/install/champ_config/share/champ_config/environment/ament_prefix_path.dsv
[0.050s] -- Up-to-date symlink: /home/manoj/spot_ws/install/champ_config/share/champ_config/environment/path.sh
[0.051s] -- Up-to-date symlink: /home/manoj/spot_ws/install/champ_config/share/champ_config/environment/path.dsv
[0.051s] -- Up-to-date symlink: /home/manoj/spot_ws/install/champ_config/share/champ_config/local_setup.bash
[0.051s] -- Up-to-date symlink: /home/manoj/spot_ws/install/champ_config/share/champ_config/local_setup.sh
[0.051s] -- Up-to-date symlink: /home/manoj/spot_ws/install/champ_config/share/champ_config/local_setup.zsh
[0.051s] -- Up-to-date symlink: /home/manoj/spot_ws/install/champ_config/share/champ_config/local_setup.dsv
[0.051s] -- Symlinking: /home/manoj/spot_ws/install/champ_config/share/champ_config/package.dsv
[0.056s] -- Up-to-date symlink: /home/manoj/spot_ws/install/champ_config/share/ament_index/resource_index/packages/champ_config
[0.056s] -- Up-to-date symlink: /home/manoj/spot_ws/install/champ_config/share/champ_config/cmake/champ_configConfig.cmake
[0.056s] -- Up-to-date symlink: /home/manoj/spot_ws/install/champ_config/share/champ_config/cmake/champ_configConfig-version.cmake
[0.056s] -- Up-to-date symlink: /home/manoj/spot_ws/install/champ_config/share/champ_config/package.xml
[0.058s] Invoked command in '/home/manoj/spot_ws/build/champ_config' returned '0': CMAKE_PREFIX_PATH=/home/manoj/spot_ws/install/champ_base:/home/manoj/spot_ws/install/champ_msgs:/home/manoj/spot_ws/install/champ:/home/manoj/spot_ws/install/spot_gazebo:/home/manoj/spot_ws/install/spot_description:/home/manoj/spot_ws/install/champ_config:/home/manoj/spot_ws/install/spot_navigation:/home/manoj/spot_ws/install/spot_bringup:/opt/ros/humble /usr/bin/cmake --install /home/manoj/spot_ws/build/champ_config
