/home/manoj/spot_ws/install/spot_navigation/lib/python3.10/site-packages/spot_navigation/__init__.py
/home/manoj/spot_ws/install/spot_navigation/lib/python3.10/site-packages/spot_navigation/__pycache__/__init__.cpython-310.pyc
/home/manoj/spot_ws/install/spot_navigation/share/ament_index/resource_index/packages/spot_navigation
/home/manoj/spot_ws/install/spot_navigation/share/spot_navigation/package.xml
/home/manoj/spot_ws/install/spot_navigation/share/spot_navigation/launch/AMCL_localization.launch.py
/home/manoj/spot_ws/install/spot_navigation/share/spot_navigation/launch/slam_toolbox_online_async.launch.py
/home/manoj/spot_ws/install/spot_navigation/share/spot_navigation/launch/dlo.mapping.launch.py
/home/manoj/spot_ws/install/spot_navigation/share/spot_navigation/launch/dlo.launch.py
/home/manoj/spot_ws/install/spot_navigation/share/spot_navigation/launch/lidar_localization.launch.py
/home/manoj/spot_ws/install/spot_navigation/share/spot_navigation/config/dlo.yaml
/home/manoj/spot_ws/install/spot_navigation/share/spot_navigation/config/localization.yaml
/home/manoj/spot_ws/install/spot_navigation/share/spot_navigation/config/nav2_params.yaml
/home/manoj/spot_ws/install/spot_navigation/share/spot_navigation/config/mapper_params_online_async.yaml
/home/manoj/spot_ws/install/spot_navigation/share/spot_navigation/config/spot_nav.rviz
/home/manoj/spot_ws/install/spot_navigation/share/spot_navigation/config/dlo.rviz
/home/manoj/spot_ws/install/spot_navigation/lib/python3.10/site-packages/spot_navigation-0.0.0-py3.10.egg-info/PKG-INFO
/home/manoj/spot_ws/install/spot_navigation/lib/python3.10/site-packages/spot_navigation-0.0.0-py3.10.egg-info/SOURCES.txt
/home/manoj/spot_ws/install/spot_navigation/lib/python3.10/site-packages/spot_navigation-0.0.0-py3.10.egg-info/dependency_links.txt
/home/manoj/spot_ws/install/spot_navigation/lib/python3.10/site-packages/spot_navigation-0.0.0-py3.10.egg-info/requires.txt
/home/manoj/spot_ws/install/spot_navigation/lib/python3.10/site-packages/spot_navigation-0.0.0-py3.10.egg-info/entry_points.txt
/home/manoj/spot_ws/install/spot_navigation/lib/python3.10/site-packages/spot_navigation-0.0.0-py3.10.egg-info/zip-safe
/home/manoj/spot_ws/install/spot_navigation/lib/python3.10/site-packages/spot_navigation-0.0.0-py3.10.egg-info/top_level.txt
