[0.012s] Invoking command in '/home/manoj/spot_ws/build/champ_config': AMENT_PREFIX_PATH=/home/manoj/spot_ws/install/champ_base:/home/manoj/spot_ws/install/champ_msgs:/home/manoj/spot_ws/install/champ:${AMENT_PREFIX_PATH} CMAKE_PREFIX_PATH=/home/manoj/spot_ws/install/champ_base:/home/manoj/spot_ws/install/champ_msgs:/home/manoj/spot_ws/install/champ:/opt/ros/humble LD_LIBRARY_PATH=/home/manoj/spot_ws/install/champ_base/lib:/home/manoj/spot_ws/install/champ_msgs/lib:${LD_LIBRARY_PATH} PATH=/home/manoj/spot_ws/install/champ_base/bin:${PATH} PYTHONPATH=/home/manoj/spot_ws/install/champ_msgs/local/lib/python3.10/dist-packages:${PYTHONPATH} /usr/bin/cmake --build /home/manoj/spot_ws/build/champ_config -- -j12 -l12
[0.049s] Invoked command in '/home/manoj/spot_ws/build/champ_config' returned '0': AMENT_PREFIX_PATH=/home/manoj/spot_ws/install/champ_base:/home/manoj/spot_ws/install/champ_msgs:/home/manoj/spot_ws/install/champ:${AMENT_PREFIX_PATH} CMAKE_PREFIX_PATH=/home/manoj/spot_ws/install/champ_base:/home/manoj/spot_ws/install/champ_msgs:/home/manoj/spot_ws/install/champ:/opt/ros/humble LD_LIBRARY_PATH=/home/manoj/spot_ws/install/champ_base/lib:/home/manoj/spot_ws/install/champ_msgs/lib:${LD_LIBRARY_PATH} PATH=/home/manoj/spot_ws/install/champ_base/bin:${PATH} PYTHONPATH=/home/manoj/spot_ws/install/champ_msgs/local/lib/python3.10/dist-packages:${PYTHONPATH} /usr/bin/cmake --build /home/manoj/spot_ws/build/champ_config -- -j12 -l12
[0.051s] Invoking command in '/home/manoj/spot_ws/build/champ_config': AMENT_PREFIX_PATH=/home/manoj/spot_ws/install/champ_base:/home/manoj/spot_ws/install/champ_msgs:/home/manoj/spot_ws/install/champ:${AMENT_PREFIX_PATH} CMAKE_PREFIX_PATH=/home/manoj/spot_ws/install/champ_base:/home/manoj/spot_ws/install/champ_msgs:/home/manoj/spot_ws/install/champ:/opt/ros/humble LD_LIBRARY_PATH=/home/manoj/spot_ws/install/champ_base/lib:/home/manoj/spot_ws/install/champ_msgs/lib:${LD_LIBRARY_PATH} PATH=/home/manoj/spot_ws/install/champ_base/bin:${PATH} PYTHONPATH=/home/manoj/spot_ws/install/champ_msgs/local/lib/python3.10/dist-packages:${PYTHONPATH} /usr/bin/cmake --install /home/manoj/spot_ws/build/champ_config
[0.058s] -- Install configuration: ""
[0.058s] -- Execute custom install script
[0.059s] -- Up-to-date symlink: /home/manoj/spot_ws/install/champ_config/share/champ_config/config/gait/gait.yaml
[0.060s] -- Up-to-date symlink: /home/manoj/spot_ws/install/champ_config/share/champ_config/config/joints/joints.yaml
[0.060s] -- Up-to-date symlink: /home/manoj/spot_ws/install/champ_config/share/champ_config/config/links/links.yaml
[0.060s] -- Up-to-date symlink: /home/manoj/spot_ws/install/champ_config/share/ament_index/resource_index/package_run_dependencies/champ_config
[0.060s] -- Up-to-date symlink: /home/manoj/spot_ws/install/champ_config/share/ament_index/resource_index/parent_prefix_path/champ_config
[0.060s] -- Up-to-date symlink: /home/manoj/spot_ws/install/champ_config/share/champ_config/environment/ament_prefix_path.sh
[0.061s] -- Up-to-date symlink: /home/manoj/spot_ws/install/champ_config/share/champ_config/environment/ament_prefix_path.dsv
[0.061s] -- Up-to-date symlink: /home/manoj/spot_ws/install/champ_config/share/champ_config/environment/path.sh
[0.061s] -- Up-to-date symlink: /home/manoj/spot_ws/install/champ_config/share/champ_config/environment/path.dsv
[0.061s] -- Up-to-date symlink: /home/manoj/spot_ws/install/champ_config/share/champ_config/local_setup.bash
[0.061s] -- Up-to-date symlink: /home/manoj/spot_ws/install/champ_config/share/champ_config/local_setup.sh
[0.061s] -- Up-to-date symlink: /home/manoj/spot_ws/install/champ_config/share/champ_config/local_setup.zsh
[0.062s] -- Up-to-date symlink: /home/manoj/spot_ws/install/champ_config/share/champ_config/local_setup.dsv
[0.062s] -- Symlinking: /home/manoj/spot_ws/install/champ_config/share/champ_config/package.dsv
[0.070s] -- Up-to-date symlink: /home/manoj/spot_ws/install/champ_config/share/ament_index/resource_index/packages/champ_config
[0.070s] -- Up-to-date symlink: /home/manoj/spot_ws/install/champ_config/share/champ_config/cmake/champ_configConfig.cmake
[0.070s] -- Up-to-date symlink: /home/manoj/spot_ws/install/champ_config/share/champ_config/cmake/champ_configConfig-version.cmake
[0.070s] -- Up-to-date symlink: /home/manoj/spot_ws/install/champ_config/share/champ_config/package.xml
[0.072s] Invoked command in '/home/manoj/spot_ws/build/champ_config' returned '0': AMENT_PREFIX_PATH=/home/manoj/spot_ws/install/champ_base:/home/manoj/spot_ws/install/champ_msgs:/home/manoj/spot_ws/install/champ:${AMENT_PREFIX_PATH} CMAKE_PREFIX_PATH=/home/manoj/spot_ws/install/champ_base:/home/manoj/spot_ws/install/champ_msgs:/home/manoj/spot_ws/install/champ:/opt/ros/humble LD_LIBRARY_PATH=/home/manoj/spot_ws/install/champ_base/lib:/home/manoj/spot_ws/install/champ_msgs/lib:${LD_LIBRARY_PATH} PATH=/home/manoj/spot_ws/install/champ_base/bin:${PATH} PYTHONPATH=/home/manoj/spot_ws/install/champ_msgs/local/lib/python3.10/dist-packages:${PYTHONPATH} /usr/bin/cmake --install /home/manoj/spot_ws/build/champ_config
