[0.107s] DEBUG:colcon:Command line arguments: ['/usr/bin/colcon', 'build']
[0.107s] DEBUG:colcon:Parsed command line arguments: Namespace(log_base=None, log_level=None, verb_name='build', build_base='build', install_base='install', merge_install=False, symlink_install=False, test_result_base=None, continue_on_error=False, executor='parallel', parallel_workers=12, event_handlers=None, ignore_user_meta=False, metas=['./colcon.meta'], base_paths=['.'], packages_ignore=None, packages_ignore_regex=None, paths=None, packages_up_to=None, packages_up_to_regex=None, packages_above=None, packages_above_and_dependencies=None, packages_above_depth=None, packages_select_by_dep=None, packages_skip_by_dep=None, packages_skip_up_to=None, packages_select_build_failed=False, packages_skip_build_finished=False, packages_select_test_failures=False, packages_skip_test_passed=False, packages_select=None, packages_skip=None, packages_select_regex=None, packages_skip_regex=None, packages_start=None, packages_end=None, allow_overriding=[], cmake_args=None, cmake_target=None, cmake_target_skip_unavailable=False, cmake_clean_cache=False, cmake_clean_first=False, cmake_force_configure=False, ament_cmake_args=None, catkin_cmake_args=None, catkin_skip_building_tests=False, mixin_files=None, mixin=None, verb_parser=<colcon_mixin.mixin.mixin_argument.MixinArgumentDecorator object at 0x76185ed761a0>, verb_extension=<colcon_core.verb.build.BuildVerb object at 0x76185ed75ae0>, main=<bound method BuildVerb.main of <colcon_core.verb.build.BuildVerb object at 0x76185ed75ae0>>, mixin_verb=('build',))
[0.284s] Level 1:colcon.colcon_core.package_discovery:discover_packages(colcon_meta) check parameters
[0.284s] Level 1:colcon.colcon_core.package_discovery:discover_packages(recursive) check parameters
[0.285s] Level 1:colcon.colcon_core.package_discovery:discover_packages(ignore) check parameters
[0.285s] Level 1:colcon.colcon_core.package_discovery:discover_packages(path) check parameters
[0.285s] Level 1:colcon.colcon_core.package_discovery:discover_packages(colcon_meta) discover
[0.285s] Level 1:colcon.colcon_core.package_discovery:discover_packages(recursive) discover
[0.285s] INFO:colcon.colcon_core.package_discovery:Crawling recursively for packages in '/home/manoj/spot_ws'
[0.285s] Level 1:colcon.colcon_core.package_identification:_identify(.) by extensions ['ignore', 'ignore_ament_install']
[0.285s] Level 1:colcon.colcon_core.package_identification:_identify(.) by extension 'ignore'
[0.285s] Level 1:colcon.colcon_core.package_identification:_identify(.) by extension 'ignore_ament_install'
[0.285s] Level 1:colcon.colcon_core.package_identification:_identify(.) by extensions ['colcon_pkg']
[0.285s] Level 1:colcon.colcon_core.package_identification:_identify(.) by extension 'colcon_pkg'
[0.285s] Level 1:colcon.colcon_core.package_identification:_identify(.) by extensions ['colcon_meta']
[0.285s] Level 1:colcon.colcon_core.package_identification:_identify(.) by extension 'colcon_meta'
[0.285s] Level 1:colcon.colcon_core.package_identification:_identify(.) by extensions ['ros']
[0.285s] Level 1:colcon.colcon_core.package_identification:_identify(.) by extension 'ros'
[0.307s] Level 1:colcon.colcon_core.package_identification:_identify(.) by extensions ['cmake', 'python']
[0.307s] Level 1:colcon.colcon_core.package_identification:_identify(.) by extension 'cmake'
[0.307s] Level 1:colcon.colcon_core.package_identification:_identify(.) by extension 'python'
[0.307s] Level 1:colcon.colcon_core.package_identification:_identify(.) by extensions ['python_setup_py']
[0.307s] Level 1:colcon.colcon_core.package_identification:_identify(.) by extension 'python_setup_py'
[0.307s] Level 1:colcon.colcon_core.package_identification:_identify(build) by extensions ['ignore', 'ignore_ament_install']
[0.308s] Level 1:colcon.colcon_core.package_identification:_identify(build) by extension 'ignore'
[0.308s] Level 1:colcon.colcon_core.package_identification:_identify(build) ignored
[0.308s] Level 1:colcon.colcon_core.package_identification:_identify(install) by extensions ['ignore', 'ignore_ament_install']
[0.308s] Level 1:colcon.colcon_core.package_identification:_identify(install) by extension 'ignore'
[0.308s] Level 1:colcon.colcon_core.package_identification:_identify(install) ignored
[0.308s] Level 1:colcon.colcon_core.package_identification:_identify(log) by extensions ['ignore', 'ignore_ament_install']
[0.308s] Level 1:colcon.colcon_core.package_identification:_identify(log) by extension 'ignore'
[0.309s] Level 1:colcon.colcon_core.package_identification:_identify(log) ignored
[0.309s] Level 1:colcon.colcon_core.package_identification:_identify(src) by extensions ['ignore', 'ignore_ament_install']
[0.309s] Level 1:colcon.colcon_core.package_identification:_identify(src) by extension 'ignore'
[0.309s] Level 1:colcon.colcon_core.package_identification:_identify(src) by extension 'ignore_ament_install'
[0.309s] Level 1:colcon.colcon_core.package_identification:_identify(src) by extensions ['colcon_pkg']
[0.309s] Level 1:colcon.colcon_core.package_identification:_identify(src) by extension 'colcon_pkg'
[0.309s] Level 1:colcon.colcon_core.package_identification:_identify(src) by extensions ['colcon_meta']
[0.309s] Level 1:colcon.colcon_core.package_identification:_identify(src) by extension 'colcon_meta'
[0.309s] Level 1:colcon.colcon_core.package_identification:_identify(src) by extensions ['ros']
[0.309s] Level 1:colcon.colcon_core.package_identification:_identify(src) by extension 'ros'
[0.309s] Level 1:colcon.colcon_core.package_identification:_identify(src) by extensions ['cmake', 'python']
[0.309s] Level 1:colcon.colcon_core.package_identification:_identify(src) by extension 'cmake'
[0.309s] Level 1:colcon.colcon_core.package_identification:_identify(src) by extension 'python'
[0.309s] Level 1:colcon.colcon_core.package_identification:_identify(src) by extensions ['python_setup_py']
[0.310s] Level 1:colcon.colcon_core.package_identification:_identify(src) by extension 'python_setup_py'
[0.310s] Level 1:colcon.colcon_core.package_identification:_identify(src/spot_gazebo) by extensions ['ignore', 'ignore_ament_install']
[0.310s] Level 1:colcon.colcon_core.package_identification:_identify(src/spot_gazebo) by extension 'ignore'
[0.310s] Level 1:colcon.colcon_core.package_identification:_identify(src/spot_gazebo) by extension 'ignore_ament_install'
[0.310s] Level 1:colcon.colcon_core.package_identification:_identify(src/spot_gazebo) by extensions ['colcon_pkg']
[0.310s] Level 1:colcon.colcon_core.package_identification:_identify(src/spot_gazebo) by extension 'colcon_pkg'
[0.310s] Level 1:colcon.colcon_core.package_identification:_identify(src/spot_gazebo) by extensions ['colcon_meta']
[0.310s] Level 1:colcon.colcon_core.package_identification:_identify(src/spot_gazebo) by extension 'colcon_meta'
[0.310s] Level 1:colcon.colcon_core.package_identification:_identify(src/spot_gazebo) by extensions ['ros']
[0.310s] Level 1:colcon.colcon_core.package_identification:_identify(src/spot_gazebo) by extension 'ros'
[0.310s] Level 1:colcon.colcon_core.package_identification:_identify(src/spot_gazebo) by extensions ['cmake', 'python']
[0.310s] Level 1:colcon.colcon_core.package_identification:_identify(src/spot_gazebo) by extension 'cmake'
[0.310s] Level 1:colcon.colcon_core.package_identification:_identify(src/spot_gazebo) by extension 'python'
[0.310s] Level 1:colcon.colcon_core.package_identification:_identify(src/spot_gazebo) by extensions ['python_setup_py']
[0.310s] Level 1:colcon.colcon_core.package_identification:_identify(src/spot_gazebo) by extension 'python_setup_py'
[0.311s] Level 1:colcon.colcon_core.package_identification:_identify(src/spot_gazebo/assets) by extensions ['ignore', 'ignore_ament_install']
[0.311s] Level 1:colcon.colcon_core.package_identification:_identify(src/spot_gazebo/assets) by extension 'ignore'
[0.311s] Level 1:colcon.colcon_core.package_identification:_identify(src/spot_gazebo/assets) by extension 'ignore_ament_install'
[0.311s] Level 1:colcon.colcon_core.package_identification:_identify(src/spot_gazebo/assets) by extensions ['colcon_pkg']
[0.311s] Level 1:colcon.colcon_core.package_identification:_identify(src/spot_gazebo/assets) by extension 'colcon_pkg'
[0.311s] Level 1:colcon.colcon_core.package_identification:_identify(src/spot_gazebo/assets) by extensions ['colcon_meta']
[0.311s] Level 1:colcon.colcon_core.package_identification:_identify(src/spot_gazebo/assets) by extension 'colcon_meta'
[0.311s] Level 1:colcon.colcon_core.package_identification:_identify(src/spot_gazebo/assets) by extensions ['ros']
[0.311s] Level 1:colcon.colcon_core.package_identification:_identify(src/spot_gazebo/assets) by extension 'ros'
[0.311s] Level 1:colcon.colcon_core.package_identification:_identify(src/spot_gazebo/assets) by extensions ['cmake', 'python']
[0.311s] Level 1:colcon.colcon_core.package_identification:_identify(src/spot_gazebo/assets) by extension 'cmake'
[0.311s] Level 1:colcon.colcon_core.package_identification:_identify(src/spot_gazebo/assets) by extension 'python'
[0.311s] Level 1:colcon.colcon_core.package_identification:_identify(src/spot_gazebo/assets) by extensions ['python_setup_py']
[0.311s] Level 1:colcon.colcon_core.package_identification:_identify(src/spot_gazebo/assets) by extension 'python_setup_py'
[0.312s] Level 1:colcon.colcon_core.package_identification:_identify(src/spot_gazebo/champ) by extensions ['ignore', 'ignore_ament_install']
[0.312s] Level 1:colcon.colcon_core.package_identification:_identify(src/spot_gazebo/champ) by extension 'ignore'
[0.312s] Level 1:colcon.colcon_core.package_identification:_identify(src/spot_gazebo/champ) by extension 'ignore_ament_install'
[0.312s] Level 1:colcon.colcon_core.package_identification:_identify(src/spot_gazebo/champ) by extensions ['colcon_pkg']
[0.312s] Level 1:colcon.colcon_core.package_identification:_identify(src/spot_gazebo/champ) by extension 'colcon_pkg'
[0.312s] Level 1:colcon.colcon_core.package_identification:_identify(src/spot_gazebo/champ) by extensions ['colcon_meta']
[0.312s] Level 1:colcon.colcon_core.package_identification:_identify(src/spot_gazebo/champ) by extension 'colcon_meta'
[0.312s] Level 1:colcon.colcon_core.package_identification:_identify(src/spot_gazebo/champ) by extensions ['ros']
[0.312s] Level 1:colcon.colcon_core.package_identification:_identify(src/spot_gazebo/champ) by extension 'ros'
[0.316s] DEBUG:colcon.colcon_core.package_identification:Package 'src/spot_gazebo/champ' with type 'ros.ament_cmake' and name 'champ'
[0.316s] Level 1:colcon.colcon_core.package_identification:_identify(src/spot_gazebo/champ_base) by extensions ['ignore', 'ignore_ament_install']
[0.316s] Level 1:colcon.colcon_core.package_identification:_identify(src/spot_gazebo/champ_base) by extension 'ignore'
[0.316s] Level 1:colcon.colcon_core.package_identification:_identify(src/spot_gazebo/champ_base) by extension 'ignore_ament_install'
[0.316s] Level 1:colcon.colcon_core.package_identification:_identify(src/spot_gazebo/champ_base) by extensions ['colcon_pkg']
[0.316s] Level 1:colcon.colcon_core.package_identification:_identify(src/spot_gazebo/champ_base) by extension 'colcon_pkg'
[0.316s] Level 1:colcon.colcon_core.package_identification:_identify(src/spot_gazebo/champ_base) by extensions ['colcon_meta']
[0.316s] Level 1:colcon.colcon_core.package_identification:_identify(src/spot_gazebo/champ_base) by extension 'colcon_meta'
[0.316s] Level 1:colcon.colcon_core.package_identification:_identify(src/spot_gazebo/champ_base) by extensions ['ros']
[0.316s] Level 1:colcon.colcon_core.package_identification:_identify(src/spot_gazebo/champ_base) by extension 'ros'
[0.317s] DEBUG:colcon.colcon_core.package_identification:Package 'src/spot_gazebo/champ_base' with type 'ros.ament_cmake' and name 'champ_base'
[0.317s] Level 1:colcon.colcon_core.package_identification:_identify(src/spot_gazebo/champ_config) by extensions ['ignore', 'ignore_ament_install']
[0.318s] Level 1:colcon.colcon_core.package_identification:_identify(src/spot_gazebo/champ_config) by extension 'ignore'
[0.318s] Level 1:colcon.colcon_core.package_identification:_identify(src/spot_gazebo/champ_config) by extension 'ignore_ament_install'
[0.318s] Level 1:colcon.colcon_core.package_identification:_identify(src/spot_gazebo/champ_config) by extensions ['colcon_pkg']
[0.318s] Level 1:colcon.colcon_core.package_identification:_identify(src/spot_gazebo/champ_config) by extension 'colcon_pkg'
[0.318s] Level 1:colcon.colcon_core.package_identification:_identify(src/spot_gazebo/champ_config) by extensions ['colcon_meta']
[0.318s] Level 1:colcon.colcon_core.package_identification:_identify(src/spot_gazebo/champ_config) by extension 'colcon_meta'
[0.318s] Level 1:colcon.colcon_core.package_identification:_identify(src/spot_gazebo/champ_config) by extensions ['ros']
[0.318s] Level 1:colcon.colcon_core.package_identification:_identify(src/spot_gazebo/champ_config) by extension 'ros'
[0.318s] DEBUG:colcon.colcon_core.package_identification:Package 'src/spot_gazebo/champ_config' with type 'ros.ament_cmake' and name 'champ_config'
[0.318s] Level 1:colcon.colcon_core.package_identification:_identify(src/spot_gazebo/champ_msgs) by extensions ['ignore', 'ignore_ament_install']
[0.318s] Level 1:colcon.colcon_core.package_identification:_identify(src/spot_gazebo/champ_msgs) by extension 'ignore'
[0.318s] Level 1:colcon.colcon_core.package_identification:_identify(src/spot_gazebo/champ_msgs) by extension 'ignore_ament_install'
[0.318s] Level 1:colcon.colcon_core.package_identification:_identify(src/spot_gazebo/champ_msgs) by extensions ['colcon_pkg']
[0.318s] Level 1:colcon.colcon_core.package_identification:_identify(src/spot_gazebo/champ_msgs) by extension 'colcon_pkg'
[0.318s] Level 1:colcon.colcon_core.package_identification:_identify(src/spot_gazebo/champ_msgs) by extensions ['colcon_meta']
[0.318s] Level 1:colcon.colcon_core.package_identification:_identify(src/spot_gazebo/champ_msgs) by extension 'colcon_meta'
[0.318s] Level 1:colcon.colcon_core.package_identification:_identify(src/spot_gazebo/champ_msgs) by extensions ['ros']
[0.318s] Level 1:colcon.colcon_core.package_identification:_identify(src/spot_gazebo/champ_msgs) by extension 'ros'
[0.319s] DEBUG:colcon.colcon_core.package_identification:Package 'src/spot_gazebo/champ_msgs' with type 'ros.ament_cmake' and name 'champ_msgs'
[0.319s] Level 1:colcon.colcon_core.package_identification:_identify(src/spot_gazebo/spot_bringup) by extensions ['ignore', 'ignore_ament_install']
[0.319s] Level 1:colcon.colcon_core.package_identification:_identify(src/spot_gazebo/spot_bringup) by extension 'ignore'
[0.319s] Level 1:colcon.colcon_core.package_identification:_identify(src/spot_gazebo/spot_bringup) by extension 'ignore_ament_install'
[0.319s] Level 1:colcon.colcon_core.package_identification:_identify(src/spot_gazebo/spot_bringup) by extensions ['colcon_pkg']
[0.319s] Level 1:colcon.colcon_core.package_identification:_identify(src/spot_gazebo/spot_bringup) by extension 'colcon_pkg'
[0.319s] Level 1:colcon.colcon_core.package_identification:_identify(src/spot_gazebo/spot_bringup) by extensions ['colcon_meta']
[0.319s] Level 1:colcon.colcon_core.package_identification:_identify(src/spot_gazebo/spot_bringup) by extension 'colcon_meta'
[0.319s] Level 1:colcon.colcon_core.package_identification:_identify(src/spot_gazebo/spot_bringup) by extensions ['ros']
[0.319s] Level 1:colcon.colcon_core.package_identification:_identify(src/spot_gazebo/spot_bringup) by extension 'ros'
[0.320s] DEBUG:colcon.colcon_core.package_identification:Package 'src/spot_gazebo/spot_bringup' with type 'ros.ament_python' and name 'spot_bringup'
[0.320s] Level 1:colcon.colcon_core.package_identification:_identify(src/spot_gazebo/spot_description) by extensions ['ignore', 'ignore_ament_install']
[0.320s] Level 1:colcon.colcon_core.package_identification:_identify(src/spot_gazebo/spot_description) by extension 'ignore'
[0.320s] Level 1:colcon.colcon_core.package_identification:_identify(src/spot_gazebo/spot_description) by extension 'ignore_ament_install'
[0.320s] Level 1:colcon.colcon_core.package_identification:_identify(src/spot_gazebo/spot_description) by extensions ['colcon_pkg']
[0.320s] Level 1:colcon.colcon_core.package_identification:_identify(src/spot_gazebo/spot_description) by extension 'colcon_pkg'
[0.320s] Level 1:colcon.colcon_core.package_identification:_identify(src/spot_gazebo/spot_description) by extensions ['colcon_meta']
[0.320s] Level 1:colcon.colcon_core.package_identification:_identify(src/spot_gazebo/spot_description) by extension 'colcon_meta'
[0.320s] Level 1:colcon.colcon_core.package_identification:_identify(src/spot_gazebo/spot_description) by extensions ['ros']
[0.320s] Level 1:colcon.colcon_core.package_identification:_identify(src/spot_gazebo/spot_description) by extension 'ros'
[0.320s] DEBUG:colcon.colcon_core.package_identification:Package 'src/spot_gazebo/spot_description' with type 'ros.ament_cmake' and name 'spot_description'
[0.320s] Level 1:colcon.colcon_core.package_identification:_identify(src/spot_gazebo/spot_gazebo) by extensions ['ignore', 'ignore_ament_install']
[0.320s] Level 1:colcon.colcon_core.package_identification:_identify(src/spot_gazebo/spot_gazebo) by extension 'ignore'
[0.320s] Level 1:colcon.colcon_core.package_identification:_identify(src/spot_gazebo/spot_gazebo) by extension 'ignore_ament_install'
[0.320s] Level 1:colcon.colcon_core.package_identification:_identify(src/spot_gazebo/spot_gazebo) by extensions ['colcon_pkg']
[0.320s] Level 1:colcon.colcon_core.package_identification:_identify(src/spot_gazebo/spot_gazebo) by extension 'colcon_pkg'
[0.320s] Level 1:colcon.colcon_core.package_identification:_identify(src/spot_gazebo/spot_gazebo) by extensions ['colcon_meta']
[0.320s] Level 1:colcon.colcon_core.package_identification:_identify(src/spot_gazebo/spot_gazebo) by extension 'colcon_meta'
[0.320s] Level 1:colcon.colcon_core.package_identification:_identify(src/spot_gazebo/spot_gazebo) by extensions ['ros']
[0.321s] Level 1:colcon.colcon_core.package_identification:_identify(src/spot_gazebo/spot_gazebo) by extension 'ros'
[0.321s] DEBUG:colcon.colcon_core.package_identification:Package 'src/spot_gazebo/spot_gazebo' with type 'ros.ament_cmake' and name 'spot_gazebo'
[0.321s] Level 1:colcon.colcon_core.package_identification:_identify(src/spot_gazebo/spot_navigation) by extensions ['ignore', 'ignore_ament_install']
[0.321s] Level 1:colcon.colcon_core.package_identification:_identify(src/spot_gazebo/spot_navigation) by extension 'ignore'
[0.321s] Level 1:colcon.colcon_core.package_identification:_identify(src/spot_gazebo/spot_navigation) by extension 'ignore_ament_install'
[0.321s] Level 1:colcon.colcon_core.package_identification:_identify(src/spot_gazebo/spot_navigation) by extensions ['colcon_pkg']
[0.321s] Level 1:colcon.colcon_core.package_identification:_identify(src/spot_gazebo/spot_navigation) by extension 'colcon_pkg'
[0.321s] Level 1:colcon.colcon_core.package_identification:_identify(src/spot_gazebo/spot_navigation) by extensions ['colcon_meta']
[0.321s] Level 1:colcon.colcon_core.package_identification:_identify(src/spot_gazebo/spot_navigation) by extension 'colcon_meta'
[0.321s] Level 1:colcon.colcon_core.package_identification:_identify(src/spot_gazebo/spot_navigation) by extensions ['ros']
[0.321s] Level 1:colcon.colcon_core.package_identification:_identify(src/spot_gazebo/spot_navigation) by extension 'ros'
[0.321s] DEBUG:colcon.colcon_core.package_identification:Package 'src/spot_gazebo/spot_navigation' with type 'ros.ament_python' and name 'spot_navigation'
[0.322s] Level 1:colcon.colcon_core.package_discovery:discover_packages(recursive) using defaults
[0.322s] Level 1:colcon.colcon_core.package_discovery:discover_packages(ignore) discover
[0.322s] Level 1:colcon.colcon_core.package_discovery:discover_packages(ignore) using defaults
[0.322s] Level 1:colcon.colcon_core.package_discovery:discover_packages(path) discover
[0.322s] Level 1:colcon.colcon_core.package_discovery:discover_packages(path) using defaults
[0.348s] Level 1:colcon.colcon_core.package_discovery:discover_packages(prefix_path) check parameters
[0.348s] Level 1:colcon.colcon_core.package_discovery:discover_packages(prefix_path) discover
[0.351s] DEBUG:colcon.colcon_installed_package_information.package_discovery:Found 473 installed packages in /opt/ros/humble
[0.353s] Level 1:colcon.colcon_core.package_discovery:discover_packages(prefix_path) using defaults
[0.400s] Level 5:colcon.colcon_core.verb:set package 'champ' build argument 'cmake_args' from command line to 'None'
[0.401s] Level 5:colcon.colcon_core.verb:set package 'champ' build argument 'cmake_target' from command line to 'None'
[0.401s] Level 5:colcon.colcon_core.verb:set package 'champ' build argument 'cmake_target_skip_unavailable' from command line to 'False'
[0.401s] Level 5:colcon.colcon_core.verb:set package 'champ' build argument 'cmake_clean_cache' from command line to 'False'
[0.401s] Level 5:colcon.colcon_core.verb:set package 'champ' build argument 'cmake_clean_first' from command line to 'False'
[0.401s] Level 5:colcon.colcon_core.verb:set package 'champ' build argument 'cmake_force_configure' from command line to 'False'
[0.401s] Level 5:colcon.colcon_core.verb:set package 'champ' build argument 'ament_cmake_args' from command line to 'None'
[0.401s] Level 5:colcon.colcon_core.verb:set package 'champ' build argument 'catkin_cmake_args' from command line to 'None'
[0.401s] Level 5:colcon.colcon_core.verb:set package 'champ' build argument 'catkin_skip_building_tests' from command line to 'False'
[0.401s] DEBUG:colcon.colcon_core.verb:Building package 'champ' with the following arguments: {'ament_cmake_args': None, 'build_base': '/home/manoj/spot_ws/build/champ', 'catkin_cmake_args': None, 'catkin_skip_building_tests': False, 'cmake_args': None, 'cmake_clean_cache': False, 'cmake_clean_first': False, 'cmake_force_configure': False, 'cmake_target': None, 'cmake_target_skip_unavailable': False, 'install_base': '/home/manoj/spot_ws/install/champ', 'merge_install': False, 'path': '/home/manoj/spot_ws/src/spot_gazebo/champ', 'symlink_install': False, 'test_result_base': None}
[0.401s] Level 5:colcon.colcon_core.verb:set package 'champ_msgs' build argument 'cmake_args' from command line to 'None'
[0.401s] Level 5:colcon.colcon_core.verb:set package 'champ_msgs' build argument 'cmake_target' from command line to 'None'
[0.401s] Level 5:colcon.colcon_core.verb:set package 'champ_msgs' build argument 'cmake_target_skip_unavailable' from command line to 'False'
[0.401s] Level 5:colcon.colcon_core.verb:set package 'champ_msgs' build argument 'cmake_clean_cache' from command line to 'False'
[0.401s] Level 5:colcon.colcon_core.verb:set package 'champ_msgs' build argument 'cmake_clean_first' from command line to 'False'
[0.401s] Level 5:colcon.colcon_core.verb:set package 'champ_msgs' build argument 'cmake_force_configure' from command line to 'False'
[0.401s] Level 5:colcon.colcon_core.verb:set package 'champ_msgs' build argument 'ament_cmake_args' from command line to 'None'
[0.401s] Level 5:colcon.colcon_core.verb:set package 'champ_msgs' build argument 'catkin_cmake_args' from command line to 'None'
[0.401s] Level 5:colcon.colcon_core.verb:set package 'champ_msgs' build argument 'catkin_skip_building_tests' from command line to 'False'
[0.401s] DEBUG:colcon.colcon_core.verb:Building package 'champ_msgs' with the following arguments: {'ament_cmake_args': None, 'build_base': '/home/manoj/spot_ws/build/champ_msgs', 'catkin_cmake_args': None, 'catkin_skip_building_tests': False, 'cmake_args': None, 'cmake_clean_cache': False, 'cmake_clean_first': False, 'cmake_force_configure': False, 'cmake_target': None, 'cmake_target_skip_unavailable': False, 'install_base': '/home/manoj/spot_ws/install/champ_msgs', 'merge_install': False, 'path': '/home/manoj/spot_ws/src/spot_gazebo/champ_msgs', 'symlink_install': False, 'test_result_base': None}
[0.401s] Level 5:colcon.colcon_core.verb:set package 'spot_description' build argument 'cmake_args' from command line to 'None'
[0.401s] Level 5:colcon.colcon_core.verb:set package 'spot_description' build argument 'cmake_target' from command line to 'None'
[0.401s] Level 5:colcon.colcon_core.verb:set package 'spot_description' build argument 'cmake_target_skip_unavailable' from command line to 'False'
[0.401s] Level 5:colcon.colcon_core.verb:set package 'spot_description' build argument 'cmake_clean_cache' from command line to 'False'
[0.401s] Level 5:colcon.colcon_core.verb:set package 'spot_description' build argument 'cmake_clean_first' from command line to 'False'
[0.401s] Level 5:colcon.colcon_core.verb:set package 'spot_description' build argument 'cmake_force_configure' from command line to 'False'
[0.401s] Level 5:colcon.colcon_core.verb:set package 'spot_description' build argument 'ament_cmake_args' from command line to 'None'
[0.401s] Level 5:colcon.colcon_core.verb:set package 'spot_description' build argument 'catkin_cmake_args' from command line to 'None'
[0.401s] Level 5:colcon.colcon_core.verb:set package 'spot_description' build argument 'catkin_skip_building_tests' from command line to 'False'
[0.401s] DEBUG:colcon.colcon_core.verb:Building package 'spot_description' with the following arguments: {'ament_cmake_args': None, 'build_base': '/home/manoj/spot_ws/build/spot_description', 'catkin_cmake_args': None, 'catkin_skip_building_tests': False, 'cmake_args': None, 'cmake_clean_cache': False, 'cmake_clean_first': False, 'cmake_force_configure': False, 'cmake_target': None, 'cmake_target_skip_unavailable': False, 'install_base': '/home/manoj/spot_ws/install/spot_description', 'merge_install': False, 'path': '/home/manoj/spot_ws/src/spot_gazebo/spot_description', 'symlink_install': False, 'test_result_base': None}
[0.402s] Level 5:colcon.colcon_core.verb:set package 'spot_navigation' build argument 'cmake_args' from command line to 'None'
[0.402s] Level 5:colcon.colcon_core.verb:set package 'spot_navigation' build argument 'cmake_target' from command line to 'None'
[0.402s] Level 5:colcon.colcon_core.verb:set package 'spot_navigation' build argument 'cmake_target_skip_unavailable' from command line to 'False'
[0.402s] Level 5:colcon.colcon_core.verb:set package 'spot_navigation' build argument 'cmake_clean_cache' from command line to 'False'
[0.402s] Level 5:colcon.colcon_core.verb:set package 'spot_navigation' build argument 'cmake_clean_first' from command line to 'False'
[0.402s] Level 5:colcon.colcon_core.verb:set package 'spot_navigation' build argument 'cmake_force_configure' from command line to 'False'
[0.402s] Level 5:colcon.colcon_core.verb:set package 'spot_navigation' build argument 'ament_cmake_args' from command line to 'None'
[0.402s] Level 5:colcon.colcon_core.verb:set package 'spot_navigation' build argument 'catkin_cmake_args' from command line to 'None'
[0.402s] Level 5:colcon.colcon_core.verb:set package 'spot_navigation' build argument 'catkin_skip_building_tests' from command line to 'False'
[0.402s] DEBUG:colcon.colcon_core.verb:Building package 'spot_navigation' with the following arguments: {'ament_cmake_args': None, 'build_base': '/home/manoj/spot_ws/build/spot_navigation', 'catkin_cmake_args': None, 'catkin_skip_building_tests': False, 'cmake_args': None, 'cmake_clean_cache': False, 'cmake_clean_first': False, 'cmake_force_configure': False, 'cmake_target': None, 'cmake_target_skip_unavailable': False, 'install_base': '/home/manoj/spot_ws/install/spot_navigation', 'merge_install': False, 'path': '/home/manoj/spot_ws/src/spot_gazebo/spot_navigation', 'symlink_install': False, 'test_result_base': None}
[0.402s] Level 5:colcon.colcon_core.verb:set package 'champ_base' build argument 'cmake_args' from command line to 'None'
[0.402s] Level 5:colcon.colcon_core.verb:set package 'champ_base' build argument 'cmake_target' from command line to 'None'
[0.402s] Level 5:colcon.colcon_core.verb:set package 'champ_base' build argument 'cmake_target_skip_unavailable' from command line to 'False'
[0.402s] Level 5:colcon.colcon_core.verb:set package 'champ_base' build argument 'cmake_clean_cache' from command line to 'False'
[0.402s] Level 5:colcon.colcon_core.verb:set package 'champ_base' build argument 'cmake_clean_first' from command line to 'False'
[0.402s] Level 5:colcon.colcon_core.verb:set package 'champ_base' build argument 'cmake_force_configure' from command line to 'False'
[0.402s] Level 5:colcon.colcon_core.verb:set package 'champ_base' build argument 'ament_cmake_args' from command line to 'None'
[0.402s] Level 5:colcon.colcon_core.verb:set package 'champ_base' build argument 'catkin_cmake_args' from command line to 'None'
[0.402s] Level 5:colcon.colcon_core.verb:set package 'champ_base' build argument 'catkin_skip_building_tests' from command line to 'False'
[0.402s] DEBUG:colcon.colcon_core.verb:Building package 'champ_base' with the following arguments: {'ament_cmake_args': None, 'build_base': '/home/manoj/spot_ws/build/champ_base', 'catkin_cmake_args': None, 'catkin_skip_building_tests': False, 'cmake_args': None, 'cmake_clean_cache': False, 'cmake_clean_first': False, 'cmake_force_configure': False, 'cmake_target': None, 'cmake_target_skip_unavailable': False, 'install_base': '/home/manoj/spot_ws/install/champ_base', 'merge_install': False, 'path': '/home/manoj/spot_ws/src/spot_gazebo/champ_base', 'symlink_install': False, 'test_result_base': None}
[0.402s] Level 5:colcon.colcon_core.verb:set package 'spot_gazebo' build argument 'cmake_args' from command line to 'None'
[0.402s] Level 5:colcon.colcon_core.verb:set package 'spot_gazebo' build argument 'cmake_target' from command line to 'None'
[0.402s] Level 5:colcon.colcon_core.verb:set package 'spot_gazebo' build argument 'cmake_target_skip_unavailable' from command line to 'False'
[0.403s] Level 5:colcon.colcon_core.verb:set package 'spot_gazebo' build argument 'cmake_clean_cache' from command line to 'False'
[0.403s] Level 5:colcon.colcon_core.verb:set package 'spot_gazebo' build argument 'cmake_clean_first' from command line to 'False'
[0.403s] Level 5:colcon.colcon_core.verb:set package 'spot_gazebo' build argument 'cmake_force_configure' from command line to 'False'
[0.403s] Level 5:colcon.colcon_core.verb:set package 'spot_gazebo' build argument 'ament_cmake_args' from command line to 'None'
[0.403s] Level 5:colcon.colcon_core.verb:set package 'spot_gazebo' build argument 'catkin_cmake_args' from command line to 'None'
[0.403s] Level 5:colcon.colcon_core.verb:set package 'spot_gazebo' build argument 'catkin_skip_building_tests' from command line to 'False'
[0.403s] DEBUG:colcon.colcon_core.verb:Building package 'spot_gazebo' with the following arguments: {'ament_cmake_args': None, 'build_base': '/home/manoj/spot_ws/build/spot_gazebo', 'catkin_cmake_args': None, 'catkin_skip_building_tests': False, 'cmake_args': None, 'cmake_clean_cache': False, 'cmake_clean_first': False, 'cmake_force_configure': False, 'cmake_target': None, 'cmake_target_skip_unavailable': False, 'install_base': '/home/manoj/spot_ws/install/spot_gazebo', 'merge_install': False, 'path': '/home/manoj/spot_ws/src/spot_gazebo/spot_gazebo', 'symlink_install': False, 'test_result_base': None}
[0.403s] Level 5:colcon.colcon_core.verb:set package 'champ_config' build argument 'cmake_args' from command line to 'None'
[0.403s] Level 5:colcon.colcon_core.verb:set package 'champ_config' build argument 'cmake_target' from command line to 'None'
[0.403s] Level 5:colcon.colcon_core.verb:set package 'champ_config' build argument 'cmake_target_skip_unavailable' from command line to 'False'
[0.403s] Level 5:colcon.colcon_core.verb:set package 'champ_config' build argument 'cmake_clean_cache' from command line to 'False'
[0.403s] Level 5:colcon.colcon_core.verb:set package 'champ_config' build argument 'cmake_clean_first' from command line to 'False'
[0.403s] Level 5:colcon.colcon_core.verb:set package 'champ_config' build argument 'cmake_force_configure' from command line to 'False'
[0.403s] Level 5:colcon.colcon_core.verb:set package 'champ_config' build argument 'ament_cmake_args' from command line to 'None'
[0.403s] Level 5:colcon.colcon_core.verb:set package 'champ_config' build argument 'catkin_cmake_args' from command line to 'None'
[0.403s] Level 5:colcon.colcon_core.verb:set package 'champ_config' build argument 'catkin_skip_building_tests' from command line to 'False'
[0.403s] DEBUG:colcon.colcon_core.verb:Building package 'champ_config' with the following arguments: {'ament_cmake_args': None, 'build_base': '/home/manoj/spot_ws/build/champ_config', 'catkin_cmake_args': None, 'catkin_skip_building_tests': False, 'cmake_args': None, 'cmake_clean_cache': False, 'cmake_clean_first': False, 'cmake_force_configure': False, 'cmake_target': None, 'cmake_target_skip_unavailable': False, 'install_base': '/home/manoj/spot_ws/install/champ_config', 'merge_install': False, 'path': '/home/manoj/spot_ws/src/spot_gazebo/champ_config', 'symlink_install': False, 'test_result_base': None}
[0.403s] Level 5:colcon.colcon_core.verb:set package 'spot_bringup' build argument 'cmake_args' from command line to 'None'
[0.403s] Level 5:colcon.colcon_core.verb:set package 'spot_bringup' build argument 'cmake_target' from command line to 'None'
[0.403s] Level 5:colcon.colcon_core.verb:set package 'spot_bringup' build argument 'cmake_target_skip_unavailable' from command line to 'False'
[0.403s] Level 5:colcon.colcon_core.verb:set package 'spot_bringup' build argument 'cmake_clean_cache' from command line to 'False'
[0.403s] Level 5:colcon.colcon_core.verb:set package 'spot_bringup' build argument 'cmake_clean_first' from command line to 'False'
[0.403s] Level 5:colcon.colcon_core.verb:set package 'spot_bringup' build argument 'cmake_force_configure' from command line to 'False'
[0.403s] Level 5:colcon.colcon_core.verb:set package 'spot_bringup' build argument 'ament_cmake_args' from command line to 'None'
[0.403s] Level 5:colcon.colcon_core.verb:set package 'spot_bringup' build argument 'catkin_cmake_args' from command line to 'None'
[0.403s] Level 5:colcon.colcon_core.verb:set package 'spot_bringup' build argument 'catkin_skip_building_tests' from command line to 'False'
[0.403s] DEBUG:colcon.colcon_core.verb:Building package 'spot_bringup' with the following arguments: {'ament_cmake_args': None, 'build_base': '/home/manoj/spot_ws/build/spot_bringup', 'catkin_cmake_args': None, 'catkin_skip_building_tests': False, 'cmake_args': None, 'cmake_clean_cache': False, 'cmake_clean_first': False, 'cmake_force_configure': False, 'cmake_target': None, 'cmake_target_skip_unavailable': False, 'install_base': '/home/manoj/spot_ws/install/spot_bringup', 'merge_install': False, 'path': '/home/manoj/spot_ws/src/spot_gazebo/spot_bringup', 'symlink_install': False, 'test_result_base': None}
[0.403s] INFO:colcon.colcon_core.executor:Executing jobs using 'parallel' executor
[0.404s] DEBUG:colcon.colcon_parallel_executor.executor.parallel:run_until_complete
[0.404s] INFO:colcon.colcon_ros.task.ament_cmake.build:Building ROS package in '/home/manoj/spot_ws/src/spot_gazebo/champ' with build type 'ament_cmake'
[0.404s] INFO:colcon.colcon_cmake.task.cmake.build:Building CMake package in '/home/manoj/spot_ws/src/spot_gazebo/champ'
[0.407s] INFO:colcon.colcon_core.plugin_system:Skipping extension 'colcon_core.shell.bat': Not used on non-Windows systems
[0.407s] INFO:colcon.colcon_core.shell:Skip shell extension 'powershell' for command environment: Not usable outside of PowerShell
[0.407s] DEBUG:colcon.colcon_core.shell:Skip shell extension 'dsv' for command environment
[0.413s] INFO:colcon.colcon_ros.task.ament_cmake.build:Building ROS package in '/home/manoj/spot_ws/src/spot_gazebo/champ_msgs' with build type 'ament_cmake'
[0.414s] INFO:colcon.colcon_cmake.task.cmake.build:Building CMake package in '/home/manoj/spot_ws/src/spot_gazebo/champ_msgs'
[0.414s] INFO:colcon.colcon_core.shell:Skip shell extension 'powershell' for command environment: Not usable outside of PowerShell
[0.414s] DEBUG:colcon.colcon_core.shell:Skip shell extension 'dsv' for command environment
[0.419s] INFO:colcon.colcon_ros.task.ament_cmake.build:Building ROS package in '/home/manoj/spot_ws/src/spot_gazebo/spot_description' with build type 'ament_cmake'
[0.419s] INFO:colcon.colcon_cmake.task.cmake.build:Building CMake package in '/home/manoj/spot_ws/src/spot_gazebo/spot_description'
[0.419s] INFO:colcon.colcon_core.shell:Skip shell extension 'powershell' for command environment: Not usable outside of PowerShell
[0.419s] DEBUG:colcon.colcon_core.shell:Skip shell extension 'dsv' for command environment
[0.423s] INFO:colcon.colcon_ros.task.ament_python.build:Building ROS package in '/home/manoj/spot_ws/src/spot_gazebo/spot_navigation' with build type 'ament_python'
[0.423s] Level 1:colcon.colcon_core.shell:create_environment_hook('spot_navigation', 'ament_prefix_path')
[0.423s] INFO:colcon.colcon_core.shell:Creating environment hook '/home/manoj/spot_ws/install/spot_navigation/share/spot_navigation/hook/ament_prefix_path.ps1'
[0.424s] INFO:colcon.colcon_core.shell:Creating environment descriptor '/home/manoj/spot_ws/install/spot_navigation/share/spot_navigation/hook/ament_prefix_path.dsv'
[0.425s] INFO:colcon.colcon_core.shell:Creating environment hook '/home/manoj/spot_ws/install/spot_navigation/share/spot_navigation/hook/ament_prefix_path.sh'
[0.426s] INFO:colcon.colcon_core.shell:Skip shell extension 'powershell' for command environment: Not usable outside of PowerShell
[0.426s] DEBUG:colcon.colcon_core.shell:Skip shell extension 'dsv' for command environment
[0.438s] DEBUG:colcon.colcon_core.event_handler.log_command:Invoking command in '/home/manoj/spot_ws/build/champ': CMAKE_PREFIX_PATH=/opt/ros/humble /usr/bin/cmake --build /home/manoj/spot_ws/build/champ -- -j12 -l12
[0.441s] DEBUG:colcon.colcon_core.event_handler.log_command:Invoking command in '/home/manoj/spot_ws/build/champ_msgs': CMAKE_PREFIX_PATH=/opt/ros/humble /usr/bin/cmake --build /home/manoj/spot_ws/build/champ_msgs -- -j12 -l12
[0.447s] DEBUG:colcon.colcon_core.event_handler.log_command:Invoking command in '/home/manoj/spot_ws/build/spot_description': CMAKE_PREFIX_PATH=/opt/ros/humble /usr/bin/cmake --build /home/manoj/spot_ws/build/spot_description -- -j12 -l12
[0.917s] INFO:colcon.colcon_core.task.python.build:Building Python package in '/home/manoj/spot_ws/src/spot_gazebo/spot_navigation'
[0.918s] INFO:colcon.colcon_core.shell:Skip shell extension 'powershell' for command environment: Not usable outside of PowerShell
[0.918s] DEBUG:colcon.colcon_core.shell:Skip shell extension 'dsv' for command environment
[0.921s] DEBUG:colcon.colcon_core.event_handler.log_command:Invoked command in '/home/manoj/spot_ws/build/spot_description' returned '0': CMAKE_PREFIX_PATH=/opt/ros/humble /usr/bin/cmake --build /home/manoj/spot_ws/build/spot_description -- -j12 -l12
[0.935s] DEBUG:colcon.colcon_core.event_handler.log_command:Invoking command in '/home/manoj/spot_ws/build/spot_description': CMAKE_PREFIX_PATH=/opt/ros/humble /usr/bin/cmake --install /home/manoj/spot_ws/build/spot_description
[0.935s] DEBUG:colcon.colcon_core.event_handler.log_command:Invoked command in '/home/manoj/spot_ws/build/champ' returned '0': CMAKE_PREFIX_PATH=/opt/ros/humble /usr/bin/cmake --build /home/manoj/spot_ws/build/champ -- -j12 -l12
[0.937s] DEBUG:colcon.colcon_core.event_handler.log_command:Invoking command in '/home/manoj/spot_ws/build/champ': CMAKE_PREFIX_PATH=/opt/ros/humble /usr/bin/cmake --install /home/manoj/spot_ws/build/champ
[0.938s] DEBUG:colcon.colcon_core.event_handler.log_command:Invoked command in '/home/manoj/spot_ws/build/champ_msgs' returned '0': CMAKE_PREFIX_PATH=/opt/ros/humble /usr/bin/cmake --build /home/manoj/spot_ws/build/champ_msgs -- -j12 -l12
[0.940s] DEBUG:colcon.colcon_core.event_handler.log_command:Invoking command in '/home/manoj/spot_ws/build/champ_msgs': CMAKE_PREFIX_PATH=/opt/ros/humble /usr/bin/cmake --install /home/manoj/spot_ws/build/champ_msgs
[0.985s] Level 1:colcon.colcon_core.environment:create_environment_scripts_only(spot_description)
[0.999s] Level 1:colcon.colcon_core.environment:checking '/home/manoj/spot_ws/install/spot_description' for CMake module files
[1.003s] DEBUG:colcon.colcon_core.event_handler.log_command:Invoked command in '/home/manoj/spot_ws/build/spot_description' returned '0': CMAKE_PREFIX_PATH=/opt/ros/humble /usr/bin/cmake --install /home/manoj/spot_ws/build/spot_description
[1.005s] Level 1:colcon.colcon_core.environment:checking '/home/manoj/spot_ws/install/spot_description' for CMake config files
[1.009s] Level 1:colcon.colcon_core.shell:create_environment_hook('spot_description', 'cmake_prefix_path')
[1.010s] INFO:colcon.colcon_core.shell:Creating environment hook '/home/manoj/spot_ws/install/spot_description/share/spot_description/hook/cmake_prefix_path.ps1'
[1.011s] INFO:colcon.colcon_core.shell:Creating environment descriptor '/home/manoj/spot_ws/install/spot_description/share/spot_description/hook/cmake_prefix_path.dsv'
[1.016s] INFO:colcon.colcon_core.shell:Creating environment hook '/home/manoj/spot_ws/install/spot_description/share/spot_description/hook/cmake_prefix_path.sh'
[1.019s] Level 1:colcon.colcon_core.environment:checking '/home/manoj/spot_ws/install/spot_description/bin'
[1.019s] Level 1:colcon.colcon_core.environment:checking '/home/manoj/spot_ws/install/spot_description/lib/pkgconfig/spot_description.pc'
[1.020s] Level 1:colcon.colcon_core.environment:checking '/home/manoj/spot_ws/install/spot_description/lib/python3.10/site-packages'
[1.020s] Level 1:colcon.colcon_core.environment:checking '/home/manoj/spot_ws/install/spot_description/bin'
[1.020s] INFO:colcon.colcon_core.shell:Creating package script '/home/manoj/spot_ws/install/spot_description/share/spot_description/package.ps1'
[1.025s] INFO:colcon.colcon_core.shell:Creating package descriptor '/home/manoj/spot_ws/install/spot_description/share/spot_description/package.dsv'
[1.026s] INFO:colcon.colcon_core.shell:Creating package script '/home/manoj/spot_ws/install/spot_description/share/spot_description/package.sh'
[1.027s] INFO:colcon.colcon_core.shell:Creating package script '/home/manoj/spot_ws/install/spot_description/share/spot_description/package.bash'
[1.029s] INFO:colcon.colcon_core.shell:Creating package script '/home/manoj/spot_ws/install/spot_description/share/spot_description/package.zsh'
[1.030s] Level 1:colcon.colcon_core.environment:create_file_with_runtime_dependencies(/home/manoj/spot_ws/install/spot_description/share/colcon-core/packages/spot_description)
[1.030s] Level 1:colcon.colcon_core.environment:create_environment_scripts_only(spot_description)
[1.030s] Level 1:colcon.colcon_core.environment:checking '/home/manoj/spot_ws/install/spot_description' for CMake module files
[1.031s] Level 1:colcon.colcon_core.environment:checking '/home/manoj/spot_ws/install/spot_description' for CMake config files
[1.031s] Level 1:colcon.colcon_core.shell:create_environment_hook('spot_description', 'cmake_prefix_path')
[1.032s] INFO:colcon.colcon_core.shell:Creating environment hook '/home/manoj/spot_ws/install/spot_description/share/spot_description/hook/cmake_prefix_path.ps1'
[1.032s] INFO:colcon.colcon_core.shell:Creating environment descriptor '/home/manoj/spot_ws/install/spot_description/share/spot_description/hook/cmake_prefix_path.dsv'
[1.033s] INFO:colcon.colcon_core.shell:Creating environment hook '/home/manoj/spot_ws/install/spot_description/share/spot_description/hook/cmake_prefix_path.sh'
[1.033s] Level 1:colcon.colcon_core.environment:checking '/home/manoj/spot_ws/install/spot_description/bin'
[1.033s] Level 1:colcon.colcon_core.environment:checking '/home/manoj/spot_ws/install/spot_description/lib/pkgconfig/spot_description.pc'
[1.034s] Level 1:colcon.colcon_core.environment:checking '/home/manoj/spot_ws/install/spot_description/lib/python3.10/site-packages'
[1.034s] Level 1:colcon.colcon_core.environment:checking '/home/manoj/spot_ws/install/spot_description/bin'
[1.034s] INFO:colcon.colcon_core.shell:Creating package script '/home/manoj/spot_ws/install/spot_description/share/spot_description/package.ps1'
[1.035s] INFO:colcon.colcon_core.shell:Creating package descriptor '/home/manoj/spot_ws/install/spot_description/share/spot_description/package.dsv'
[1.035s] INFO:colcon.colcon_core.shell:Creating package script '/home/manoj/spot_ws/install/spot_description/share/spot_description/package.sh'
[1.036s] INFO:colcon.colcon_core.shell:Creating package script '/home/manoj/spot_ws/install/spot_description/share/spot_description/package.bash'
[1.036s] INFO:colcon.colcon_core.shell:Creating package script '/home/manoj/spot_ws/install/spot_description/share/spot_description/package.zsh'
[1.036s] Level 1:colcon.colcon_core.environment:create_file_with_runtime_dependencies(/home/manoj/spot_ws/install/spot_description/share/colcon-core/packages/spot_description)
[1.037s] INFO:colcon.colcon_ros.task.ament_cmake.build:Building ROS package in '/home/manoj/spot_ws/src/spot_gazebo/spot_gazebo' with build type 'ament_cmake'
[1.037s] INFO:colcon.colcon_cmake.task.cmake.build:Building CMake package in '/home/manoj/spot_ws/src/spot_gazebo/spot_gazebo'
[1.037s] INFO:colcon.colcon_core.shell:Skip shell extension 'powershell' for command environment: Not usable outside of PowerShell
[1.037s] DEBUG:colcon.colcon_core.shell:Skip shell extension 'dsv' for command environment
[1.041s] Level 1:colcon.colcon_core.environment:create_environment_scripts_only(champ)
[1.042s] Level 1:colcon.colcon_core.environment:checking '/home/manoj/spot_ws/install/champ' for CMake module files
[1.042s] Level 1:colcon.colcon_core.environment:checking '/home/manoj/spot_ws/install/champ' for CMake config files
[1.043s] Level 1:colcon.colcon_core.shell:create_environment_hook('champ', 'cmake_prefix_path')
[1.043s] INFO:colcon.colcon_core.shell:Creating environment hook '/home/manoj/spot_ws/install/champ/share/champ/hook/cmake_prefix_path.ps1'
[1.043s] DEBUG:colcon.colcon_core.event_handler.log_command:Invoked command in '/home/manoj/spot_ws/build/champ' returned '0': CMAKE_PREFIX_PATH=/opt/ros/humble /usr/bin/cmake --install /home/manoj/spot_ws/build/champ
[1.044s] INFO:colcon.colcon_core.shell:Creating environment descriptor '/home/manoj/spot_ws/install/champ/share/champ/hook/cmake_prefix_path.dsv'
[1.044s] INFO:colcon.colcon_core.shell:Creating environment hook '/home/manoj/spot_ws/install/champ/share/champ/hook/cmake_prefix_path.sh'
[1.045s] Level 1:colcon.colcon_core.environment:checking '/home/manoj/spot_ws/install/champ/bin'
[1.045s] Level 1:colcon.colcon_core.environment:checking '/home/manoj/spot_ws/install/champ/lib/pkgconfig/champ.pc'
[1.045s] Level 1:colcon.colcon_core.environment:checking '/home/manoj/spot_ws/install/champ/lib/python3.10/site-packages'
[1.045s] Level 1:colcon.colcon_core.environment:checking '/home/manoj/spot_ws/install/champ/bin'
[1.046s] INFO:colcon.colcon_core.shell:Creating package script '/home/manoj/spot_ws/install/champ/share/champ/package.ps1'
[1.047s] INFO:colcon.colcon_core.shell:Creating package descriptor '/home/manoj/spot_ws/install/champ/share/champ/package.dsv'
[1.047s] INFO:colcon.colcon_core.shell:Creating package script '/home/manoj/spot_ws/install/champ/share/champ/package.sh'
[1.047s] INFO:colcon.colcon_core.shell:Creating package script '/home/manoj/spot_ws/install/champ/share/champ/package.bash'
[1.048s] INFO:colcon.colcon_core.shell:Creating package script '/home/manoj/spot_ws/install/champ/share/champ/package.zsh'
[1.048s] Level 1:colcon.colcon_core.environment:create_file_with_runtime_dependencies(/home/manoj/spot_ws/install/champ/share/colcon-core/packages/champ)
[1.049s] Level 1:colcon.colcon_core.environment:create_environment_scripts_only(champ)
[1.049s] Level 1:colcon.colcon_core.environment:checking '/home/manoj/spot_ws/install/champ' for CMake module files
[1.050s] Level 1:colcon.colcon_core.environment:checking '/home/manoj/spot_ws/install/champ' for CMake config files
[1.051s] Level 1:colcon.colcon_core.shell:create_environment_hook('champ', 'cmake_prefix_path')
[1.051s] INFO:colcon.colcon_core.shell:Creating environment hook '/home/manoj/spot_ws/install/champ/share/champ/hook/cmake_prefix_path.ps1'
[1.052s] INFO:colcon.colcon_core.shell:Creating environment descriptor '/home/manoj/spot_ws/install/champ/share/champ/hook/cmake_prefix_path.dsv'
[1.052s] INFO:colcon.colcon_core.shell:Creating environment hook '/home/manoj/spot_ws/install/champ/share/champ/hook/cmake_prefix_path.sh'
[1.053s] Level 1:colcon.colcon_core.environment:checking '/home/manoj/spot_ws/install/champ/bin'
[1.053s] Level 1:colcon.colcon_core.environment:checking '/home/manoj/spot_ws/install/champ/lib/pkgconfig/champ.pc'
[1.054s] Level 1:colcon.colcon_core.environment:checking '/home/manoj/spot_ws/install/champ/lib/python3.10/site-packages'
[1.054s] Level 1:colcon.colcon_core.environment:checking '/home/manoj/spot_ws/install/champ/bin'
[1.054s] INFO:colcon.colcon_core.shell:Creating package script '/home/manoj/spot_ws/install/champ/share/champ/package.ps1'
[1.055s] INFO:colcon.colcon_core.shell:Creating package descriptor '/home/manoj/spot_ws/install/champ/share/champ/package.dsv'
[1.056s] INFO:colcon.colcon_core.shell:Creating package script '/home/manoj/spot_ws/install/champ/share/champ/package.sh'
[1.057s] INFO:colcon.colcon_core.shell:Creating package script '/home/manoj/spot_ws/install/champ/share/champ/package.bash'
[1.057s] INFO:colcon.colcon_core.shell:Creating package script '/home/manoj/spot_ws/install/champ/share/champ/package.zsh'
[1.059s] Level 1:colcon.colcon_core.environment:create_file_with_runtime_dependencies(/home/manoj/spot_ws/install/champ/share/colcon-core/packages/champ)
[1.065s] DEBUG:colcon.colcon_core.event_handler.log_command:Invoking command in '/home/manoj/spot_ws/build/spot_gazebo': AMENT_PREFIX_PATH=/home/manoj/spot_ws/install/spot_description:${AMENT_PREFIX_PATH} CMAKE_PREFIX_PATH=/home/manoj/spot_ws/install/spot_description:/opt/ros/humble IGN_GAZEBO_RESOURCE_PATH=/home/manoj/spot_ws/install/spot_description/share/spot_description/models:${IGN_GAZEBO_RESOURCE_PATH} /usr/bin/cmake --build /home/manoj/spot_ws/build/spot_gazebo -- -j12 -l12
[1.084s] Level 1:colcon.colcon_core.environment:create_environment_scripts_only(champ_msgs)
[1.085s] Level 1:colcon.colcon_core.environment:checking '/home/manoj/spot_ws/install/champ_msgs' for CMake module files
[1.085s] DEBUG:colcon.colcon_core.event_handler.log_command:Invoked command in '/home/manoj/spot_ws/build/champ_msgs' returned '0': CMAKE_PREFIX_PATH=/opt/ros/humble /usr/bin/cmake --install /home/manoj/spot_ws/build/champ_msgs
[1.086s] Level 1:colcon.colcon_core.environment:checking '/home/manoj/spot_ws/install/champ_msgs' for CMake config files
[1.086s] Level 1:colcon.colcon_core.shell:create_environment_hook('champ_msgs', 'cmake_prefix_path')
[1.086s] INFO:colcon.colcon_core.shell:Creating environment hook '/home/manoj/spot_ws/install/champ_msgs/share/champ_msgs/hook/cmake_prefix_path.ps1'
[1.086s] INFO:colcon.colcon_core.shell:Creating environment descriptor '/home/manoj/spot_ws/install/champ_msgs/share/champ_msgs/hook/cmake_prefix_path.dsv'
[1.087s] INFO:colcon.colcon_core.shell:Creating environment hook '/home/manoj/spot_ws/install/champ_msgs/share/champ_msgs/hook/cmake_prefix_path.sh'
[1.087s] Level 1:colcon.colcon_core.environment:checking '/home/manoj/spot_ws/install/champ_msgs/lib'
[1.087s] Level 1:colcon.colcon_core.shell:create_environment_hook('champ_msgs', 'ld_library_path_lib')
[1.087s] INFO:colcon.colcon_core.shell:Creating environment hook '/home/manoj/spot_ws/install/champ_msgs/share/champ_msgs/hook/ld_library_path_lib.ps1'
[1.088s] INFO:colcon.colcon_core.shell:Creating environment descriptor '/home/manoj/spot_ws/install/champ_msgs/share/champ_msgs/hook/ld_library_path_lib.dsv'
[1.088s] INFO:colcon.colcon_core.shell:Creating environment hook '/home/manoj/spot_ws/install/champ_msgs/share/champ_msgs/hook/ld_library_path_lib.sh'
[1.088s] Level 1:colcon.colcon_core.environment:checking '/home/manoj/spot_ws/install/champ_msgs/bin'
[1.088s] Level 1:colcon.colcon_core.environment:checking '/home/manoj/spot_ws/install/champ_msgs/lib/pkgconfig/champ_msgs.pc'
[1.088s] Level 1:colcon.colcon_core.environment:checking '/home/manoj/spot_ws/install/champ_msgs/lib/python3.10/site-packages'
[1.089s] Level 1:colcon.colcon_core.environment:checking '/home/manoj/spot_ws/install/champ_msgs/bin'
[1.089s] INFO:colcon.colcon_core.shell:Creating package script '/home/manoj/spot_ws/install/champ_msgs/share/champ_msgs/package.ps1'
[1.089s] INFO:colcon.colcon_core.shell:Creating package descriptor '/home/manoj/spot_ws/install/champ_msgs/share/champ_msgs/package.dsv'
[1.090s] INFO:colcon.colcon_core.shell:Creating package script '/home/manoj/spot_ws/install/champ_msgs/share/champ_msgs/package.sh'
[1.090s] INFO:colcon.colcon_core.shell:Creating package script '/home/manoj/spot_ws/install/champ_msgs/share/champ_msgs/package.bash'
[1.091s] INFO:colcon.colcon_core.shell:Creating package script '/home/manoj/spot_ws/install/champ_msgs/share/champ_msgs/package.zsh'
[1.091s] Level 1:colcon.colcon_core.environment:create_file_with_runtime_dependencies(/home/manoj/spot_ws/install/champ_msgs/share/colcon-core/packages/champ_msgs)
[1.092s] Level 1:colcon.colcon_core.environment:create_environment_scripts_only(champ_msgs)
[1.092s] Level 1:colcon.colcon_core.environment:checking '/home/manoj/spot_ws/install/champ_msgs' for CMake module files
[1.093s] Level 1:colcon.colcon_core.environment:checking '/home/manoj/spot_ws/install/champ_msgs' for CMake config files
[1.094s] Level 1:colcon.colcon_core.shell:create_environment_hook('champ_msgs', 'cmake_prefix_path')
[1.094s] INFO:colcon.colcon_core.shell:Creating environment hook '/home/manoj/spot_ws/install/champ_msgs/share/champ_msgs/hook/cmake_prefix_path.ps1'
[1.094s] INFO:colcon.colcon_core.shell:Creating environment descriptor '/home/manoj/spot_ws/install/champ_msgs/share/champ_msgs/hook/cmake_prefix_path.dsv'
[1.095s] INFO:colcon.colcon_core.shell:Creating environment hook '/home/manoj/spot_ws/install/champ_msgs/share/champ_msgs/hook/cmake_prefix_path.sh'
[1.095s] Level 1:colcon.colcon_core.environment:checking '/home/manoj/spot_ws/install/champ_msgs/lib'
[1.095s] Level 1:colcon.colcon_core.shell:create_environment_hook('champ_msgs', 'ld_library_path_lib')
[1.096s] INFO:colcon.colcon_core.shell:Creating environment hook '/home/manoj/spot_ws/install/champ_msgs/share/champ_msgs/hook/ld_library_path_lib.ps1'
[1.096s] INFO:colcon.colcon_core.shell:Creating environment descriptor '/home/manoj/spot_ws/install/champ_msgs/share/champ_msgs/hook/ld_library_path_lib.dsv'
[1.097s] INFO:colcon.colcon_core.shell:Creating environment hook '/home/manoj/spot_ws/install/champ_msgs/share/champ_msgs/hook/ld_library_path_lib.sh'
[1.098s] Level 1:colcon.colcon_core.environment:checking '/home/manoj/spot_ws/install/champ_msgs/bin'
[1.098s] Level 1:colcon.colcon_core.environment:checking '/home/manoj/spot_ws/install/champ_msgs/lib/pkgconfig/champ_msgs.pc'
[1.098s] Level 1:colcon.colcon_core.environment:checking '/home/manoj/spot_ws/install/champ_msgs/lib/python3.10/site-packages'
[1.098s] Level 1:colcon.colcon_core.environment:checking '/home/manoj/spot_ws/install/champ_msgs/bin'
[1.099s] INFO:colcon.colcon_core.shell:Creating package script '/home/manoj/spot_ws/install/champ_msgs/share/champ_msgs/package.ps1'
[1.099s] INFO:colcon.colcon_core.shell:Creating package descriptor '/home/manoj/spot_ws/install/champ_msgs/share/champ_msgs/package.dsv'
[1.100s] INFO:colcon.colcon_core.shell:Creating package script '/home/manoj/spot_ws/install/champ_msgs/share/champ_msgs/package.sh'
[1.101s] INFO:colcon.colcon_core.shell:Creating package script '/home/manoj/spot_ws/install/champ_msgs/share/champ_msgs/package.bash'
[1.102s] INFO:colcon.colcon_core.shell:Creating package script '/home/manoj/spot_ws/install/champ_msgs/share/champ_msgs/package.zsh'
[1.103s] Level 1:colcon.colcon_core.environment:create_file_with_runtime_dependencies(/home/manoj/spot_ws/install/champ_msgs/share/colcon-core/packages/champ_msgs)
[1.103s] INFO:colcon.colcon_ros.task.ament_cmake.build:Building ROS package in '/home/manoj/spot_ws/src/spot_gazebo/champ_base' with build type 'ament_cmake'
[1.103s] INFO:colcon.colcon_cmake.task.cmake.build:Building CMake package in '/home/manoj/spot_ws/src/spot_gazebo/champ_base'
[1.104s] INFO:colcon.colcon_core.shell:Skip shell extension 'powershell' for command environment: Not usable outside of PowerShell
[1.104s] DEBUG:colcon.colcon_core.shell:Skip shell extension 'dsv' for command environment
[1.110s] DEBUG:colcon.colcon_core.event_handler.log_command:Invoked command in '/home/manoj/spot_ws/build/spot_gazebo' returned '0': AMENT_PREFIX_PATH=/home/manoj/spot_ws/install/spot_description:${AMENT_PREFIX_PATH} CMAKE_PREFIX_PATH=/home/manoj/spot_ws/install/spot_description:/opt/ros/humble IGN_GAZEBO_RESOURCE_PATH=/home/manoj/spot_ws/install/spot_description/share/spot_description/models:${IGN_GAZEBO_RESOURCE_PATH} /usr/bin/cmake --build /home/manoj/spot_ws/build/spot_gazebo -- -j12 -l12
[1.112s] DEBUG:colcon.colcon_core.event_handler.log_command:Invoking command in '/home/manoj/spot_ws/build/spot_gazebo': AMENT_PREFIX_PATH=/home/manoj/spot_ws/install/spot_description:${AMENT_PREFIX_PATH} CMAKE_PREFIX_PATH=/home/manoj/spot_ws/install/spot_description:/opt/ros/humble IGN_GAZEBO_RESOURCE_PATH=/home/manoj/spot_ws/install/spot_description/share/spot_description/models:${IGN_GAZEBO_RESOURCE_PATH} /usr/bin/cmake --install /home/manoj/spot_ws/build/spot_gazebo
[1.118s] DEBUG:colcon.colcon_core.event_handler.log_command:Invoking command in '/home/manoj/spot_ws/build/champ_base': AMENT_PREFIX_PATH=/home/manoj/spot_ws/install/champ_msgs:/home/manoj/spot_ws/install/champ:${AMENT_PREFIX_PATH} CMAKE_PREFIX_PATH=/home/manoj/spot_ws/install/champ_msgs:/home/manoj/spot_ws/install/champ:/opt/ros/humble LD_LIBRARY_PATH=/home/manoj/spot_ws/install/champ_msgs/lib:${LD_LIBRARY_PATH} PYTHONPATH=/home/manoj/spot_ws/install/champ_msgs/local/lib/python3.10/dist-packages:${PYTHONPATH} /usr/bin/cmake --build /home/manoj/spot_ws/build/champ_base -- -j12 -l12
[1.136s] Level 1:colcon.colcon_core.environment:create_environment_scripts_only(spot_gazebo)
[1.136s] Level 1:colcon.colcon_core.environment:checking '/home/manoj/spot_ws/install/spot_gazebo' for CMake module files
[1.136s] DEBUG:colcon.colcon_core.event_handler.log_command:Invoked command in '/home/manoj/spot_ws/build/spot_gazebo' returned '0': AMENT_PREFIX_PATH=/home/manoj/spot_ws/install/spot_description:${AMENT_PREFIX_PATH} CMAKE_PREFIX_PATH=/home/manoj/spot_ws/install/spot_description:/opt/ros/humble IGN_GAZEBO_RESOURCE_PATH=/home/manoj/spot_ws/install/spot_description/share/spot_description/models:${IGN_GAZEBO_RESOURCE_PATH} /usr/bin/cmake --install /home/manoj/spot_ws/build/spot_gazebo
[1.137s] Level 1:colcon.colcon_core.environment:checking '/home/manoj/spot_ws/install/spot_gazebo' for CMake config files
[1.137s] Level 1:colcon.colcon_core.shell:create_environment_hook('spot_gazebo', 'cmake_prefix_path')
[1.137s] INFO:colcon.colcon_core.shell:Creating environment hook '/home/manoj/spot_ws/install/spot_gazebo/share/spot_gazebo/hook/cmake_prefix_path.ps1'
[1.137s] INFO:colcon.colcon_core.shell:Creating environment descriptor '/home/manoj/spot_ws/install/spot_gazebo/share/spot_gazebo/hook/cmake_prefix_path.dsv'
[1.137s] INFO:colcon.colcon_core.shell:Creating environment hook '/home/manoj/spot_ws/install/spot_gazebo/share/spot_gazebo/hook/cmake_prefix_path.sh'
[1.138s] Level 1:colcon.colcon_core.environment:checking '/home/manoj/spot_ws/install/spot_gazebo/bin'
[1.138s] Level 1:colcon.colcon_core.environment:checking '/home/manoj/spot_ws/install/spot_gazebo/lib/pkgconfig/spot_gazebo.pc'
[1.138s] Level 1:colcon.colcon_core.environment:checking '/home/manoj/spot_ws/install/spot_gazebo/lib/python3.10/site-packages'
[1.138s] Level 1:colcon.colcon_core.environment:checking '/home/manoj/spot_ws/install/spot_gazebo/bin'
[1.139s] INFO:colcon.colcon_core.shell:Creating package script '/home/manoj/spot_ws/install/spot_gazebo/share/spot_gazebo/package.ps1'
[1.139s] INFO:colcon.colcon_core.shell:Creating package descriptor '/home/manoj/spot_ws/install/spot_gazebo/share/spot_gazebo/package.dsv'
[1.140s] INFO:colcon.colcon_core.shell:Creating package script '/home/manoj/spot_ws/install/spot_gazebo/share/spot_gazebo/package.sh'
[1.141s] INFO:colcon.colcon_core.shell:Creating package script '/home/manoj/spot_ws/install/spot_gazebo/share/spot_gazebo/package.bash'
[1.141s] INFO:colcon.colcon_core.shell:Creating package script '/home/manoj/spot_ws/install/spot_gazebo/share/spot_gazebo/package.zsh'
[1.142s] Level 1:colcon.colcon_core.environment:create_file_with_runtime_dependencies(/home/manoj/spot_ws/install/spot_gazebo/share/colcon-core/packages/spot_gazebo)
[1.142s] Level 1:colcon.colcon_core.environment:create_environment_scripts_only(spot_gazebo)
[1.143s] Level 1:colcon.colcon_core.environment:checking '/home/manoj/spot_ws/install/spot_gazebo' for CMake module files
[1.143s] Level 1:colcon.colcon_core.environment:checking '/home/manoj/spot_ws/install/spot_gazebo' for CMake config files
[1.144s] Level 1:colcon.colcon_core.shell:create_environment_hook('spot_gazebo', 'cmake_prefix_path')
[1.144s] INFO:colcon.colcon_core.shell:Creating environment hook '/home/manoj/spot_ws/install/spot_gazebo/share/spot_gazebo/hook/cmake_prefix_path.ps1'
[1.144s] INFO:colcon.colcon_core.shell:Creating environment descriptor '/home/manoj/spot_ws/install/spot_gazebo/share/spot_gazebo/hook/cmake_prefix_path.dsv'
[1.145s] INFO:colcon.colcon_core.shell:Creating environment hook '/home/manoj/spot_ws/install/spot_gazebo/share/spot_gazebo/hook/cmake_prefix_path.sh'
[1.145s] Level 1:colcon.colcon_core.environment:checking '/home/manoj/spot_ws/install/spot_gazebo/bin'
[1.146s] Level 1:colcon.colcon_core.environment:checking '/home/manoj/spot_ws/install/spot_gazebo/lib/pkgconfig/spot_gazebo.pc'
[1.146s] Level 1:colcon.colcon_core.environment:checking '/home/manoj/spot_ws/install/spot_gazebo/lib/python3.10/site-packages'
[1.146s] Level 1:colcon.colcon_core.environment:checking '/home/manoj/spot_ws/install/spot_gazebo/bin'
[1.146s] INFO:colcon.colcon_core.shell:Creating package script '/home/manoj/spot_ws/install/spot_gazebo/share/spot_gazebo/package.ps1'
[1.147s] INFO:colcon.colcon_core.shell:Creating package descriptor '/home/manoj/spot_ws/install/spot_gazebo/share/spot_gazebo/package.dsv'
[1.148s] INFO:colcon.colcon_core.shell:Creating package script '/home/manoj/spot_ws/install/spot_gazebo/share/spot_gazebo/package.sh'
[1.148s] INFO:colcon.colcon_core.shell:Creating package script '/home/manoj/spot_ws/install/spot_gazebo/share/spot_gazebo/package.bash'
[1.149s] INFO:colcon.colcon_core.shell:Creating package script '/home/manoj/spot_ws/install/spot_gazebo/share/spot_gazebo/package.zsh'
[1.149s] Level 1:colcon.colcon_core.environment:create_file_with_runtime_dependencies(/home/manoj/spot_ws/install/spot_gazebo/share/colcon-core/packages/spot_gazebo)
[1.150s] INFO:colcon.colcon_ros.task.ament_python.build:Building ROS package in '/home/manoj/spot_ws/src/spot_gazebo/spot_bringup' with build type 'ament_python'
[1.150s] Level 1:colcon.colcon_core.shell:create_environment_hook('spot_bringup', 'ament_prefix_path')
[1.150s] INFO:colcon.colcon_core.shell:Creating environment hook '/home/manoj/spot_ws/install/spot_bringup/share/spot_bringup/hook/ament_prefix_path.ps1'
[1.151s] INFO:colcon.colcon_core.shell:Creating environment descriptor '/home/manoj/spot_ws/install/spot_bringup/share/spot_bringup/hook/ament_prefix_path.dsv'
[1.151s] INFO:colcon.colcon_core.shell:Creating environment hook '/home/manoj/spot_ws/install/spot_bringup/share/spot_bringup/hook/ament_prefix_path.sh'
[1.151s] INFO:colcon.colcon_core.shell:Skip shell extension 'powershell' for command environment: Not usable outside of PowerShell
[1.151s] DEBUG:colcon.colcon_core.shell:Skip shell extension 'dsv' for command environment
[1.484s] INFO:colcon.colcon_core.task.python.build:Building Python package in '/home/manoj/spot_ws/src/spot_gazebo/spot_bringup'
[1.485s] INFO:colcon.colcon_core.shell:Skip shell extension 'powershell' for command environment: Not usable outside of PowerShell
[1.485s] DEBUG:colcon.colcon_core.shell:Skip shell extension 'dsv' for command environment
[1.489s] DEBUG:colcon.colcon_core.event_handler.log_command:Invoked command in '/home/manoj/spot_ws/build/champ_base' returned '0': AMENT_PREFIX_PATH=/home/manoj/spot_ws/install/champ_msgs:/home/manoj/spot_ws/install/champ:${AMENT_PREFIX_PATH} CMAKE_PREFIX_PATH=/home/manoj/spot_ws/install/champ_msgs:/home/manoj/spot_ws/install/champ:/opt/ros/humble LD_LIBRARY_PATH=/home/manoj/spot_ws/install/champ_msgs/lib:${LD_LIBRARY_PATH} PYTHONPATH=/home/manoj/spot_ws/install/champ_msgs/local/lib/python3.10/dist-packages:${PYTHONPATH} /usr/bin/cmake --build /home/manoj/spot_ws/build/champ_base -- -j12 -l12
[1.491s] DEBUG:colcon.colcon_core.event_handler.log_command:Invoking command in '/home/manoj/spot_ws/build/champ_base': AMENT_PREFIX_PATH=/home/manoj/spot_ws/install/champ_msgs:/home/manoj/spot_ws/install/champ:${AMENT_PREFIX_PATH} CMAKE_PREFIX_PATH=/home/manoj/spot_ws/install/champ_msgs:/home/manoj/spot_ws/install/champ:/opt/ros/humble LD_LIBRARY_PATH=/home/manoj/spot_ws/install/champ_msgs/lib:${LD_LIBRARY_PATH} PYTHONPATH=/home/manoj/spot_ws/install/champ_msgs/local/lib/python3.10/dist-packages:${PYTHONPATH} /usr/bin/cmake --install /home/manoj/spot_ws/build/champ_base
[1.521s] Level 1:colcon.colcon_core.environment:create_environment_scripts_only(champ_base)
[1.521s] Level 1:colcon.colcon_core.environment:checking '/home/manoj/spot_ws/install/champ_base' for CMake module files
[1.522s] DEBUG:colcon.colcon_core.event_handler.log_command:Invoked command in '/home/manoj/spot_ws/build/champ_base' returned '0': AMENT_PREFIX_PATH=/home/manoj/spot_ws/install/champ_msgs:/home/manoj/spot_ws/install/champ:${AMENT_PREFIX_PATH} CMAKE_PREFIX_PATH=/home/manoj/spot_ws/install/champ_msgs:/home/manoj/spot_ws/install/champ:/opt/ros/humble LD_LIBRARY_PATH=/home/manoj/spot_ws/install/champ_msgs/lib:${LD_LIBRARY_PATH} PYTHONPATH=/home/manoj/spot_ws/install/champ_msgs/local/lib/python3.10/dist-packages:${PYTHONPATH} /usr/bin/cmake --install /home/manoj/spot_ws/build/champ_base
[1.522s] Level 1:colcon.colcon_core.environment:checking '/home/manoj/spot_ws/install/champ_base' for CMake config files
[1.522s] Level 1:colcon.colcon_core.shell:create_environment_hook('champ_base', 'cmake_prefix_path')
[1.523s] INFO:colcon.colcon_core.shell:Creating environment hook '/home/manoj/spot_ws/install/champ_base/share/champ_base/hook/cmake_prefix_path.ps1'
[1.524s] INFO:colcon.colcon_core.shell:Creating environment descriptor '/home/manoj/spot_ws/install/champ_base/share/champ_base/hook/cmake_prefix_path.dsv'
[1.524s] INFO:colcon.colcon_core.shell:Creating environment hook '/home/manoj/spot_ws/install/champ_base/share/champ_base/hook/cmake_prefix_path.sh'
[1.525s] Level 1:colcon.colcon_core.environment:checking '/home/manoj/spot_ws/install/champ_base/lib'
[1.525s] Level 1:colcon.colcon_core.shell:create_environment_hook('champ_base', 'ld_library_path_lib')
[1.526s] INFO:colcon.colcon_core.shell:Creating environment hook '/home/manoj/spot_ws/install/champ_base/share/champ_base/hook/ld_library_path_lib.ps1'
[1.527s] INFO:colcon.colcon_core.shell:Creating environment descriptor '/home/manoj/spot_ws/install/champ_base/share/champ_base/hook/ld_library_path_lib.dsv'
[1.527s] INFO:colcon.colcon_core.shell:Creating environment hook '/home/manoj/spot_ws/install/champ_base/share/champ_base/hook/ld_library_path_lib.sh'
[1.527s] Level 1:colcon.colcon_core.environment:checking '/home/manoj/spot_ws/install/champ_base/bin'
[1.527s] Level 1:colcon.colcon_core.shell:create_environment_hook('champ_base', 'path')
[1.528s] INFO:colcon.colcon_core.shell:Creating environment hook '/home/manoj/spot_ws/install/champ_base/share/champ_base/hook/path.ps1'
[1.528s] INFO:colcon.colcon_core.shell:Creating environment descriptor '/home/manoj/spot_ws/install/champ_base/share/champ_base/hook/path.dsv'
[1.528s] INFO:colcon.colcon_core.shell:Creating environment hook '/home/manoj/spot_ws/install/champ_base/share/champ_base/hook/path.sh'
[1.529s] Level 1:colcon.colcon_core.environment:checking '/home/manoj/spot_ws/install/champ_base/lib/pkgconfig/champ_base.pc'
[1.529s] Level 1:colcon.colcon_core.environment:checking '/home/manoj/spot_ws/install/champ_base/lib/python3.10/site-packages'
[1.529s] Level 1:colcon.colcon_core.environment:checking '/home/manoj/spot_ws/install/champ_base/bin'
[1.529s] Level 1:colcon.colcon_core.shell:create_environment_hook('champ_base', 'pythonscriptspath')
[1.530s] INFO:colcon.colcon_core.shell:Creating environment hook '/home/manoj/spot_ws/install/champ_base/share/champ_base/hook/pythonscriptspath.ps1'
[1.530s] INFO:colcon.colcon_core.shell:Creating environment descriptor '/home/manoj/spot_ws/install/champ_base/share/champ_base/hook/pythonscriptspath.dsv'
[1.531s] INFO:colcon.colcon_core.shell:Creating environment hook '/home/manoj/spot_ws/install/champ_base/share/champ_base/hook/pythonscriptspath.sh'
[1.532s] INFO:colcon.colcon_core.shell:Creating package script '/home/manoj/spot_ws/install/champ_base/share/champ_base/package.ps1'
[1.533s] INFO:colcon.colcon_core.shell:Creating package descriptor '/home/manoj/spot_ws/install/champ_base/share/champ_base/package.dsv'
[1.534s] INFO:colcon.colcon_core.shell:Creating package script '/home/manoj/spot_ws/install/champ_base/share/champ_base/package.sh'
[1.534s] INFO:colcon.colcon_core.shell:Creating package script '/home/manoj/spot_ws/install/champ_base/share/champ_base/package.bash'
[1.534s] INFO:colcon.colcon_core.shell:Creating package script '/home/manoj/spot_ws/install/champ_base/share/champ_base/package.zsh'
[1.535s] Level 1:colcon.colcon_core.environment:create_file_with_runtime_dependencies(/home/manoj/spot_ws/install/champ_base/share/colcon-core/packages/champ_base)
[1.535s] Level 1:colcon.colcon_core.environment:create_environment_scripts_only(champ_base)
[1.536s] Level 1:colcon.colcon_core.environment:checking '/home/manoj/spot_ws/install/champ_base' for CMake module files
[1.536s] Level 1:colcon.colcon_core.environment:checking '/home/manoj/spot_ws/install/champ_base' for CMake config files
[1.536s] Level 1:colcon.colcon_core.shell:create_environment_hook('champ_base', 'cmake_prefix_path')
[1.536s] INFO:colcon.colcon_core.shell:Creating environment hook '/home/manoj/spot_ws/install/champ_base/share/champ_base/hook/cmake_prefix_path.ps1'
[1.537s] INFO:colcon.colcon_core.shell:Creating environment descriptor '/home/manoj/spot_ws/install/champ_base/share/champ_base/hook/cmake_prefix_path.dsv'
[1.537s] INFO:colcon.colcon_core.shell:Creating environment hook '/home/manoj/spot_ws/install/champ_base/share/champ_base/hook/cmake_prefix_path.sh'
[1.537s] Level 1:colcon.colcon_core.environment:checking '/home/manoj/spot_ws/install/champ_base/lib'
[1.538s] Level 1:colcon.colcon_core.shell:create_environment_hook('champ_base', 'ld_library_path_lib')
[1.538s] INFO:colcon.colcon_core.shell:Creating environment hook '/home/manoj/spot_ws/install/champ_base/share/champ_base/hook/ld_library_path_lib.ps1'
[1.538s] INFO:colcon.colcon_core.shell:Creating environment descriptor '/home/manoj/spot_ws/install/champ_base/share/champ_base/hook/ld_library_path_lib.dsv'
[1.538s] INFO:colcon.colcon_core.shell:Creating environment hook '/home/manoj/spot_ws/install/champ_base/share/champ_base/hook/ld_library_path_lib.sh'
[1.539s] Level 1:colcon.colcon_core.environment:checking '/home/manoj/spot_ws/install/champ_base/bin'
[1.539s] Level 1:colcon.colcon_core.shell:create_environment_hook('champ_base', 'path')
[1.539s] INFO:colcon.colcon_core.shell:Creating environment hook '/home/manoj/spot_ws/install/champ_base/share/champ_base/hook/path.ps1'
[1.539s] INFO:colcon.colcon_core.shell:Creating environment descriptor '/home/manoj/spot_ws/install/champ_base/share/champ_base/hook/path.dsv'
[1.540s] INFO:colcon.colcon_core.shell:Creating environment hook '/home/manoj/spot_ws/install/champ_base/share/champ_base/hook/path.sh'
[1.540s] Level 1:colcon.colcon_core.environment:checking '/home/manoj/spot_ws/install/champ_base/lib/pkgconfig/champ_base.pc'
[1.541s] Level 1:colcon.colcon_core.environment:checking '/home/manoj/spot_ws/install/champ_base/lib/python3.10/site-packages'
[1.541s] Level 1:colcon.colcon_core.environment:checking '/home/manoj/spot_ws/install/champ_base/bin'
[1.541s] Level 1:colcon.colcon_core.shell:create_environment_hook('champ_base', 'pythonscriptspath')
[1.541s] INFO:colcon.colcon_core.shell:Creating environment hook '/home/manoj/spot_ws/install/champ_base/share/champ_base/hook/pythonscriptspath.ps1'
[1.542s] INFO:colcon.colcon_core.shell:Creating environment descriptor '/home/manoj/spot_ws/install/champ_base/share/champ_base/hook/pythonscriptspath.dsv'
[1.543s] INFO:colcon.colcon_core.shell:Creating environment hook '/home/manoj/spot_ws/install/champ_base/share/champ_base/hook/pythonscriptspath.sh'
[1.544s] INFO:colcon.colcon_core.shell:Creating package script '/home/manoj/spot_ws/install/champ_base/share/champ_base/package.ps1'
[1.544s] INFO:colcon.colcon_core.shell:Creating package descriptor '/home/manoj/spot_ws/install/champ_base/share/champ_base/package.dsv'
[1.545s] INFO:colcon.colcon_core.shell:Creating package script '/home/manoj/spot_ws/install/champ_base/share/champ_base/package.sh'
[1.545s] INFO:colcon.colcon_core.shell:Creating package script '/home/manoj/spot_ws/install/champ_base/share/champ_base/package.bash'
[1.546s] INFO:colcon.colcon_core.shell:Creating package script '/home/manoj/spot_ws/install/champ_base/share/champ_base/package.zsh'
[1.547s] Level 1:colcon.colcon_core.environment:create_file_with_runtime_dependencies(/home/manoj/spot_ws/install/champ_base/share/colcon-core/packages/champ_base)
[1.548s] INFO:colcon.colcon_ros.task.ament_cmake.build:Building ROS package in '/home/manoj/spot_ws/src/spot_gazebo/champ_config' with build type 'ament_cmake'
[1.548s] INFO:colcon.colcon_cmake.task.cmake.build:Building CMake package in '/home/manoj/spot_ws/src/spot_gazebo/champ_config'
[1.548s] INFO:colcon.colcon_core.shell:Skip shell extension 'powershell' for command environment: Not usable outside of PowerShell
[1.548s] DEBUG:colcon.colcon_core.shell:Skip shell extension 'dsv' for command environment
[1.567s] DEBUG:colcon.colcon_core.event_handler.log_command:Invoking command in '/home/manoj/spot_ws/src/spot_gazebo/spot_navigation': PYTHONPATH=/home/manoj/spot_ws/build/spot_navigation/prefix_override:/usr/lib/python3/dist-packages/colcon_core/task/python/colcon_distutils_commands:/home/manoj/spot_ws/install/spot_navigation/lib/python3.10/site-packages:${PYTHONPATH} /usr/bin/python3 -W ignore:setup.py install is deprecated -W ignore:easy_install command is deprecated setup.py egg_info --egg-base ../../../build/spot_navigation build --build-base /home/manoj/spot_ws/build/spot_navigation/build install --record /home/manoj/spot_ws/build/spot_navigation/install.log --single-version-externally-managed install_data
[1.570s] DEBUG:colcon.colcon_core.event_handler.log_command:Invoking command in '/home/manoj/spot_ws/build/champ_config': AMENT_PREFIX_PATH=/home/manoj/spot_ws/install/champ_base:/home/manoj/spot_ws/install/champ_msgs:/home/manoj/spot_ws/install/champ:${AMENT_PREFIX_PATH} CMAKE_PREFIX_PATH=/home/manoj/spot_ws/install/champ_base:/home/manoj/spot_ws/install/champ_msgs:/home/manoj/spot_ws/install/champ:/opt/ros/humble LD_LIBRARY_PATH=/home/manoj/spot_ws/install/champ_base/lib:/home/manoj/spot_ws/install/champ_msgs/lib:${LD_LIBRARY_PATH} PATH=/home/manoj/spot_ws/install/champ_base/bin:${PATH} PYTHONPATH=/home/manoj/spot_ws/install/champ_msgs/local/lib/python3.10/dist-packages:${PYTHONPATH} /usr/bin/cmake --build /home/manoj/spot_ws/build/champ_config -- -j12 -l12
[1.618s] DEBUG:colcon.colcon_core.event_handler.log_command:Invoked command in '/home/manoj/spot_ws/build/champ_config' returned '0': AMENT_PREFIX_PATH=/home/manoj/spot_ws/install/champ_base:/home/manoj/spot_ws/install/champ_msgs:/home/manoj/spot_ws/install/champ:${AMENT_PREFIX_PATH} CMAKE_PREFIX_PATH=/home/manoj/spot_ws/install/champ_base:/home/manoj/spot_ws/install/champ_msgs:/home/manoj/spot_ws/install/champ:/opt/ros/humble LD_LIBRARY_PATH=/home/manoj/spot_ws/install/champ_base/lib:/home/manoj/spot_ws/install/champ_msgs/lib:${LD_LIBRARY_PATH} PATH=/home/manoj/spot_ws/install/champ_base/bin:${PATH} PYTHONPATH=/home/manoj/spot_ws/install/champ_msgs/local/lib/python3.10/dist-packages:${PYTHONPATH} /usr/bin/cmake --build /home/manoj/spot_ws/build/champ_config -- -j12 -l12
[1.619s] DEBUG:colcon.colcon_core.event_handler.log_command:Invoking command in '/home/manoj/spot_ws/build/champ_config': AMENT_PREFIX_PATH=/home/manoj/spot_ws/install/champ_base:/home/manoj/spot_ws/install/champ_msgs:/home/manoj/spot_ws/install/champ:${AMENT_PREFIX_PATH} CMAKE_PREFIX_PATH=/home/manoj/spot_ws/install/champ_base:/home/manoj/spot_ws/install/champ_msgs:/home/manoj/spot_ws/install/champ:/opt/ros/humble LD_LIBRARY_PATH=/home/manoj/spot_ws/install/champ_base/lib:/home/manoj/spot_ws/install/champ_msgs/lib:${LD_LIBRARY_PATH} PATH=/home/manoj/spot_ws/install/champ_base/bin:${PATH} PYTHONPATH=/home/manoj/spot_ws/install/champ_msgs/local/lib/python3.10/dist-packages:${PYTHONPATH} /usr/bin/cmake --install /home/manoj/spot_ws/build/champ_config
[1.645s] Level 1:colcon.colcon_core.environment:create_environment_scripts_only(champ_config)
[1.646s] Level 1:colcon.colcon_core.environment:checking '/home/manoj/spot_ws/install/champ_config' for CMake module files
[1.647s] DEBUG:colcon.colcon_core.event_handler.log_command:Invoked command in '/home/manoj/spot_ws/build/champ_config' returned '0': AMENT_PREFIX_PATH=/home/manoj/spot_ws/install/champ_base:/home/manoj/spot_ws/install/champ_msgs:/home/manoj/spot_ws/install/champ:${AMENT_PREFIX_PATH} CMAKE_PREFIX_PATH=/home/manoj/spot_ws/install/champ_base:/home/manoj/spot_ws/install/champ_msgs:/home/manoj/spot_ws/install/champ:/opt/ros/humble LD_LIBRARY_PATH=/home/manoj/spot_ws/install/champ_base/lib:/home/manoj/spot_ws/install/champ_msgs/lib:${LD_LIBRARY_PATH} PATH=/home/manoj/spot_ws/install/champ_base/bin:${PATH} PYTHONPATH=/home/manoj/spot_ws/install/champ_msgs/local/lib/python3.10/dist-packages:${PYTHONPATH} /usr/bin/cmake --install /home/manoj/spot_ws/build/champ_config
[1.647s] Level 1:colcon.colcon_core.environment:checking '/home/manoj/spot_ws/install/champ_config' for CMake config files
[1.648s] Level 1:colcon.colcon_core.shell:create_environment_hook('champ_config', 'cmake_prefix_path')
[1.648s] INFO:colcon.colcon_core.shell:Creating environment hook '/home/manoj/spot_ws/install/champ_config/share/champ_config/hook/cmake_prefix_path.ps1'
[1.649s] INFO:colcon.colcon_core.shell:Creating environment descriptor '/home/manoj/spot_ws/install/champ_config/share/champ_config/hook/cmake_prefix_path.dsv'
[1.650s] INFO:colcon.colcon_core.shell:Creating environment hook '/home/manoj/spot_ws/install/champ_config/share/champ_config/hook/cmake_prefix_path.sh'
[1.651s] Level 1:colcon.colcon_core.environment:checking '/home/manoj/spot_ws/install/champ_config/bin'
[1.651s] Level 1:colcon.colcon_core.environment:checking '/home/manoj/spot_ws/install/champ_config/lib/pkgconfig/champ_config.pc'
[1.651s] Level 1:colcon.colcon_core.environment:checking '/home/manoj/spot_ws/install/champ_config/lib/python3.10/site-packages'
[1.651s] Level 1:colcon.colcon_core.environment:checking '/home/manoj/spot_ws/install/champ_config/bin'
[1.651s] INFO:colcon.colcon_core.shell:Creating package script '/home/manoj/spot_ws/install/champ_config/share/champ_config/package.ps1'
[1.651s] INFO:colcon.colcon_core.shell:Creating package descriptor '/home/manoj/spot_ws/install/champ_config/share/champ_config/package.dsv'
[1.652s] INFO:colcon.colcon_core.shell:Creating package script '/home/manoj/spot_ws/install/champ_config/share/champ_config/package.sh'
[1.652s] INFO:colcon.colcon_core.shell:Creating package script '/home/manoj/spot_ws/install/champ_config/share/champ_config/package.bash'
[1.652s] INFO:colcon.colcon_core.shell:Creating package script '/home/manoj/spot_ws/install/champ_config/share/champ_config/package.zsh'
[1.652s] Level 1:colcon.colcon_core.environment:create_file_with_runtime_dependencies(/home/manoj/spot_ws/install/champ_config/share/colcon-core/packages/champ_config)
[1.653s] Level 1:colcon.colcon_core.environment:create_environment_scripts_only(champ_config)
[1.653s] Level 1:colcon.colcon_core.environment:checking '/home/manoj/spot_ws/install/champ_config' for CMake module files
[1.653s] Level 1:colcon.colcon_core.environment:checking '/home/manoj/spot_ws/install/champ_config' for CMake config files
[1.653s] Level 1:colcon.colcon_core.shell:create_environment_hook('champ_config', 'cmake_prefix_path')
[1.653s] INFO:colcon.colcon_core.shell:Creating environment hook '/home/manoj/spot_ws/install/champ_config/share/champ_config/hook/cmake_prefix_path.ps1'
[1.654s] INFO:colcon.colcon_core.shell:Creating environment descriptor '/home/manoj/spot_ws/install/champ_config/share/champ_config/hook/cmake_prefix_path.dsv'
[1.654s] INFO:colcon.colcon_core.shell:Creating environment hook '/home/manoj/spot_ws/install/champ_config/share/champ_config/hook/cmake_prefix_path.sh'
[1.654s] Level 1:colcon.colcon_core.environment:checking '/home/manoj/spot_ws/install/champ_config/bin'
[1.654s] Level 1:colcon.colcon_core.environment:checking '/home/manoj/spot_ws/install/champ_config/lib/pkgconfig/champ_config.pc'
[1.655s] Level 1:colcon.colcon_core.environment:checking '/home/manoj/spot_ws/install/champ_config/lib/python3.10/site-packages'
[1.655s] Level 1:colcon.colcon_core.environment:checking '/home/manoj/spot_ws/install/champ_config/bin'
[1.655s] INFO:colcon.colcon_core.shell:Creating package script '/home/manoj/spot_ws/install/champ_config/share/champ_config/package.ps1'
[1.655s] INFO:colcon.colcon_core.shell:Creating package descriptor '/home/manoj/spot_ws/install/champ_config/share/champ_config/package.dsv'
[1.656s] INFO:colcon.colcon_core.shell:Creating package script '/home/manoj/spot_ws/install/champ_config/share/champ_config/package.sh'
[1.656s] INFO:colcon.colcon_core.shell:Creating package script '/home/manoj/spot_ws/install/champ_config/share/champ_config/package.bash'
[1.656s] INFO:colcon.colcon_core.shell:Creating package script '/home/manoj/spot_ws/install/champ_config/share/champ_config/package.zsh'
[1.657s] Level 1:colcon.colcon_core.environment:create_file_with_runtime_dependencies(/home/manoj/spot_ws/install/champ_config/share/colcon-core/packages/champ_config)
[1.949s] DEBUG:colcon.colcon_core.event_handler.log_command:Invoking command in '/home/manoj/spot_ws/src/spot_gazebo/spot_bringup': AMENT_PREFIX_PATH=/home/manoj/spot_ws/install/spot_gazebo:/home/manoj/spot_ws/install/spot_description:${AMENT_PREFIX_PATH} CMAKE_PREFIX_PATH=/home/manoj/spot_ws/install/spot_gazebo:/home/manoj/spot_ws/install/spot_description IGN_GAZEBO_PLUGIN_PATH=/home/manoj/spot_ws/install/spot_gazebo/lib/spot_gazebo IGN_GAZEBO_RESOURCE_PATH=/home/manoj/spot_ws/install/spot_gazebo/share/spot_gazebo/worlds:/home/manoj/spot_ws/install/spot_description/share/spot_description/models:${IGN_GAZEBO_RESOURCE_PATH} PYTHONPATH=/home/manoj/spot_ws/build/spot_bringup/prefix_override:/usr/lib/python3/dist-packages/colcon_core/task/python/colcon_distutils_commands:/home/manoj/spot_ws/install/spot_bringup/lib/python3.10/site-packages:${PYTHONPATH} /usr/bin/python3 -W ignore:setup.py install is deprecated -W ignore:easy_install command is deprecated setup.py egg_info --egg-base ../../../build/spot_bringup build --build-base /home/manoj/spot_ws/build/spot_bringup/build install --record /home/manoj/spot_ws/build/spot_bringup/install.log --single-version-externally-managed install_data
[1.972s] Level 1:colcon.colcon_core.environment:checking '/home/manoj/spot_ws/install/spot_navigation' for CMake module files
[1.973s] DEBUG:colcon.colcon_core.event_handler.log_command:Invoked command in '/home/manoj/spot_ws/src/spot_gazebo/spot_navigation' returned '0': PYTHONPATH=/home/manoj/spot_ws/build/spot_navigation/prefix_override:/usr/lib/python3/dist-packages/colcon_core/task/python/colcon_distutils_commands:/home/manoj/spot_ws/install/spot_navigation/lib/python3.10/site-packages:${PYTHONPATH} /usr/bin/python3 -W ignore:setup.py install is deprecated -W ignore:easy_install command is deprecated setup.py egg_info --egg-base ../../../build/spot_navigation build --build-base /home/manoj/spot_ws/build/spot_navigation/build install --record /home/manoj/spot_ws/build/spot_navigation/install.log --single-version-externally-managed install_data
[1.974s] Level 1:colcon.colcon_core.environment:checking '/home/manoj/spot_ws/install/spot_navigation' for CMake config files
[1.975s] Level 1:colcon.colcon_core.environment:checking '/home/manoj/spot_ws/install/spot_navigation/lib'
[1.975s] Level 1:colcon.colcon_core.environment:checking '/home/manoj/spot_ws/install/spot_navigation/bin'
[1.975s] Level 1:colcon.colcon_core.environment:checking '/home/manoj/spot_ws/install/spot_navigation/lib/pkgconfig/spot_navigation.pc'
[1.976s] Level 1:colcon.colcon_core.environment:checking '/home/manoj/spot_ws/install/spot_navigation/lib/python3.10/site-packages'
[1.976s] Level 1:colcon.colcon_core.shell:create_environment_hook('spot_navigation', 'pythonpath')
[1.976s] INFO:colcon.colcon_core.shell:Creating environment hook '/home/manoj/spot_ws/install/spot_navigation/share/spot_navigation/hook/pythonpath.ps1'
[1.977s] INFO:colcon.colcon_core.shell:Creating environment descriptor '/home/manoj/spot_ws/install/spot_navigation/share/spot_navigation/hook/pythonpath.dsv'
[1.978s] INFO:colcon.colcon_core.shell:Creating environment hook '/home/manoj/spot_ws/install/spot_navigation/share/spot_navigation/hook/pythonpath.sh'
[1.979s] Level 1:colcon.colcon_core.environment:checking '/home/manoj/spot_ws/install/spot_navigation/bin'
[1.979s] Level 1:colcon.colcon_core.environment:create_environment_scripts_only(spot_navigation)
[1.980s] INFO:colcon.colcon_core.shell:Creating package script '/home/manoj/spot_ws/install/spot_navigation/share/spot_navigation/package.ps1'
[1.981s] INFO:colcon.colcon_core.shell:Creating package descriptor '/home/manoj/spot_ws/install/spot_navigation/share/spot_navigation/package.dsv'
[1.982s] INFO:colcon.colcon_core.shell:Creating package script '/home/manoj/spot_ws/install/spot_navigation/share/spot_navigation/package.sh'
[1.983s] INFO:colcon.colcon_core.shell:Creating package script '/home/manoj/spot_ws/install/spot_navigation/share/spot_navigation/package.bash'
[1.984s] INFO:colcon.colcon_core.shell:Creating package script '/home/manoj/spot_ws/install/spot_navigation/share/spot_navigation/package.zsh'
[1.984s] Level 1:colcon.colcon_core.environment:create_file_with_runtime_dependencies(/home/manoj/spot_ws/install/spot_navigation/share/colcon-core/packages/spot_navigation)
[2.287s] Level 1:colcon.colcon_core.environment:checking '/home/manoj/spot_ws/install/spot_bringup' for CMake module files
[2.287s] DEBUG:colcon.colcon_core.event_handler.log_command:Invoked command in '/home/manoj/spot_ws/src/spot_gazebo/spot_bringup' returned '0': AMENT_PREFIX_PATH=/home/manoj/spot_ws/install/spot_gazebo:/home/manoj/spot_ws/install/spot_description:${AMENT_PREFIX_PATH} CMAKE_PREFIX_PATH=/home/manoj/spot_ws/install/spot_gazebo:/home/manoj/spot_ws/install/spot_description IGN_GAZEBO_PLUGIN_PATH=/home/manoj/spot_ws/install/spot_gazebo/lib/spot_gazebo IGN_GAZEBO_RESOURCE_PATH=/home/manoj/spot_ws/install/spot_gazebo/share/spot_gazebo/worlds:/home/manoj/spot_ws/install/spot_description/share/spot_description/models:${IGN_GAZEBO_RESOURCE_PATH} PYTHONPATH=/home/manoj/spot_ws/build/spot_bringup/prefix_override:/usr/lib/python3/dist-packages/colcon_core/task/python/colcon_distutils_commands:/home/manoj/spot_ws/install/spot_bringup/lib/python3.10/site-packages:${PYTHONPATH} /usr/bin/python3 -W ignore:setup.py install is deprecated -W ignore:easy_install command is deprecated setup.py egg_info --egg-base ../../../build/spot_bringup build --build-base /home/manoj/spot_ws/build/spot_bringup/build install --record /home/manoj/spot_ws/build/spot_bringup/install.log --single-version-externally-managed install_data
[2.288s] Level 1:colcon.colcon_core.environment:checking '/home/manoj/spot_ws/install/spot_bringup' for CMake config files
[2.288s] Level 1:colcon.colcon_core.environment:checking '/home/manoj/spot_ws/install/spot_bringup/lib'
[2.288s] Level 1:colcon.colcon_core.environment:checking '/home/manoj/spot_ws/install/spot_bringup/bin'
[2.288s] Level 1:colcon.colcon_core.environment:checking '/home/manoj/spot_ws/install/spot_bringup/lib/pkgconfig/spot_bringup.pc'
[2.288s] Level 1:colcon.colcon_core.environment:checking '/home/manoj/spot_ws/install/spot_bringup/lib/python3.10/site-packages'
[2.288s] Level 1:colcon.colcon_core.shell:create_environment_hook('spot_bringup', 'pythonpath')
[2.288s] INFO:colcon.colcon_core.shell:Creating environment hook '/home/manoj/spot_ws/install/spot_bringup/share/spot_bringup/hook/pythonpath.ps1'
[2.289s] INFO:colcon.colcon_core.shell:Creating environment descriptor '/home/manoj/spot_ws/install/spot_bringup/share/spot_bringup/hook/pythonpath.dsv'
[2.289s] INFO:colcon.colcon_core.shell:Creating environment hook '/home/manoj/spot_ws/install/spot_bringup/share/spot_bringup/hook/pythonpath.sh'
[2.290s] Level 1:colcon.colcon_core.environment:checking '/home/manoj/spot_ws/install/spot_bringup/bin'
[2.290s] Level 1:colcon.colcon_core.environment:create_environment_scripts_only(spot_bringup)
[2.290s] INFO:colcon.colcon_core.shell:Creating package script '/home/manoj/spot_ws/install/spot_bringup/share/spot_bringup/package.ps1'
[2.292s] INFO:colcon.colcon_core.shell:Creating package descriptor '/home/manoj/spot_ws/install/spot_bringup/share/spot_bringup/package.dsv'
[2.293s] INFO:colcon.colcon_core.shell:Creating package script '/home/manoj/spot_ws/install/spot_bringup/share/spot_bringup/package.sh'
[2.295s] INFO:colcon.colcon_core.shell:Creating package script '/home/manoj/spot_ws/install/spot_bringup/share/spot_bringup/package.bash'
[2.296s] INFO:colcon.colcon_core.shell:Creating package script '/home/manoj/spot_ws/install/spot_bringup/share/spot_bringup/package.zsh'
[2.297s] Level 1:colcon.colcon_core.environment:create_file_with_runtime_dependencies(/home/manoj/spot_ws/install/spot_bringup/share/colcon-core/packages/spot_bringup)
[2.298s] DEBUG:colcon.colcon_parallel_executor.executor.parallel:closing loop
[2.298s] DEBUG:colcon.colcon_parallel_executor.executor.parallel:loop closed
[2.298s] DEBUG:colcon.colcon_parallel_executor.executor.parallel:run_until_complete finished with '0'
[2.299s] DEBUG:colcon.colcon_core.event_reactor:joining thread
[2.303s] INFO:colcon.colcon_core.plugin_system:Skipping extension 'colcon_notification.desktop_notification.terminal_notifier': Not used on non-Darwin systems
[2.303s] INFO:colcon.colcon_core.plugin_system:Skipping extension 'colcon_notification.desktop_notification.win32': Not used on non-Windows systems
[2.303s] INFO:colcon.colcon_notification.desktop_notification:Sending desktop notification using 'notify2'
[2.315s] DEBUG:colcon.colcon_core.event_reactor:joined thread
[2.315s] INFO:colcon.colcon_core.shell:Creating prefix script '/home/manoj/spot_ws/install/local_setup.ps1'
[2.318s] INFO:colcon.colcon_core.shell:Creating prefix util module '/home/manoj/spot_ws/install/_local_setup_util_ps1.py'
[2.322s] INFO:colcon.colcon_core.shell:Creating prefix chain script '/home/manoj/spot_ws/install/setup.ps1'
[2.326s] INFO:colcon.colcon_core.shell:Creating prefix script '/home/manoj/spot_ws/install/local_setup.sh'
[2.328s] INFO:colcon.colcon_core.shell:Creating prefix util module '/home/manoj/spot_ws/install/_local_setup_util_sh.py'
[2.329s] INFO:colcon.colcon_core.shell:Creating prefix chain script '/home/manoj/spot_ws/install/setup.sh'
[2.332s] INFO:colcon.colcon_core.shell:Creating prefix script '/home/manoj/spot_ws/install/local_setup.bash'
[2.334s] INFO:colcon.colcon_core.shell:Creating prefix chain script '/home/manoj/spot_ws/install/setup.bash'
[2.335s] INFO:colcon.colcon_core.shell:Creating prefix script '/home/manoj/spot_ws/install/local_setup.zsh'
[2.336s] INFO:colcon.colcon_core.shell:Creating prefix chain script '/home/manoj/spot_ws/install/setup.zsh'
