[0.018s] Invoking command in '/home/manoj/spot_ws/build/spot_description': CMAKE_PREFIX_PATH=/opt/ros/humble /usr/bin/cmake /home/manoj/spot_ws/src/spot_gazebo/spot_description -DAMENT_CMAKE_SYMLINK_INSTALL=1 -DCMAKE_INSTALL_PREFIX=/home/manoj/spot_ws/install/spot_description
[0.064s] -- The C compiler identification is GNU 11.4.0
[0.105s] -- The CXX compiler identification is GNU 11.4.0
[0.113s] -- Detecting C compiler ABI info
[0.167s] -- Detecting C compiler ABI info - done
[0.173s] -- Check for working C compiler: /usr/bin/cc - skipped
[0.173s] -- Detecting C compile features
[0.173s] -- Detecting C compile features - done
[0.175s] -- Detecting CXX compiler ABI info
[0.237s] -- Detecting CXX compiler ABI info - done
[0.243s] -- Check for working CXX compiler: /usr/bin/c++ - skipped
[0.243s] -- Detecting CXX compile features
[0.244s] -- Detecting CXX compile features - done
[0.245s] -- Found ament_cmake: 1.3.11 (/opt/ros/humble/share/ament_cmake/cmake)
[0.381s] -- Found Python3: /usr/bin/python3 (found version "3.10.12") found components: Interpreter 
[0.442s] -- Override CMake install command with custom implementation using symlinks instead of copying resources
[0.472s] -- Found ament_lint_auto: 0.12.12 (/opt/ros/humble/share/ament_lint_auto/cmake)
[0.515s] -- Configuring done
[0.516s] -- Generating done
[0.517s] -- Build files have been written to: /home/manoj/spot_ws/build/spot_description
[0.520s] Invoked command in '/home/manoj/spot_ws/build/spot_description' returned '0': CMAKE_PREFIX_PATH=/opt/ros/humble /usr/bin/cmake /home/manoj/spot_ws/src/spot_gazebo/spot_description -DAMENT_CMAKE_SYMLINK_INSTALL=1 -DCMAKE_INSTALL_PREFIX=/home/manoj/spot_ws/install/spot_description
[0.523s] Invoking command in '/home/manoj/spot_ws/build/spot_description': CMAKE_PREFIX_PATH=/opt/ros/humble /usr/bin/cmake --build /home/manoj/spot_ws/build/spot_description -- -j12 -l12
[0.552s] Invoked command in '/home/manoj/spot_ws/build/spot_description' returned '0': CMAKE_PREFIX_PATH=/opt/ros/humble /usr/bin/cmake --build /home/manoj/spot_ws/build/spot_description -- -j12 -l12
[0.561s] Invoking command in '/home/manoj/spot_ws/build/spot_description': CMAKE_PREFIX_PATH=/opt/ros/humble /usr/bin/cmake --install /home/manoj/spot_ws/build/spot_description
[0.567s] -- Install configuration: ""
[0.567s] -- Execute custom install script
[0.568s] -- Symlinking: /home/manoj/spot_ws/install/spot_description/share/spot_description/models/spot/meshes/PPV4_Sim_Base.STL
[0.575s] -- Symlinking: /home/manoj/spot_ws/install/spot_description/share/spot_description/models/spot/meshes/birdcage.STL
[0.581s] -- Symlinking: /home/manoj/spot_ws/install/spot_description/share/spot_description/models/spot/meshes/body.dae
[0.588s] -- Symlinking: /home/manoj/spot_ws/install/spot_description/share/spot_description/models/spot/meshes/body_collision.stl
[0.595s] -- Symlinking: /home/manoj/spot_ws/install/spot_description/share/spot_description/models/spot/meshes/front_left_hip.dae
[0.600s] -- Symlinking: /home/manoj/spot_ws/install/spot_description/share/spot_description/models/spot/meshes/front_left_hip_collision.stl
[0.608s] -- Symlinking: /home/manoj/spot_ws/install/spot_description/share/spot_description/models/spot/meshes/front_left_lower_leg.dae
[0.613s] -- Symlinking: /home/manoj/spot_ws/install/spot_description/share/spot_description/models/spot/meshes/front_left_lower_leg_collision.stl
[0.620s] -- Symlinking: /home/manoj/spot_ws/install/spot_description/share/spot_description/models/spot/meshes/front_left_upper_leg.dae
[0.628s] -- Symlinking: /home/manoj/spot_ws/install/spot_description/share/spot_description/models/spot/meshes/front_left_upper_leg_collision.stl
[0.636s] -- Symlinking: /home/manoj/spot_ws/install/spot_description/share/spot_description/models/spot/meshes/front_right_hip.dae
[0.644s] -- Symlinking: /home/manoj/spot_ws/install/spot_description/share/spot_description/models/spot/meshes/front_right_hip_collision.stl
[0.651s] -- Symlinking: /home/manoj/spot_ws/install/spot_description/share/spot_description/models/spot/meshes/front_right_lower_leg.dae
[0.659s] -- Symlinking: /home/manoj/spot_ws/install/spot_description/share/spot_description/models/spot/meshes/front_right_lower_leg_collision.stl
[0.666s] -- Symlinking: /home/manoj/spot_ws/install/spot_description/share/spot_description/models/spot/meshes/front_right_upper_leg.dae
[0.674s] -- Symlinking: /home/manoj/spot_ws/install/spot_description/share/spot_description/models/spot/meshes/front_right_upper_leg_collision.stl
[0.681s] -- Symlinking: /home/manoj/spot_ws/install/spot_description/share/spot_description/models/spot/meshes/lidar_3d_v1.dae
[0.689s] -- Symlinking: /home/manoj/spot_ws/install/spot_description/share/spot_description/models/spot/meshes/lidar_3d_v1.jpg
[0.697s] -- Symlinking: /home/manoj/spot_ws/install/spot_description/share/spot_description/models/spot/meshes/rear_left_hip.dae
[0.704s] -- Symlinking: /home/manoj/spot_ws/install/spot_description/share/spot_description/models/spot/meshes/rear_left_hip_collision.stl
[0.711s] -- Symlinking: /home/manoj/spot_ws/install/spot_description/share/spot_description/models/spot/meshes/rear_left_lower_leg.dae
[0.717s] -- Symlinking: /home/manoj/spot_ws/install/spot_description/share/spot_description/models/spot/meshes/rear_left_lower_leg_collision.stl
[0.725s] -- Symlinking: /home/manoj/spot_ws/install/spot_description/share/spot_description/models/spot/meshes/rear_left_upper_leg.dae
[0.733s] -- Symlinking: /home/manoj/spot_ws/install/spot_description/share/spot_description/models/spot/meshes/rear_left_upper_leg_collision.stl
[0.741s] -- Symlinking: /home/manoj/spot_ws/install/spot_description/share/spot_description/models/spot/meshes/rear_right_hip.dae
[0.750s] -- Symlinking: /home/manoj/spot_ws/install/spot_description/share/spot_description/models/spot/meshes/rear_right_hip_collision.stl
[0.758s] -- Symlinking: /home/manoj/spot_ws/install/spot_description/share/spot_description/models/spot/meshes/rear_right_lower_leg.dae
[0.766s] -- Symlinking: /home/manoj/spot_ws/install/spot_description/share/spot_description/models/spot/meshes/rear_right_lower_leg_collision.stl
[0.771s] -- Symlinking: /home/manoj/spot_ws/install/spot_description/share/spot_description/models/spot/meshes/rear_right_upper_leg.dae
[0.778s] -- Symlinking: /home/manoj/spot_ws/install/spot_description/share/spot_description/models/spot/meshes/rear_right_upper_leg_collision.stl
[0.785s] -- Symlinking: /home/manoj/spot_ws/install/spot_description/share/spot_description/models/spot/meshes/sensor_payload_link.STL
[0.791s] -- Symlinking: /home/manoj/spot_ws/install/spot_description/share/spot_description/models/spot/meshes/spot_mat.png
[0.799s] -- Symlinking: /home/manoj/spot_ws/install/spot_description/share/spot_description/models/spot/meshes/spot_payload.stl
[0.807s] -- Symlinking: /home/manoj/spot_ws/install/spot_description/share/spot_description/models/spot/model.config
[0.815s] -- Symlinking: /home/manoj/spot_ws/install/spot_description/share/spot_description/models/spot/model.sdf
[0.823s] -- Symlinking: /home/manoj/spot_ws/install/spot_description/share/spot_description/models/spot/model.urdf
[0.829s] -- Symlinking: /home/manoj/spot_ws/install/spot_description/share/spot_description/environment/spot_description.dsv
[0.837s] -- Symlinking: /home/manoj/spot_ws/install/spot_description/share/spot_description/environment/spot_description.sh
[0.844s] -- Symlinking: /home/manoj/spot_ws/install/spot_description/share/ament_index/resource_index/package_run_dependencies/spot_description
[0.852s] -- Symlinking: /home/manoj/spot_ws/install/spot_description/share/ament_index/resource_index/parent_prefix_path/spot_description
[0.857s] -- Symlinking: /home/manoj/spot_ws/install/spot_description/share/spot_description/environment/ament_prefix_path.sh
[0.863s] -- Symlinking: /home/manoj/spot_ws/install/spot_description/share/spot_description/environment/ament_prefix_path.dsv
[0.871s] -- Symlinking: /home/manoj/spot_ws/install/spot_description/share/spot_description/environment/path.sh
[0.877s] -- Symlinking: /home/manoj/spot_ws/install/spot_description/share/spot_description/environment/path.dsv
[0.884s] -- Symlinking: /home/manoj/spot_ws/install/spot_description/share/spot_description/local_setup.bash
[0.890s] -- Symlinking: /home/manoj/spot_ws/install/spot_description/share/spot_description/local_setup.sh
[0.897s] -- Symlinking: /home/manoj/spot_ws/install/spot_description/share/spot_description/local_setup.zsh
[0.904s] -- Symlinking: /home/manoj/spot_ws/install/spot_description/share/spot_description/local_setup.dsv
[0.911s] -- Symlinking: /home/manoj/spot_ws/install/spot_description/share/spot_description/package.dsv
[0.918s] -- Symlinking: /home/manoj/spot_ws/install/spot_description/share/ament_index/resource_index/packages/spot_description
[0.926s] -- Symlinking: /home/manoj/spot_ws/install/spot_description/share/spot_description/cmake/spot_descriptionConfig.cmake
[0.933s] -- Symlinking: /home/manoj/spot_ws/install/spot_description/share/spot_description/cmake/spot_descriptionConfig-version.cmake
[0.941s] -- Symlinking: /home/manoj/spot_ws/install/spot_description/share/spot_description/package.xml
[0.950s] Invoked command in '/home/manoj/spot_ws/build/spot_description' returned '0': CMAKE_PREFIX_PATH=/opt/ros/humble /usr/bin/cmake --install /home/manoj/spot_ws/build/spot_description
