running develop
Removing /home/manoj/spot_ws/install/spot_bringup/lib/python3.10/site-packages/spot-bringup.egg-link (link to .)
running egg_info
writing ../../../build/spot_bringup/spot_bringup.egg-info/PKG-INFO
writing dependency_links to ../../../build/spot_bringup/spot_bringup.egg-info/dependency_links.txt
writing entry points to ../../../build/spot_bringup/spot_bringup.egg-info/entry_points.txt
writing requirements to ../../../build/spot_bringup/spot_bringup.egg-info/requires.txt
writing top-level names to ../../../build/spot_bringup/spot_bringup.egg-info/top_level.txt
reading manifest file '../../../build/spot_bringup/spot_bringup.egg-info/SOURCES.txt'
writing manifest file '../../../build/spot_bringup/spot_bringup.egg-info/SOURCES.txt'
running build
running build_py
creating /home/manoj/spot_ws/build/spot_bringup/build
creating /home/manoj/spot_ws/build/spot_bringup/build/lib
creating /home/manoj/spot_ws/build/spot_bringup/build/lib/spot_bringup
copying spot_bringup/thermal_to_rgb.py -> /home/manoj/spot_ws/build/spot_bringup/build/lib/spot_bringup
copying spot_bringup/__init__.py -> /home/manoj/spot_ws/build/spot_bringup/build/lib/spot_bringup
running install
running install_lib
creating /home/manoj/spot_ws/install/spot_bringup/lib/python3.10/site-packages/spot_bringup
copying /home/manoj/spot_ws/build/spot_bringup/build/lib/spot_bringup/thermal_to_rgb.py -> /home/manoj/spot_ws/install/spot_bringup/lib/python3.10/site-packages/spot_bringup
copying /home/manoj/spot_ws/build/spot_bringup/build/lib/spot_bringup/__init__.py -> /home/manoj/spot_ws/install/spot_bringup/lib/python3.10/site-packages/spot_bringup
byte-compiling /home/manoj/spot_ws/install/spot_bringup/lib/python3.10/site-packages/spot_bringup/thermal_to_rgb.py to thermal_to_rgb.cpython-310.pyc
byte-compiling /home/manoj/spot_ws/install/spot_bringup/lib/python3.10/site-packages/spot_bringup/__init__.py to __init__.cpython-310.pyc
running install_data
copying resource/spot_bringup -> /home/manoj/spot_ws/install/spot_bringup/share/ament_index/resource_index/packages
copying package.xml -> /home/manoj/spot_ws/install/spot_bringup/share/spot_bringup
copying launch/spot.gazebo.launch.py -> /home/manoj/spot_ws/install/spot_bringup/share/spot_bringup/launch
copying config/spot_bridge.yaml -> /home/manoj/spot_ws/install/spot_bringup/share/spot_bringup/config
copying config/spot.rviz -> /home/manoj/spot_ws/install/spot_bringup/share/spot_bringup/config
copying config/spot_nav.rviz -> /home/manoj/spot_ws/install/spot_bringup/share/spot_bringup/config
running install_egg_info
Copying ../../../build/spot_bringup/spot_bringup.egg-info to /home/manoj/spot_ws/install/spot_bringup/lib/python3.10/site-packages/spot_bringup-0.0.1-py3.10.egg-info
running install_scripts
Installing thermal_to_rgb script to /home/manoj/spot_ws/install/spot_bringup/lib/spot_bringup
writing list of installed files to '/home/manoj/spot_ws/build/spot_bringup/install.log'
