[0.006s] Invoking command in '/home/manoj/spot_ws/build/spot_gazebo': CMAKE_PREFIX_PATH=/home/manoj/spot_ws/install/spot_description:/home/manoj/spot_ws/install/spot_gazebo:/home/manoj/spot_ws/install/champ_config:/home/manoj/spot_ws/install/champ_base:/home/manoj/spot_ws/install/champ_msgs:/home/manoj/spot_ws/install/champ:/home/manoj/spot_ws/install/spot_navigation:/home/manoj/spot_ws/install/spot_bringup:/opt/ros/humble IGN_GAZEBO_RESOURCE_PATH=/home/manoj/spot_ws/install/spot_description/share/spot_description/models:${IGN_GAZEBO_RESOURCE_PATH} /usr/bin/cmake /home/manoj/spot_ws/src/spot_gazebo/spot_gazebo -DCMAKE_INSTALL_PREFIX=/home/manoj/spot_ws/install/spot_gazebo
[0.018s] -- Found ament_cmake: 1.3.11 (/opt/ros/humble/share/ament_cmake/cmake)
[0.131s] -- Override CMake install command with custom implementation using symlinks instead of copying resources
[0.137s] -- Found spot_description: 0.0.0 (/home/manoj/spot_ws/install/spot_description/share/spot_description/cmake)
[0.138s] -- Found ament_lint_auto: 0.12.12 (/opt/ros/humble/share/ament_lint_auto/cmake)
[0.206s] -- Configuring done
[0.209s] -- Generating done
[0.211s] -- Build files have been written to: /home/manoj/spot_ws/build/spot_gazebo
[0.213s] Invoked command in '/home/manoj/spot_ws/build/spot_gazebo' returned '0': CMAKE_PREFIX_PATH=/home/manoj/spot_ws/install/spot_description:/home/manoj/spot_ws/install/spot_gazebo:/home/manoj/spot_ws/install/champ_config:/home/manoj/spot_ws/install/champ_base:/home/manoj/spot_ws/install/champ_msgs:/home/manoj/spot_ws/install/champ:/home/manoj/spot_ws/install/spot_navigation:/home/manoj/spot_ws/install/spot_bringup:/opt/ros/humble IGN_GAZEBO_RESOURCE_PATH=/home/manoj/spot_ws/install/spot_description/share/spot_description/models:${IGN_GAZEBO_RESOURCE_PATH} /usr/bin/cmake /home/manoj/spot_ws/src/spot_gazebo/spot_gazebo -DCMAKE_INSTALL_PREFIX=/home/manoj/spot_ws/install/spot_gazebo
[0.214s] Invoking command in '/home/manoj/spot_ws/build/spot_gazebo': CMAKE_PREFIX_PATH=/home/manoj/spot_ws/install/spot_description:/home/manoj/spot_ws/install/spot_gazebo:/home/manoj/spot_ws/install/champ_config:/home/manoj/spot_ws/install/champ_base:/home/manoj/spot_ws/install/champ_msgs:/home/manoj/spot_ws/install/champ:/home/manoj/spot_ws/install/spot_navigation:/home/manoj/spot_ws/install/spot_bringup:/opt/ros/humble IGN_GAZEBO_RESOURCE_PATH=/home/manoj/spot_ws/install/spot_description/share/spot_description/models:${IGN_GAZEBO_RESOURCE_PATH} /usr/bin/cmake --build /home/manoj/spot_ws/build/spot_gazebo -- -j12 -l12
[0.246s] Invoked command in '/home/manoj/spot_ws/build/spot_gazebo' returned '0': CMAKE_PREFIX_PATH=/home/manoj/spot_ws/install/spot_description:/home/manoj/spot_ws/install/spot_gazebo:/home/manoj/spot_ws/install/champ_config:/home/manoj/spot_ws/install/champ_base:/home/manoj/spot_ws/install/champ_msgs:/home/manoj/spot_ws/install/champ:/home/manoj/spot_ws/install/spot_navigation:/home/manoj/spot_ws/install/spot_bringup:/opt/ros/humble IGN_GAZEBO_RESOURCE_PATH=/home/manoj/spot_ws/install/spot_description/share/spot_description/models:${IGN_GAZEBO_RESOURCE_PATH} /usr/bin/cmake --build /home/manoj/spot_ws/build/spot_gazebo -- -j12 -l12
[0.250s] Invoking command in '/home/manoj/spot_ws/build/spot_gazebo': CMAKE_PREFIX_PATH=/home/manoj/spot_ws/install/spot_description:/home/manoj/spot_ws/install/spot_gazebo:/home/manoj/spot_ws/install/champ_config:/home/manoj/spot_ws/install/champ_base:/home/manoj/spot_ws/install/champ_msgs:/home/manoj/spot_ws/install/champ:/home/manoj/spot_ws/install/spot_navigation:/home/manoj/spot_ws/install/spot_bringup:/opt/ros/humble IGN_GAZEBO_RESOURCE_PATH=/home/manoj/spot_ws/install/spot_description/share/spot_description/models:${IGN_GAZEBO_RESOURCE_PATH} /usr/bin/cmake --install /home/manoj/spot_ws/build/spot_gazebo
[0.257s] -- Install configuration: ""
[0.257s] -- Execute custom install script
[0.258s] -- Up-to-date symlink: /home/manoj/spot_ws/install/spot_gazebo/share/spot_gazebo/worlds/edgar_mine.sdf
[0.258s] -- Up-to-date symlink: /home/manoj/spot_ws/install/spot_gazebo/share/spot_gazebo/worlds/simple_tunnel.sdf
[0.258s] -- Up-to-date symlink: /home/manoj/spot_ws/install/spot_gazebo/share/spot_gazebo/environment/spot_gazebo.dsv
[0.258s] -- Up-to-date symlink: /home/manoj/spot_ws/install/spot_gazebo/share/spot_gazebo/environment/spot_gazebo.sh
[0.258s] -- Up-to-date symlink: /home/manoj/spot_ws/install/spot_gazebo/share/ament_index/resource_index/package_run_dependencies/spot_gazebo
[0.258s] -- Up-to-date symlink: /home/manoj/spot_ws/install/spot_gazebo/share/ament_index/resource_index/parent_prefix_path/spot_gazebo
[0.258s] -- Up-to-date symlink: /home/manoj/spot_ws/install/spot_gazebo/share/spot_gazebo/environment/ament_prefix_path.sh
[0.258s] -- Up-to-date symlink: /home/manoj/spot_ws/install/spot_gazebo/share/spot_gazebo/environment/ament_prefix_path.dsv
[0.259s] -- Up-to-date symlink: /home/manoj/spot_ws/install/spot_gazebo/share/spot_gazebo/environment/path.sh
[0.259s] -- Up-to-date symlink: /home/manoj/spot_ws/install/spot_gazebo/share/spot_gazebo/environment/path.dsv
[0.259s] -- Up-to-date symlink: /home/manoj/spot_ws/install/spot_gazebo/share/spot_gazebo/local_setup.bash
[0.260s] -- Up-to-date symlink: /home/manoj/spot_ws/install/spot_gazebo/share/spot_gazebo/local_setup.sh
[0.260s] -- Up-to-date symlink: /home/manoj/spot_ws/install/spot_gazebo/share/spot_gazebo/local_setup.zsh
[0.260s] -- Up-to-date symlink: /home/manoj/spot_ws/install/spot_gazebo/share/spot_gazebo/local_setup.dsv
[0.261s] -- Symlinking: /home/manoj/spot_ws/install/spot_gazebo/share/spot_gazebo/package.dsv
[0.268s] -- Up-to-date symlink: /home/manoj/spot_ws/install/spot_gazebo/share/ament_index/resource_index/packages/spot_gazebo
[0.269s] -- Up-to-date symlink: /home/manoj/spot_ws/install/spot_gazebo/share/spot_gazebo/cmake/spot_gazeboConfig.cmake
[0.269s] -- Up-to-date symlink: /home/manoj/spot_ws/install/spot_gazebo/share/spot_gazebo/cmake/spot_gazeboConfig-version.cmake
[0.269s] -- Up-to-date symlink: /home/manoj/spot_ws/install/spot_gazebo/share/spot_gazebo/package.xml
[0.271s] Invoked command in '/home/manoj/spot_ws/build/spot_gazebo' returned '0': CMAKE_PREFIX_PATH=/home/manoj/spot_ws/install/spot_description:/home/manoj/spot_ws/install/spot_gazebo:/home/manoj/spot_ws/install/champ_config:/home/manoj/spot_ws/install/champ_base:/home/manoj/spot_ws/install/champ_msgs:/home/manoj/spot_ws/install/champ:/home/manoj/spot_ws/install/spot_navigation:/home/manoj/spot_ws/install/spot_bringup:/opt/ros/humble IGN_GAZEBO_RESOURCE_PATH=/home/manoj/spot_ws/install/spot_description/share/spot_description/models:${IGN_GAZEBO_RESOURCE_PATH} /usr/bin/cmake --install /home/manoj/spot_ws/build/spot_gazebo
