[0.082s] DEBUG:colcon:Command line arguments: ['/usr/bin/colcon', 'list', '-p', '--base-paths', '/home/manoj/spot_ws']
[0.082s] DEBUG:colcon:Parsed command line arguments: Namespace(log_base=None, log_level=None, verb_name='list', build_base='build', ignore_user_meta=False, metas=['./colcon.meta'], base_paths=['/home/manoj/spot_ws'], packages_ignore=None, packages_ignore_regex=None, paths=None, packages_up_to=None, packages_up_to_regex=None, packages_above=None, packages_above_and_dependencies=None, packages_above_depth=None, packages_select_by_dep=None, packages_skip_by_dep=None, packages_skip_up_to=None, packages_select_build_failed=False, packages_skip_build_finished=False, packages_select_test_failures=False, packages_skip_test_passed=False, packages_select=None, packages_skip=None, packages_select_regex=None, packages_skip_regex=None, packages_start=None, packages_end=None, allow_overriding=[], topological_order=False, names_only=False, paths_only=True, topological_graph=False, topological_graph_dot=False, topological_graph_density=False, topological_graph_legend=False, topological_graph_dot_cluster=False, topological_graph_dot_include_skipped=False, mixin_files=None, mixin=None, verb_parser=<colcon_mixin.mixin.mixin_argument.MixinArgumentDecorator object at 0x7bc0ec1bc1f0>, verb_extension=<colcon_package_information.verb.list.ListVerb object at 0x7bc0ec173130>, main=<bound method ListVerb.main of <colcon_package_information.verb.list.ListVerb object at 0x7bc0ec173130>>, mixin_verb=('list',))
[0.211s] Level 1:colcon.colcon_core.package_discovery:discover_packages(colcon_meta) check parameters
[0.211s] Level 1:colcon.colcon_core.package_discovery:discover_packages(recursive) check parameters
[0.211s] Level 1:colcon.colcon_core.package_discovery:discover_packages(ignore) check parameters
[0.211s] Level 1:colcon.colcon_core.package_discovery:discover_packages(path) check parameters
[0.211s] Level 1:colcon.colcon_core.package_discovery:discover_packages(recursive) discover
[0.211s] INFO:colcon.colcon_core.package_discovery:Crawling recursively for packages in '/home/manoj/spot_ws'
[0.211s] Level 1:colcon.colcon_core.package_identification:_identify(/home/manoj/spot_ws) by extensions ['ignore', 'ignore_ament_install']
[0.211s] Level 1:colcon.colcon_core.package_identification:_identify(/home/manoj/spot_ws) by extension 'ignore'
[0.211s] Level 1:colcon.colcon_core.package_identification:_identify(/home/manoj/spot_ws) by extension 'ignore_ament_install'
[0.211s] Level 1:colcon.colcon_core.package_identification:_identify(/home/manoj/spot_ws) by extensions ['colcon_pkg']
[0.211s] Level 1:colcon.colcon_core.package_identification:_identify(/home/manoj/spot_ws) by extension 'colcon_pkg'
[0.211s] Level 1:colcon.colcon_core.package_identification:_identify(/home/manoj/spot_ws) by extensions ['colcon_meta']
[0.211s] Level 1:colcon.colcon_core.package_identification:_identify(/home/manoj/spot_ws) by extension 'colcon_meta'
[0.211s] Level 1:colcon.colcon_core.package_identification:_identify(/home/manoj/spot_ws) by extensions ['ros']
[0.211s] Level 1:colcon.colcon_core.package_identification:_identify(/home/manoj/spot_ws) by extension 'ros'
[0.226s] Level 1:colcon.colcon_core.package_identification:_identify(/home/manoj/spot_ws) by extensions ['cmake', 'python']
[0.226s] Level 1:colcon.colcon_core.package_identification:_identify(/home/manoj/spot_ws) by extension 'cmake'
[0.226s] Level 1:colcon.colcon_core.package_identification:_identify(/home/manoj/spot_ws) by extension 'python'
[0.226s] Level 1:colcon.colcon_core.package_identification:_identify(/home/manoj/spot_ws) by extensions ['python_setup_py']
[0.226s] Level 1:colcon.colcon_core.package_identification:_identify(/home/manoj/spot_ws) by extension 'python_setup_py'
[0.226s] Level 1:colcon.colcon_core.package_identification:_identify(/home/manoj/spot_ws/build) by extensions ['ignore', 'ignore_ament_install']
[0.226s] Level 1:colcon.colcon_core.package_identification:_identify(/home/manoj/spot_ws/build) by extension 'ignore'
[0.226s] Level 1:colcon.colcon_core.package_identification:_identify(/home/manoj/spot_ws/build) ignored
[0.226s] Level 1:colcon.colcon_core.package_identification:_identify(/home/manoj/spot_ws/install) by extensions ['ignore', 'ignore_ament_install']
[0.226s] Level 1:colcon.colcon_core.package_identification:_identify(/home/manoj/spot_ws/install) by extension 'ignore'
[0.226s] Level 1:colcon.colcon_core.package_identification:_identify(/home/manoj/spot_ws/install) ignored
[0.226s] Level 1:colcon.colcon_core.package_identification:_identify(/home/manoj/spot_ws/log) by extensions ['ignore', 'ignore_ament_install']
[0.227s] Level 1:colcon.colcon_core.package_identification:_identify(/home/manoj/spot_ws/log) by extension 'ignore'
[0.227s] Level 1:colcon.colcon_core.package_identification:_identify(/home/manoj/spot_ws/log) ignored
[0.227s] Level 1:colcon.colcon_core.package_identification:_identify(/home/manoj/spot_ws/src) by extensions ['ignore', 'ignore_ament_install']
[0.227s] Level 1:colcon.colcon_core.package_identification:_identify(/home/manoj/spot_ws/src) by extension 'ignore'
[0.227s] Level 1:colcon.colcon_core.package_identification:_identify(/home/manoj/spot_ws/src) by extension 'ignore_ament_install'
[0.227s] Level 1:colcon.colcon_core.package_identification:_identify(/home/manoj/spot_ws/src) by extensions ['colcon_pkg']
[0.227s] Level 1:colcon.colcon_core.package_identification:_identify(/home/manoj/spot_ws/src) by extension 'colcon_pkg'
[0.227s] Level 1:colcon.colcon_core.package_identification:_identify(/home/manoj/spot_ws/src) by extensions ['colcon_meta']
[0.227s] Level 1:colcon.colcon_core.package_identification:_identify(/home/manoj/spot_ws/src) by extension 'colcon_meta'
[0.227s] Level 1:colcon.colcon_core.package_identification:_identify(/home/manoj/spot_ws/src) by extensions ['ros']
[0.227s] Level 1:colcon.colcon_core.package_identification:_identify(/home/manoj/spot_ws/src) by extension 'ros'
[0.227s] Level 1:colcon.colcon_core.package_identification:_identify(/home/manoj/spot_ws/src) by extensions ['cmake', 'python']
[0.227s] Level 1:colcon.colcon_core.package_identification:_identify(/home/manoj/spot_ws/src) by extension 'cmake'
[0.227s] Level 1:colcon.colcon_core.package_identification:_identify(/home/manoj/spot_ws/src) by extension 'python'
[0.227s] Level 1:colcon.colcon_core.package_identification:_identify(/home/manoj/spot_ws/src) by extensions ['python_setup_py']
[0.227s] Level 1:colcon.colcon_core.package_identification:_identify(/home/manoj/spot_ws/src) by extension 'python_setup_py'
[0.227s] Level 1:colcon.colcon_core.package_identification:_identify(/home/manoj/spot_ws/src/spot_gazebo) by extensions ['ignore', 'ignore_ament_install']
[0.227s] Level 1:colcon.colcon_core.package_identification:_identify(/home/manoj/spot_ws/src/spot_gazebo) by extension 'ignore'
[0.227s] Level 1:colcon.colcon_core.package_identification:_identify(/home/manoj/spot_ws/src/spot_gazebo) by extension 'ignore_ament_install'
[0.227s] Level 1:colcon.colcon_core.package_identification:_identify(/home/manoj/spot_ws/src/spot_gazebo) by extensions ['colcon_pkg']
[0.227s] Level 1:colcon.colcon_core.package_identification:_identify(/home/manoj/spot_ws/src/spot_gazebo) by extension 'colcon_pkg'
[0.227s] Level 1:colcon.colcon_core.package_identification:_identify(/home/manoj/spot_ws/src/spot_gazebo) by extensions ['colcon_meta']
[0.227s] Level 1:colcon.colcon_core.package_identification:_identify(/home/manoj/spot_ws/src/spot_gazebo) by extension 'colcon_meta'
[0.227s] Level 1:colcon.colcon_core.package_identification:_identify(/home/manoj/spot_ws/src/spot_gazebo) by extensions ['ros']
[0.227s] Level 1:colcon.colcon_core.package_identification:_identify(/home/manoj/spot_ws/src/spot_gazebo) by extension 'ros'
[0.227s] Level 1:colcon.colcon_core.package_identification:_identify(/home/manoj/spot_ws/src/spot_gazebo) by extensions ['cmake', 'python']
[0.227s] Level 1:colcon.colcon_core.package_identification:_identify(/home/manoj/spot_ws/src/spot_gazebo) by extension 'cmake'
[0.227s] Level 1:colcon.colcon_core.package_identification:_identify(/home/manoj/spot_ws/src/spot_gazebo) by extension 'python'
[0.227s] Level 1:colcon.colcon_core.package_identification:_identify(/home/manoj/spot_ws/src/spot_gazebo) by extensions ['python_setup_py']
[0.227s] Level 1:colcon.colcon_core.package_identification:_identify(/home/manoj/spot_ws/src/spot_gazebo) by extension 'python_setup_py'
[0.227s] Level 1:colcon.colcon_core.package_identification:_identify(/home/manoj/spot_ws/src/spot_gazebo/assets) by extensions ['ignore', 'ignore_ament_install']
[0.227s] Level 1:colcon.colcon_core.package_identification:_identify(/home/manoj/spot_ws/src/spot_gazebo/assets) by extension 'ignore'
[0.227s] Level 1:colcon.colcon_core.package_identification:_identify(/home/manoj/spot_ws/src/spot_gazebo/assets) by extension 'ignore_ament_install'
[0.227s] Level 1:colcon.colcon_core.package_identification:_identify(/home/manoj/spot_ws/src/spot_gazebo/assets) by extensions ['colcon_pkg']
[0.227s] Level 1:colcon.colcon_core.package_identification:_identify(/home/manoj/spot_ws/src/spot_gazebo/assets) by extension 'colcon_pkg'
[0.228s] Level 1:colcon.colcon_core.package_identification:_identify(/home/manoj/spot_ws/src/spot_gazebo/assets) by extensions ['colcon_meta']
[0.228s] Level 1:colcon.colcon_core.package_identification:_identify(/home/manoj/spot_ws/src/spot_gazebo/assets) by extension 'colcon_meta'
[0.228s] Level 1:colcon.colcon_core.package_identification:_identify(/home/manoj/spot_ws/src/spot_gazebo/assets) by extensions ['ros']
[0.228s] Level 1:colcon.colcon_core.package_identification:_identify(/home/manoj/spot_ws/src/spot_gazebo/assets) by extension 'ros'
[0.228s] Level 1:colcon.colcon_core.package_identification:_identify(/home/manoj/spot_ws/src/spot_gazebo/assets) by extensions ['cmake', 'python']
[0.228s] Level 1:colcon.colcon_core.package_identification:_identify(/home/manoj/spot_ws/src/spot_gazebo/assets) by extension 'cmake'
[0.228s] Level 1:colcon.colcon_core.package_identification:_identify(/home/manoj/spot_ws/src/spot_gazebo/assets) by extension 'python'
[0.228s] Level 1:colcon.colcon_core.package_identification:_identify(/home/manoj/spot_ws/src/spot_gazebo/assets) by extensions ['python_setup_py']
[0.228s] Level 1:colcon.colcon_core.package_identification:_identify(/home/manoj/spot_ws/src/spot_gazebo/assets) by extension 'python_setup_py'
[0.228s] Level 1:colcon.colcon_core.package_identification:_identify(/home/manoj/spot_ws/src/spot_gazebo/champ) by extensions ['ignore', 'ignore_ament_install']
[0.228s] Level 1:colcon.colcon_core.package_identification:_identify(/home/manoj/spot_ws/src/spot_gazebo/champ) by extension 'ignore'
[0.228s] Level 1:colcon.colcon_core.package_identification:_identify(/home/manoj/spot_ws/src/spot_gazebo/champ) by extension 'ignore_ament_install'
[0.228s] Level 1:colcon.colcon_core.package_identification:_identify(/home/manoj/spot_ws/src/spot_gazebo/champ) by extensions ['colcon_pkg']
[0.228s] Level 1:colcon.colcon_core.package_identification:_identify(/home/manoj/spot_ws/src/spot_gazebo/champ) by extension 'colcon_pkg'
[0.228s] Level 1:colcon.colcon_core.package_identification:_identify(/home/manoj/spot_ws/src/spot_gazebo/champ) by extensions ['colcon_meta']
[0.228s] Level 1:colcon.colcon_core.package_identification:_identify(/home/manoj/spot_ws/src/spot_gazebo/champ) by extension 'colcon_meta'
[0.228s] Level 1:colcon.colcon_core.package_identification:_identify(/home/manoj/spot_ws/src/spot_gazebo/champ) by extensions ['ros']
[0.228s] Level 1:colcon.colcon_core.package_identification:_identify(/home/manoj/spot_ws/src/spot_gazebo/champ) by extension 'ros'
[0.230s] DEBUG:colcon.colcon_core.package_identification:Package '/home/manoj/spot_ws/src/spot_gazebo/champ' with type 'ros.ament_cmake' and name 'champ'
[0.230s] Level 1:colcon.colcon_core.package_identification:_identify(/home/manoj/spot_ws/src/spot_gazebo/champ_base) by extensions ['ignore', 'ignore_ament_install']
[0.230s] Level 1:colcon.colcon_core.package_identification:_identify(/home/manoj/spot_ws/src/spot_gazebo/champ_base) by extension 'ignore'
[0.230s] Level 1:colcon.colcon_core.package_identification:_identify(/home/manoj/spot_ws/src/spot_gazebo/champ_base) by extension 'ignore_ament_install'
[0.230s] Level 1:colcon.colcon_core.package_identification:_identify(/home/manoj/spot_ws/src/spot_gazebo/champ_base) by extensions ['colcon_pkg']
[0.230s] Level 1:colcon.colcon_core.package_identification:_identify(/home/manoj/spot_ws/src/spot_gazebo/champ_base) by extension 'colcon_pkg'
[0.230s] Level 1:colcon.colcon_core.package_identification:_identify(/home/manoj/spot_ws/src/spot_gazebo/champ_base) by extensions ['colcon_meta']
[0.230s] Level 1:colcon.colcon_core.package_identification:_identify(/home/manoj/spot_ws/src/spot_gazebo/champ_base) by extension 'colcon_meta'
[0.230s] Level 1:colcon.colcon_core.package_identification:_identify(/home/manoj/spot_ws/src/spot_gazebo/champ_base) by extensions ['ros']
[0.230s] Level 1:colcon.colcon_core.package_identification:_identify(/home/manoj/spot_ws/src/spot_gazebo/champ_base) by extension 'ros'
[0.231s] DEBUG:colcon.colcon_core.package_identification:Package '/home/manoj/spot_ws/src/spot_gazebo/champ_base' with type 'ros.ament_cmake' and name 'champ_base'
[0.231s] Level 1:colcon.colcon_core.package_identification:_identify(/home/manoj/spot_ws/src/spot_gazebo/champ_config) by extensions ['ignore', 'ignore_ament_install']
[0.231s] Level 1:colcon.colcon_core.package_identification:_identify(/home/manoj/spot_ws/src/spot_gazebo/champ_config) by extension 'ignore'
[0.231s] Level 1:colcon.colcon_core.package_identification:_identify(/home/manoj/spot_ws/src/spot_gazebo/champ_config) by extension 'ignore_ament_install'
[0.232s] Level 1:colcon.colcon_core.package_identification:_identify(/home/manoj/spot_ws/src/spot_gazebo/champ_config) by extensions ['colcon_pkg']
[0.232s] Level 1:colcon.colcon_core.package_identification:_identify(/home/manoj/spot_ws/src/spot_gazebo/champ_config) by extension 'colcon_pkg'
[0.232s] Level 1:colcon.colcon_core.package_identification:_identify(/home/manoj/spot_ws/src/spot_gazebo/champ_config) by extensions ['colcon_meta']
[0.232s] Level 1:colcon.colcon_core.package_identification:_identify(/home/manoj/spot_ws/src/spot_gazebo/champ_config) by extension 'colcon_meta'
[0.232s] Level 1:colcon.colcon_core.package_identification:_identify(/home/manoj/spot_ws/src/spot_gazebo/champ_config) by extensions ['ros']
[0.232s] Level 1:colcon.colcon_core.package_identification:_identify(/home/manoj/spot_ws/src/spot_gazebo/champ_config) by extension 'ros'
[0.232s] DEBUG:colcon.colcon_core.package_identification:Package '/home/manoj/spot_ws/src/spot_gazebo/champ_config' with type 'ros.ament_cmake' and name 'champ_config'
[0.232s] Level 1:colcon.colcon_core.package_identification:_identify(/home/manoj/spot_ws/src/spot_gazebo/champ_msgs) by extensions ['ignore', 'ignore_ament_install']
[0.232s] Level 1:colcon.colcon_core.package_identification:_identify(/home/manoj/spot_ws/src/spot_gazebo/champ_msgs) by extension 'ignore'
[0.232s] Level 1:colcon.colcon_core.package_identification:_identify(/home/manoj/spot_ws/src/spot_gazebo/champ_msgs) by extension 'ignore_ament_install'
[0.232s] Level 1:colcon.colcon_core.package_identification:_identify(/home/manoj/spot_ws/src/spot_gazebo/champ_msgs) by extensions ['colcon_pkg']
[0.232s] Level 1:colcon.colcon_core.package_identification:_identify(/home/manoj/spot_ws/src/spot_gazebo/champ_msgs) by extension 'colcon_pkg'
[0.233s] Level 1:colcon.colcon_core.package_identification:_identify(/home/manoj/spot_ws/src/spot_gazebo/champ_msgs) by extensions ['colcon_meta']
[0.233s] Level 1:colcon.colcon_core.package_identification:_identify(/home/manoj/spot_ws/src/spot_gazebo/champ_msgs) by extension 'colcon_meta'
[0.233s] Level 1:colcon.colcon_core.package_identification:_identify(/home/manoj/spot_ws/src/spot_gazebo/champ_msgs) by extensions ['ros']
[0.233s] Level 1:colcon.colcon_core.package_identification:_identify(/home/manoj/spot_ws/src/spot_gazebo/champ_msgs) by extension 'ros'
[0.233s] DEBUG:colcon.colcon_core.package_identification:Package '/home/manoj/spot_ws/src/spot_gazebo/champ_msgs' with type 'ros.ament_cmake' and name 'champ_msgs'
[0.233s] Level 1:colcon.colcon_core.package_identification:_identify(/home/manoj/spot_ws/src/spot_gazebo/spot_bringup) by extensions ['ignore', 'ignore_ament_install']
[0.234s] Level 1:colcon.colcon_core.package_identification:_identify(/home/manoj/spot_ws/src/spot_gazebo/spot_bringup) by extension 'ignore'
[0.234s] Level 1:colcon.colcon_core.package_identification:_identify(/home/manoj/spot_ws/src/spot_gazebo/spot_bringup) by extension 'ignore_ament_install'
[0.234s] Level 1:colcon.colcon_core.package_identification:_identify(/home/manoj/spot_ws/src/spot_gazebo/spot_bringup) by extensions ['colcon_pkg']
[0.234s] Level 1:colcon.colcon_core.package_identification:_identify(/home/manoj/spot_ws/src/spot_gazebo/spot_bringup) by extension 'colcon_pkg'
[0.234s] Level 1:colcon.colcon_core.package_identification:_identify(/home/manoj/spot_ws/src/spot_gazebo/spot_bringup) by extensions ['colcon_meta']
[0.234s] Level 1:colcon.colcon_core.package_identification:_identify(/home/manoj/spot_ws/src/spot_gazebo/spot_bringup) by extension 'colcon_meta'
[0.234s] Level 1:colcon.colcon_core.package_identification:_identify(/home/manoj/spot_ws/src/spot_gazebo/spot_bringup) by extensions ['ros']
[0.234s] Level 1:colcon.colcon_core.package_identification:_identify(/home/manoj/spot_ws/src/spot_gazebo/spot_bringup) by extension 'ros'
[0.234s] DEBUG:colcon.colcon_core.package_identification:Package '/home/manoj/spot_ws/src/spot_gazebo/spot_bringup' with type 'ros.ament_python' and name 'spot_bringup'
[0.234s] Level 1:colcon.colcon_core.package_identification:_identify(/home/manoj/spot_ws/src/spot_gazebo/spot_description) by extensions ['ignore', 'ignore_ament_install']
[0.235s] Level 1:colcon.colcon_core.package_identification:_identify(/home/manoj/spot_ws/src/spot_gazebo/spot_description) by extension 'ignore'
[0.235s] Level 1:colcon.colcon_core.package_identification:_identify(/home/manoj/spot_ws/src/spot_gazebo/spot_description) by extension 'ignore_ament_install'
[0.235s] Level 1:colcon.colcon_core.package_identification:_identify(/home/manoj/spot_ws/src/spot_gazebo/spot_description) by extensions ['colcon_pkg']
[0.235s] Level 1:colcon.colcon_core.package_identification:_identify(/home/manoj/spot_ws/src/spot_gazebo/spot_description) by extension 'colcon_pkg'
[0.235s] Level 1:colcon.colcon_core.package_identification:_identify(/home/manoj/spot_ws/src/spot_gazebo/spot_description) by extensions ['colcon_meta']
[0.235s] Level 1:colcon.colcon_core.package_identification:_identify(/home/manoj/spot_ws/src/spot_gazebo/spot_description) by extension 'colcon_meta'
[0.235s] Level 1:colcon.colcon_core.package_identification:_identify(/home/manoj/spot_ws/src/spot_gazebo/spot_description) by extensions ['ros']
[0.235s] Level 1:colcon.colcon_core.package_identification:_identify(/home/manoj/spot_ws/src/spot_gazebo/spot_description) by extension 'ros'
[0.235s] DEBUG:colcon.colcon_core.package_identification:Package '/home/manoj/spot_ws/src/spot_gazebo/spot_description' with type 'ros.ament_cmake' and name 'spot_description'
[0.235s] Level 1:colcon.colcon_core.package_identification:_identify(/home/manoj/spot_ws/src/spot_gazebo/spot_gazebo) by extensions ['ignore', 'ignore_ament_install']
[0.235s] Level 1:colcon.colcon_core.package_identification:_identify(/home/manoj/spot_ws/src/spot_gazebo/spot_gazebo) by extension 'ignore'
[0.235s] Level 1:colcon.colcon_core.package_identification:_identify(/home/manoj/spot_ws/src/spot_gazebo/spot_gazebo) by extension 'ignore_ament_install'
[0.235s] Level 1:colcon.colcon_core.package_identification:_identify(/home/manoj/spot_ws/src/spot_gazebo/spot_gazebo) by extensions ['colcon_pkg']
[0.235s] Level 1:colcon.colcon_core.package_identification:_identify(/home/manoj/spot_ws/src/spot_gazebo/spot_gazebo) by extension 'colcon_pkg'
[0.235s] Level 1:colcon.colcon_core.package_identification:_identify(/home/manoj/spot_ws/src/spot_gazebo/spot_gazebo) by extensions ['colcon_meta']
[0.235s] Level 1:colcon.colcon_core.package_identification:_identify(/home/manoj/spot_ws/src/spot_gazebo/spot_gazebo) by extension 'colcon_meta'
[0.235s] Level 1:colcon.colcon_core.package_identification:_identify(/home/manoj/spot_ws/src/spot_gazebo/spot_gazebo) by extensions ['ros']
[0.235s] Level 1:colcon.colcon_core.package_identification:_identify(/home/manoj/spot_ws/src/spot_gazebo/spot_gazebo) by extension 'ros'
[0.236s] DEBUG:colcon.colcon_core.package_identification:Package '/home/manoj/spot_ws/src/spot_gazebo/spot_gazebo' with type 'ros.ament_cmake' and name 'spot_gazebo'
[0.236s] Level 1:colcon.colcon_core.package_identification:_identify(/home/manoj/spot_ws/src/spot_gazebo/spot_navigation) by extensions ['ignore', 'ignore_ament_install']
[0.236s] Level 1:colcon.colcon_core.package_identification:_identify(/home/manoj/spot_ws/src/spot_gazebo/spot_navigation) by extension 'ignore'
[0.236s] Level 1:colcon.colcon_core.package_identification:_identify(/home/manoj/spot_ws/src/spot_gazebo/spot_navigation) by extension 'ignore_ament_install'
[0.236s] Level 1:colcon.colcon_core.package_identification:_identify(/home/manoj/spot_ws/src/spot_gazebo/spot_navigation) by extensions ['colcon_pkg']
[0.236s] Level 1:colcon.colcon_core.package_identification:_identify(/home/manoj/spot_ws/src/spot_gazebo/spot_navigation) by extension 'colcon_pkg'
[0.236s] Level 1:colcon.colcon_core.package_identification:_identify(/home/manoj/spot_ws/src/spot_gazebo/spot_navigation) by extensions ['colcon_meta']
[0.236s] Level 1:colcon.colcon_core.package_identification:_identify(/home/manoj/spot_ws/src/spot_gazebo/spot_navigation) by extension 'colcon_meta'
[0.236s] Level 1:colcon.colcon_core.package_identification:_identify(/home/manoj/spot_ws/src/spot_gazebo/spot_navigation) by extensions ['ros']
[0.236s] Level 1:colcon.colcon_core.package_identification:_identify(/home/manoj/spot_ws/src/spot_gazebo/spot_navigation) by extension 'ros'
[0.237s] DEBUG:colcon.colcon_core.package_identification:Package '/home/manoj/spot_ws/src/spot_gazebo/spot_navigation' with type 'ros.ament_python' and name 'spot_navigation'
[0.237s] Level 1:colcon.colcon_core.package_discovery:discover_packages(recursive) using defaults
