[0.007s] Invoking command in '/home/manoj/spot_ws/build/spot_gazebo': CMAKE_PREFIX_PATH=/home/manoj/spot_ws/install/spot_description:/home/manoj/spot_ws/install/spot_gazebo:/home/manoj/spot_ws/install/champ_config:/home/manoj/spot_ws/install/champ_base:/home/manoj/spot_ws/install/champ_msgs:/home/manoj/spot_ws/install/champ:/home/manoj/spot_ws/install/spot_navigation:/home/manoj/spot_ws/install/spot_bringup:/opt/ros/humble IGN_GAZEBO_RESOURCE_PATH=/home/manoj/spot_ws/install/spot_description/share/spot_description/models:${IGN_GAZEBO_RESOURCE_PATH} /usr/bin/cmake --build /home/manoj/spot_ws/build/spot_gazebo -- -j12 -l12
[0.060s] Invoked command in '/home/manoj/spot_ws/build/spot_gazebo' returned '0': CMAKE_PREFIX_PATH=/home/manoj/spot_ws/install/spot_description:/home/manoj/spot_ws/install/spot_gazebo:/home/manoj/spot_ws/install/champ_config:/home/manoj/spot_ws/install/champ_base:/home/manoj/spot_ws/install/champ_msgs:/home/manoj/spot_ws/install/champ:/home/manoj/spot_ws/install/spot_navigation:/home/manoj/spot_ws/install/spot_bringup:/opt/ros/humble IGN_GAZEBO_RESOURCE_PATH=/home/manoj/spot_ws/install/spot_description/share/spot_description/models:${IGN_GAZEBO_RESOURCE_PATH} /usr/bin/cmake --build /home/manoj/spot_ws/build/spot_gazebo -- -j12 -l12
[0.062s] Invoking command in '/home/manoj/spot_ws/build/spot_gazebo': CMAKE_PREFIX_PATH=/home/manoj/spot_ws/install/spot_description:/home/manoj/spot_ws/install/spot_gazebo:/home/manoj/spot_ws/install/champ_config:/home/manoj/spot_ws/install/champ_base:/home/manoj/spot_ws/install/champ_msgs:/home/manoj/spot_ws/install/champ:/home/manoj/spot_ws/install/spot_navigation:/home/manoj/spot_ws/install/spot_bringup:/opt/ros/humble IGN_GAZEBO_RESOURCE_PATH=/home/manoj/spot_ws/install/spot_description/share/spot_description/models:${IGN_GAZEBO_RESOURCE_PATH} /usr/bin/cmake --install /home/manoj/spot_ws/build/spot_gazebo
[0.073s] -- Install configuration: ""
[0.073s] -- Execute custom install script
[0.073s] -- Up-to-date symlink: /home/manoj/spot_ws/install/spot_gazebo/share/spot_gazebo/worlds/edgar_mine.sdf
[0.073s] -- Up-to-date symlink: /home/manoj/spot_ws/install/spot_gazebo/share/spot_gazebo/worlds/simple_tunnel.sdf
[0.073s] -- Up-to-date symlink: /home/manoj/spot_ws/install/spot_gazebo/share/spot_gazebo/environment/spot_gazebo.dsv
[0.073s] -- Up-to-date symlink: /home/manoj/spot_ws/install/spot_gazebo/share/spot_gazebo/environment/spot_gazebo.sh
[0.073s] -- Up-to-date symlink: /home/manoj/spot_ws/install/spot_gazebo/share/ament_index/resource_index/package_run_dependencies/spot_gazebo
[0.073s] -- Up-to-date symlink: /home/manoj/spot_ws/install/spot_gazebo/share/ament_index/resource_index/parent_prefix_path/spot_gazebo
[0.073s] -- Up-to-date symlink: /home/manoj/spot_ws/install/spot_gazebo/share/spot_gazebo/environment/ament_prefix_path.sh
[0.075s] -- Up-to-date symlink: /home/manoj/spot_ws/install/spot_gazebo/share/spot_gazebo/environment/ament_prefix_path.dsv
[0.076s] -- Up-to-date symlink: /home/manoj/spot_ws/install/spot_gazebo/share/spot_gazebo/environment/path.sh
[0.076s] -- Up-to-date symlink: /home/manoj/spot_ws/install/spot_gazebo/share/spot_gazebo/environment/path.dsv
[0.076s] -- Up-to-date symlink: /home/manoj/spot_ws/install/spot_gazebo/share/spot_gazebo/local_setup.bash
[0.076s] -- Up-to-date symlink: /home/manoj/spot_ws/install/spot_gazebo/share/spot_gazebo/local_setup.sh
[0.076s] -- Up-to-date symlink: /home/manoj/spot_ws/install/spot_gazebo/share/spot_gazebo/local_setup.zsh
[0.076s] -- Up-to-date symlink: /home/manoj/spot_ws/install/spot_gazebo/share/spot_gazebo/local_setup.dsv
[0.076s] -- Symlinking: /home/manoj/spot_ws/install/spot_gazebo/share/spot_gazebo/package.dsv
[0.082s] -- Up-to-date symlink: /home/manoj/spot_ws/install/spot_gazebo/share/ament_index/resource_index/packages/spot_gazebo
[0.083s] -- Up-to-date symlink: /home/manoj/spot_ws/install/spot_gazebo/share/spot_gazebo/cmake/spot_gazeboConfig.cmake
[0.083s] -- Up-to-date symlink: /home/manoj/spot_ws/install/spot_gazebo/share/spot_gazebo/cmake/spot_gazeboConfig-version.cmake
[0.083s] -- Up-to-date symlink: /home/manoj/spot_ws/install/spot_gazebo/share/spot_gazebo/package.xml
[0.087s] Invoked command in '/home/manoj/spot_ws/build/spot_gazebo' returned '0': CMAKE_PREFIX_PATH=/home/manoj/spot_ws/install/spot_description:/home/manoj/spot_ws/install/spot_gazebo:/home/manoj/spot_ws/install/champ_config:/home/manoj/spot_ws/install/champ_base:/home/manoj/spot_ws/install/champ_msgs:/home/manoj/spot_ws/install/champ:/home/manoj/spot_ws/install/spot_navigation:/home/manoj/spot_ws/install/spot_bringup:/opt/ros/humble IGN_GAZEBO_RESOURCE_PATH=/home/manoj/spot_ws/install/spot_description/share/spot_description/models:${IGN_GAZEBO_RESOURCE_PATH} /usr/bin/cmake --install /home/manoj/spot_ws/build/spot_gazebo
