[0.009s] Invoking command in '/home/manoj/spot_ws/build/champ_config': CMAKE_PREFIX_PATH=/home/manoj/spot_ws/install/champ_base:/home/manoj/spot_ws/install/champ_msgs:/home/manoj/spot_ws/install/champ:/home/manoj/spot_ws/install/spot_gazebo:/home/manoj/spot_ws/install/spot_description:/home/manoj/spot_ws/install/champ_config:/home/manoj/spot_ws/install/spot_navigation:/home/manoj/spot_ws/install/spot_bringup:/opt/ros/humble /usr/bin/cmake /home/manoj/spot_ws/src/spot_gazebo/champ_config -DCMAKE_INSTALL_PREFIX=/home/manoj/spot_ws/install/champ_config
[0.024s] -- Found ament_cmake: 1.3.11 (/opt/ros/humble/share/ament_cmake/cmake)
[0.116s] -- Override CMake install command with custom implementation using symlinks instead of copying resources
[0.167s] -- Configuring done
[0.170s] -- Generating done
[0.172s] -- Build files have been written to: /home/manoj/spot_ws/build/champ_config
[0.174s] Invoked command in '/home/manoj/spot_ws/build/champ_config' returned '0': CMAKE_PREFIX_PATH=/home/manoj/spot_ws/install/champ_base:/home/manoj/spot_ws/install/champ_msgs:/home/manoj/spot_ws/install/champ:/home/manoj/spot_ws/install/spot_gazebo:/home/manoj/spot_ws/install/spot_description:/home/manoj/spot_ws/install/champ_config:/home/manoj/spot_ws/install/spot_navigation:/home/manoj/spot_ws/install/spot_bringup:/opt/ros/humble /usr/bin/cmake /home/manoj/spot_ws/src/spot_gazebo/champ_config -DCMAKE_INSTALL_PREFIX=/home/manoj/spot_ws/install/champ_config
[0.176s] Invoking command in '/home/manoj/spot_ws/build/champ_config': CMAKE_PREFIX_PATH=/home/manoj/spot_ws/install/champ_base:/home/manoj/spot_ws/install/champ_msgs:/home/manoj/spot_ws/install/champ:/home/manoj/spot_ws/install/spot_gazebo:/home/manoj/spot_ws/install/spot_description:/home/manoj/spot_ws/install/champ_config:/home/manoj/spot_ws/install/spot_navigation:/home/manoj/spot_ws/install/spot_bringup:/opt/ros/humble /usr/bin/cmake --build /home/manoj/spot_ws/build/champ_config -- -j12 -l12
[0.217s] Invoked command in '/home/manoj/spot_ws/build/champ_config' returned '0': CMAKE_PREFIX_PATH=/home/manoj/spot_ws/install/champ_base:/home/manoj/spot_ws/install/champ_msgs:/home/manoj/spot_ws/install/champ:/home/manoj/spot_ws/install/spot_gazebo:/home/manoj/spot_ws/install/spot_description:/home/manoj/spot_ws/install/champ_config:/home/manoj/spot_ws/install/spot_navigation:/home/manoj/spot_ws/install/spot_bringup:/opt/ros/humble /usr/bin/cmake --build /home/manoj/spot_ws/build/champ_config -- -j12 -l12
[0.219s] Invoking command in '/home/manoj/spot_ws/build/champ_config': CMAKE_PREFIX_PATH=/home/manoj/spot_ws/install/champ_base:/home/manoj/spot_ws/install/champ_msgs:/home/manoj/spot_ws/install/champ:/home/manoj/spot_ws/install/spot_gazebo:/home/manoj/spot_ws/install/spot_description:/home/manoj/spot_ws/install/champ_config:/home/manoj/spot_ws/install/spot_navigation:/home/manoj/spot_ws/install/spot_bringup:/opt/ros/humble /usr/bin/cmake --install /home/manoj/spot_ws/build/champ_config
[0.229s] -- Install configuration: ""
[0.229s] -- Execute custom install script
[0.230s] -- Up-to-date symlink: /home/manoj/spot_ws/install/champ_config/share/champ_config/config/gait/gait.yaml
[0.230s] -- Up-to-date symlink: /home/manoj/spot_ws/install/champ_config/share/champ_config/config/joints/joints.yaml
[0.230s] -- Up-to-date symlink: /home/manoj/spot_ws/install/champ_config/share/champ_config/config/links/links.yaml
[0.230s] -- Up-to-date symlink: /home/manoj/spot_ws/install/champ_config/share/ament_index/resource_index/package_run_dependencies/champ_config
[0.230s] -- Up-to-date symlink: /home/manoj/spot_ws/install/champ_config/share/ament_index/resource_index/parent_prefix_path/champ_config
[0.231s] -- Up-to-date symlink: /home/manoj/spot_ws/install/champ_config/share/champ_config/environment/ament_prefix_path.sh
[0.231s] -- Up-to-date symlink: /home/manoj/spot_ws/install/champ_config/share/champ_config/environment/ament_prefix_path.dsv
[0.231s] -- Up-to-date symlink: /home/manoj/spot_ws/install/champ_config/share/champ_config/environment/path.sh
[0.231s] -- Up-to-date symlink: /home/manoj/spot_ws/install/champ_config/share/champ_config/environment/path.dsv
[0.231s] -- Up-to-date symlink: /home/manoj/spot_ws/install/champ_config/share/champ_config/local_setup.bash
[0.231s] -- Up-to-date symlink: /home/manoj/spot_ws/install/champ_config/share/champ_config/local_setup.sh
[0.231s] -- Up-to-date symlink: /home/manoj/spot_ws/install/champ_config/share/champ_config/local_setup.zsh
[0.231s] -- Up-to-date symlink: /home/manoj/spot_ws/install/champ_config/share/champ_config/local_setup.dsv
[0.231s] -- Symlinking: /home/manoj/spot_ws/install/champ_config/share/champ_config/package.dsv
[0.240s] -- Up-to-date symlink: /home/manoj/spot_ws/install/champ_config/share/ament_index/resource_index/packages/champ_config
[0.240s] -- Up-to-date symlink: /home/manoj/spot_ws/install/champ_config/share/champ_config/cmake/champ_configConfig.cmake
[0.240s] -- Up-to-date symlink: /home/manoj/spot_ws/install/champ_config/share/champ_config/cmake/champ_configConfig-version.cmake
[0.240s] -- Up-to-date symlink: /home/manoj/spot_ws/install/champ_config/share/champ_config/package.xml
[0.243s] Invoked command in '/home/manoj/spot_ws/build/champ_config' returned '0': CMAKE_PREFIX_PATH=/home/manoj/spot_ws/install/champ_base:/home/manoj/spot_ws/install/champ_msgs:/home/manoj/spot_ws/install/champ:/home/manoj/spot_ws/install/spot_gazebo:/home/manoj/spot_ws/install/spot_description:/home/manoj/spot_ws/install/champ_config:/home/manoj/spot_ws/install/spot_navigation:/home/manoj/spot_ws/install/spot_bringup:/opt/ros/humble /usr/bin/cmake --install /home/manoj/spot_ws/build/champ_config
