[0.008s] Invoking command in '/home/manoj/spot_ws/build/spot_gazebo': AMENT_PREFIX_PATH=/home/manoj/spot_ws/install/spot_description:${AMENT_PREFIX_PATH} CMAKE_PREFIX_PATH=/home/manoj/spot_ws/install/spot_description:/opt/ros/humble IGN_GAZEBO_RESOURCE_PATH=/home/manoj/spot_ws/install/spot_description/share/spot_description/models:${IGN_GAZEBO_RESOURCE_PATH} /usr/bin/cmake --build /home/manoj/spot_ws/build/spot_gazebo -- -j12 -l12
[0.037s] Invoked command in '/home/manoj/spot_ws/build/spot_gazebo' returned '0': AMENT_PREFIX_PATH=/home/manoj/spot_ws/install/spot_description:${AMENT_PREFIX_PATH} CMAKE_PREFIX_PATH=/home/manoj/spot_ws/install/spot_description:/opt/ros/humble IGN_GAZEBO_RESOURCE_PATH=/home/manoj/spot_ws/install/spot_description/share/spot_description/models:${IGN_GAZEBO_RESOURCE_PATH} /usr/bin/cmake --build /home/manoj/spot_ws/build/spot_gazebo -- -j12 -l12
[0.039s] Invoking command in '/home/manoj/spot_ws/build/spot_gazebo': AMENT_PREFIX_PATH=/home/manoj/spot_ws/install/spot_description:${AMENT_PREFIX_PATH} CMAKE_PREFIX_PATH=/home/manoj/spot_ws/install/spot_description:/opt/ros/humble IGN_GAZEBO_RESOURCE_PATH=/home/manoj/spot_ws/install/spot_description/share/spot_description/models:${IGN_GAZEBO_RESOURCE_PATH} /usr/bin/cmake --install /home/manoj/spot_ws/build/spot_gazebo
[0.044s] -- Install configuration: ""
[0.044s] -- Execute custom install script
[0.044s] -- Up-to-date symlink: /home/manoj/spot_ws/install/spot_gazebo/share/spot_gazebo/worlds/edgar_mine.sdf
[0.044s] -- Up-to-date symlink: /home/manoj/spot_ws/install/spot_gazebo/share/spot_gazebo/worlds/simple_tunnel.sdf
[0.045s] -- Up-to-date symlink: /home/manoj/spot_ws/install/spot_gazebo/share/spot_gazebo/environment/spot_gazebo.dsv
[0.045s] -- Up-to-date symlink: /home/manoj/spot_ws/install/spot_gazebo/share/spot_gazebo/environment/spot_gazebo.sh
[0.045s] -- Up-to-date symlink: /home/manoj/spot_ws/install/spot_gazebo/share/ament_index/resource_index/package_run_dependencies/spot_gazebo
[0.045s] -- Up-to-date symlink: /home/manoj/spot_ws/install/spot_gazebo/share/ament_index/resource_index/parent_prefix_path/spot_gazebo
[0.045s] -- Up-to-date symlink: /home/manoj/spot_ws/install/spot_gazebo/share/spot_gazebo/environment/ament_prefix_path.sh
[0.045s] -- Up-to-date symlink: /home/manoj/spot_ws/install/spot_gazebo/share/spot_gazebo/environment/ament_prefix_path.dsv
[0.045s] -- Up-to-date symlink: /home/manoj/spot_ws/install/spot_gazebo/share/spot_gazebo/environment/path.sh
[0.045s] -- Up-to-date symlink: /home/manoj/spot_ws/install/spot_gazebo/share/spot_gazebo/environment/path.dsv
[0.045s] -- Up-to-date symlink: /home/manoj/spot_ws/install/spot_gazebo/share/spot_gazebo/local_setup.bash
[0.045s] -- Up-to-date symlink: /home/manoj/spot_ws/install/spot_gazebo/share/spot_gazebo/local_setup.sh
[0.045s] -- Up-to-date symlink: /home/manoj/spot_ws/install/spot_gazebo/share/spot_gazebo/local_setup.zsh
[0.045s] -- Up-to-date symlink: /home/manoj/spot_ws/install/spot_gazebo/share/spot_gazebo/local_setup.dsv
[0.046s] -- Symlinking: /home/manoj/spot_ws/install/spot_gazebo/share/spot_gazebo/package.dsv
[0.053s] -- Up-to-date symlink: /home/manoj/spot_ws/install/spot_gazebo/share/ament_index/resource_index/packages/spot_gazebo
[0.053s] -- Up-to-date symlink: /home/manoj/spot_ws/install/spot_gazebo/share/spot_gazebo/cmake/spot_gazeboConfig.cmake
[0.054s] -- Up-to-date symlink: /home/manoj/spot_ws/install/spot_gazebo/share/spot_gazebo/cmake/spot_gazeboConfig-version.cmake
[0.054s] -- Up-to-date symlink: /home/manoj/spot_ws/install/spot_gazebo/share/spot_gazebo/package.xml
[0.056s] Invoked command in '/home/manoj/spot_ws/build/spot_gazebo' returned '0': AMENT_PREFIX_PATH=/home/manoj/spot_ws/install/spot_description:${AMENT_PREFIX_PATH} CMAKE_PREFIX_PATH=/home/manoj/spot_ws/install/spot_description:/opt/ros/humble IGN_GAZEBO_RESOURCE_PATH=/home/manoj/spot_ws/install/spot_description/share/spot_description/models:${IGN_GAZEBO_RESOURCE_PATH} /usr/bin/cmake --install /home/manoj/spot_ws/build/spot_gazebo
