[0.017s] Invoking command in '/home/manoj/spot_ws/build/champ_msgs': CMAKE_PREFIX_PATH=/opt/ros/humble /usr/bin/cmake /home/manoj/spot_ws/src/spot_gazebo/champ_msgs -DAMENT_CMAKE_SYMLINK_INSTALL=1 -DCMAKE_INSTALL_PREFIX=/home/manoj/spot_ws/install/champ_msgs
[0.068s] -- The C compiler identification is GNU 11.4.0
[0.120s] -- The CXX compiler identification is GNU 11.4.0
[0.126s] -- Detecting C compiler ABI info
[0.189s] -- Detecting C compiler ABI info - done
[0.196s] -- Check for working C compiler: /usr/bin/cc - skipped
[0.196s] -- Detecting C compile features
[0.197s] -- Detecting C compile features - done
[0.200s] -- Detecting CXX compiler ABI info
[0.271s] -- Detecting CXX compiler ABI info - done
[0.279s] -- Check for working CXX compiler: /usr/bin/c++ - skipped
[0.279s] -- Detecting CXX compile features
[0.280s] -- Detecting CXX compile features - done
[0.283s] -- Found ament_cmake: 1.3.11 (/opt/ros/humble/share/ament_cmake/cmake)
[0.400s] -- Found Python3: /usr/bin/python3 (found version "3.10.12") found components: Interpreter 
[0.446s] -- Override CMake install command with custom implementation using symlinks instead of copying resources
[0.466s] -- Found rosidl_default_generators: 1.2.0 (/opt/ros/humble/share/rosidl_default_generators/cmake)
[0.469s] -- Using all available rosidl_typesupport_c: rosidl_typesupport_fastrtps_c;rosidl_typesupport_introspection_c
[0.476s] -- Found rosidl_adapter: 3.1.6 (/opt/ros/humble/share/rosidl_adapter/cmake)
[0.517s] -- Using all available rosidl_typesupport_cpp: rosidl_typesupport_fastrtps_cpp;rosidl_typesupport_introspection_cpp
[0.554s] -- Found std_msgs: 4.8.0 (/opt/ros/humble/share/std_msgs/cmake)
[0.580s] -- Found geometry_msgs: 4.8.0 (/opt/ros/humble/share/geometry_msgs/cmake)
[0.848s] -- Found ament_cmake_ros: 0.10.0 (/opt/ros/humble/share/ament_cmake_ros/cmake)
[1.047s] -- Using all available rosidl_typesupport_c: rosidl_typesupport_fastrtps_c;rosidl_typesupport_introspection_c
[1.314s] -- Using all available rosidl_typesupport_cpp: rosidl_typesupport_fastrtps_cpp;rosidl_typesupport_introspection_cpp
[1.332s] -- Found PythonInterp: /usr/bin/python3 (found suitable version "3.10.12", minimum required is "3.6") 
[1.334s] -- Found python_cmake_module: 0.10.0 (/opt/ros/humble/share/python_cmake_module/cmake)
[1.350s] -- Found PythonLibs: /usr/lib/x86_64-linux-gnu/libpython3.10.so (found suitable version "3.10.12", minimum required is "3.5") 
[1.350s] -- Using PYTHON_EXECUTABLE: /usr/bin/python3
[1.351s] -- Using PYTHON_INCLUDE_DIRS: /usr/include/python3.10
[1.351s] -- Using PYTHON_LIBRARIES: /usr/lib/x86_64-linux-gnu/libpython3.10.so
[1.364s] -- Found PythonExtra: .so  
[1.400s] -- Found ament_lint_auto: 0.12.12 (/opt/ros/humble/share/ament_lint_auto/cmake)
[1.404s] -- Configuring done
[1.429s] -- Generating done
[1.436s] -- Build files have been written to: /home/manoj/spot_ws/build/champ_msgs
[1.441s] Invoked command in '/home/manoj/spot_ws/build/champ_msgs' returned '0': CMAKE_PREFIX_PATH=/opt/ros/humble /usr/bin/cmake /home/manoj/spot_ws/src/spot_gazebo/champ_msgs -DAMENT_CMAKE_SYMLINK_INSTALL=1 -DCMAKE_INSTALL_PREFIX=/home/manoj/spot_ws/install/champ_msgs
[1.441s] Invoking command in '/home/manoj/spot_ws/build/champ_msgs': CMAKE_PREFIX_PATH=/opt/ros/humble /usr/bin/cmake --build /home/manoj/spot_ws/build/champ_msgs -- -j12 -l12
[1.477s] [  1%] [34m[1mGenerating C code for ROS interfaces[0m
[1.486s] [  2%] [34m[1mGenerating C++ code for ROS interfaces[0m
[1.490s] [  2%] Built target ament_cmake_python_symlink_champ_msgs
[1.659s] running egg_info
[1.660s] creating champ_msgs.egg-info
[1.660s] writing champ_msgs.egg-info/PKG-INFO
[1.660s] writing dependency_links to champ_msgs.egg-info/dependency_links.txt
[1.660s] writing top-level names to champ_msgs.egg-info/top_level.txt
[1.660s] writing manifest file 'champ_msgs.egg-info/SOURCES.txt'
[1.661s] reading manifest file 'champ_msgs.egg-info/SOURCES.txt'
[1.662s] writing manifest file 'champ_msgs.egg-info/SOURCES.txt'
[1.681s] [  2%] Built target ament_cmake_python_build_champ_msgs_egg
[1.892s] [  2%] Built target champ_msgs__cpp
[1.901s] [  3%] [34m[1mGenerating C++ introspection for ROS interfaces[0m
[1.901s] [  4%] [34m[1mGenerating C++ type support dispatch for ROS interfaces[0m
[1.902s] [  5%] [34m[1mGenerating C++ type support for eProsima Fast-RTPS[0m
[2.119s] [  6%] [32mBuilding C object CMakeFiles/champ_msgs__rosidl_generator_c.dir/rosidl_generator_c/champ_msgs/msg/detail/contacts__functions.c.o[0m
[2.119s] [  7%] [32mBuilding C object CMakeFiles/champ_msgs__rosidl_generator_c.dir/rosidl_generator_c/champ_msgs/msg/detail/joints__functions.c.o[0m
[2.119s] [  9%] [32mBuilding C object CMakeFiles/champ_msgs__rosidl_generator_c.dir/rosidl_generator_c/champ_msgs/msg/detail/pid__functions.c.o[0m
[2.119s] [  9%] [32mBuilding C object CMakeFiles/champ_msgs__rosidl_generator_c.dir/rosidl_generator_c/champ_msgs/msg/detail/velocities__functions.c.o[0m
[2.119s] [ 10%] [32mBuilding C object CMakeFiles/champ_msgs__rosidl_generator_c.dir/rosidl_generator_c/champ_msgs/msg/detail/imu__functions.c.o[0m
[2.119s] [ 11%] [32mBuilding C object CMakeFiles/champ_msgs__rosidl_generator_c.dir/rosidl_generator_c/champ_msgs/msg/detail/point__functions.c.o[0m
[2.122s] [ 12%] [32mBuilding C object CMakeFiles/champ_msgs__rosidl_generator_c.dir/rosidl_generator_c/champ_msgs/msg/detail/contacts_stamped__functions.c.o[0m
[2.122s] [ 13%] [32mBuilding C object CMakeFiles/champ_msgs__rosidl_generator_c.dir/rosidl_generator_c/champ_msgs/msg/detail/pose__functions.c.o[0m
[2.123s] [ 14%] [32mBuilding C object CMakeFiles/champ_msgs__rosidl_generator_c.dir/rosidl_generator_c/champ_msgs/msg/detail/point_array__functions.c.o[0m
[2.187s] [ 15%] [32m[1mLinking C shared library libchamp_msgs__rosidl_generator_c.so[0m
[2.227s] [ 15%] Built target champ_msgs__rosidl_generator_c
[2.238s] [ 16%] [34m[1mGenerating C type support for eProsima Fast-RTPS[0m
[2.241s] [ 17%] [34m[1mGenerating C introspection for ROS interfaces[0m
[2.241s] [ 18%] [34m[1mGenerating C type support dispatch for ROS interfaces[0m
[2.268s] [ 20%] [32mBuilding CXX object CMakeFiles/champ_msgs__rosidl_typesupport_introspection_cpp.dir/rosidl_typesupport_introspection_cpp/champ_msgs/msg/detail/point_array__type_support.cpp.o[0m
[2.268s] [ 22%] [32mBuilding CXX object CMakeFiles/champ_msgs__rosidl_typesupport_introspection_cpp.dir/rosidl_typesupport_introspection_cpp/champ_msgs/msg/detail/joints__type_support.cpp.o[0m
[2.268s] [ 22%] [32mBuilding CXX object CMakeFiles/champ_msgs__rosidl_typesupport_introspection_cpp.dir/rosidl_typesupport_introspection_cpp/champ_msgs/msg/detail/pid__type_support.cpp.o[0m
[2.268s] [ 23%] [32mBuilding CXX object CMakeFiles/champ_msgs__rosidl_typesupport_introspection_cpp.dir/rosidl_typesupport_introspection_cpp/champ_msgs/msg/detail/imu__type_support.cpp.o[0m
[2.268s] [ 24%] [32mBuilding CXX object CMakeFiles/champ_msgs__rosidl_typesupport_introspection_cpp.dir/rosidl_typesupport_introspection_cpp/champ_msgs/msg/detail/point__type_support.cpp.o[0m
[2.280s] [ 25%] [32mBuilding CXX object CMakeFiles/champ_msgs__rosidl_typesupport_introspection_cpp.dir/rosidl_typesupport_introspection_cpp/champ_msgs/msg/detail/velocities__type_support.cpp.o[0m
[2.280s] [ 26%] [32mBuilding CXX object CMakeFiles/champ_msgs__rosidl_typesupport_introspection_cpp.dir/rosidl_typesupport_introspection_cpp/champ_msgs/msg/detail/contacts__type_support.cpp.o[0m
[2.280s] [ 27%] [32mBuilding CXX object CMakeFiles/champ_msgs__rosidl_typesupport_cpp.dir/rosidl_typesupport_cpp/champ_msgs/msg/velocities__type_support.cpp.o[0m
[2.553s] [ 28%] [32mBuilding CXX object CMakeFiles/champ_msgs__rosidl_typesupport_fastrtps_cpp.dir/rosidl_typesupport_fastrtps_cpp/champ_msgs/msg/detail/dds_fastrtps/velocities__type_support.cpp.o[0m
[2.678s] [ 29%] [32mBuilding CXX object CMakeFiles/champ_msgs__rosidl_typesupport_fastrtps_cpp.dir/rosidl_typesupport_fastrtps_cpp/champ_msgs/msg/detail/dds_fastrtps/pid__type_support.cpp.o[0m
[2.708s] [ 30%] [32mBuilding CXX object CMakeFiles/champ_msgs__rosidl_typesupport_cpp.dir/rosidl_typesupport_cpp/champ_msgs/msg/pid__type_support.cpp.o[0m
[2.752s] [ 31%] [32mBuilding CXX object CMakeFiles/champ_msgs__rosidl_typesupport_cpp.dir/rosidl_typesupport_cpp/champ_msgs/msg/imu__type_support.cpp.o[0m
[2.772s] [ 32%] [32mBuilding CXX object CMakeFiles/champ_msgs__rosidl_typesupport_introspection_cpp.dir/rosidl_typesupport_introspection_cpp/champ_msgs/msg/detail/contacts_stamped__type_support.cpp.o[0m
[2.794s] [ 33%] [32mBuilding CXX object CMakeFiles/champ_msgs__rosidl_typesupport_cpp.dir/rosidl_typesupport_cpp/champ_msgs/msg/point_array__type_support.cpp.o[0m
[2.795s] [ 34%] [32mBuilding CXX object CMakeFiles/champ_msgs__rosidl_typesupport_cpp.dir/rosidl_typesupport_cpp/champ_msgs/msg/point__type_support.cpp.o[0m
[2.863s] [ 35%] [32mBuilding CXX object CMakeFiles/champ_msgs__rosidl_typesupport_cpp.dir/rosidl_typesupport_cpp/champ_msgs/msg/joints__type_support.cpp.o[0m
[2.866s] [ 36%] [32mBuilding CXX object CMakeFiles/champ_msgs__rosidl_typesupport_cpp.dir/rosidl_typesupport_cpp/champ_msgs/msg/contacts__type_support.cpp.o[0m
[2.899s] [ 37%] [32mBuilding CXX object CMakeFiles/champ_msgs__rosidl_typesupport_c.dir/rosidl_typesupport_c/champ_msgs/msg/velocities__type_support.cpp.o[0m
[2.932s] [ 38%] [32mBuilding CXX object CMakeFiles/champ_msgs__rosidl_typesupport_c.dir/rosidl_typesupport_c/champ_msgs/msg/pid__type_support.cpp.o[0m
[2.963s] [ 40%] [32mBuilding CXX object CMakeFiles/champ_msgs__rosidl_typesupport_c.dir/rosidl_typesupport_c/champ_msgs/msg/imu__type_support.cpp.o[0m
[2.987s] [ 41%] [32mBuilding CXX object CMakeFiles/champ_msgs__rosidl_typesupport_cpp.dir/rosidl_typesupport_cpp/champ_msgs/msg/contacts_stamped__type_support.cpp.o[0m
[2.993s] [ 42%] [32mBuilding CXX object CMakeFiles/champ_msgs__rosidl_typesupport_c.dir/rosidl_typesupport_c/champ_msgs/msg/point__type_support.cpp.o[0m
[3.002s] [ 43%] [32mBuilding CXX object CMakeFiles/champ_msgs__rosidl_typesupport_fastrtps_c.dir/rosidl_typesupport_fastrtps_c/champ_msgs/msg/detail/velocities__type_support_c.cpp.o[0m
[3.023s] [ 44%] [32mBuilding CXX object CMakeFiles/champ_msgs__rosidl_typesupport_c.dir/rosidl_typesupport_c/champ_msgs/msg/point_array__type_support.cpp.o[0m
[3.056s] [ 45%] [32mBuilding CXX object CMakeFiles/champ_msgs__rosidl_typesupport_c.dir/rosidl_typesupport_c/champ_msgs/msg/joints__type_support.cpp.o[0m
[3.092s] [ 46%] [32mBuilding CXX object CMakeFiles/champ_msgs__rosidl_typesupport_c.dir/rosidl_typesupport_c/champ_msgs/msg/contacts__type_support.cpp.o[0m
[3.095s] [ 47%] [32mBuilding CXX object CMakeFiles/champ_msgs__rosidl_typesupport_fastrtps_c.dir/rosidl_typesupport_fastrtps_c/champ_msgs/msg/detail/pid__type_support_c.cpp.o[0m
[3.104s] [ 48%] [32mBuilding CXX object CMakeFiles/champ_msgs__rosidl_typesupport_fastrtps_cpp.dir/rosidl_typesupport_fastrtps_cpp/champ_msgs/msg/detail/dds_fastrtps/imu__type_support.cpp.o[0m
[3.114s] [ 49%] [32mBuilding C object CMakeFiles/champ_msgs__rosidl_typesupport_introspection_c.dir/rosidl_typesupport_introspection_c/champ_msgs/msg/detail/velocities__type_support.c.o[0m
[3.119s] [ 50%] [32mBuilding CXX object CMakeFiles/champ_msgs__rosidl_typesupport_c.dir/rosidl_typesupport_c/champ_msgs/msg/contacts_stamped__type_support.cpp.o[0m
[3.148s] [ 52%] [32mBuilding CXX object CMakeFiles/champ_msgs__rosidl_typesupport_introspection_cpp.dir/rosidl_typesupport_introspection_cpp/champ_msgs/msg/detail/pose__type_support.cpp.o[0m
[3.148s] [ 52%] [32mBuilding CXX object CMakeFiles/champ_msgs__rosidl_typesupport_cpp.dir/rosidl_typesupport_cpp/champ_msgs/msg/pose__type_support.cpp.o[0m
[3.150s] [ 53%] [32mBuilding C object CMakeFiles/champ_msgs__rosidl_typesupport_introspection_c.dir/rosidl_typesupport_introspection_c/champ_msgs/msg/detail/pid__type_support.c.o[0m
[3.151s] [ 54%] [32mBuilding CXX object CMakeFiles/champ_msgs__rosidl_typesupport_c.dir/rosidl_typesupport_c/champ_msgs/msg/pose__type_support.cpp.o[0m
[3.183s] [ 55%] [32mBuilding C object CMakeFiles/champ_msgs__rosidl_typesupport_introspection_c.dir/rosidl_typesupport_introspection_c/champ_msgs/msg/detail/imu__type_support.c.o[0m
[3.185s] [ 56%] [32m[1mLinking CXX shared library libchamp_msgs__rosidl_typesupport_c.so[0m
[3.194s] [ 57%] [32mBuilding CXX object CMakeFiles/champ_msgs__rosidl_typesupport_fastrtps_c.dir/rosidl_typesupport_fastrtps_c/champ_msgs/msg/detail/imu__type_support_c.cpp.o[0m
[3.209s] [ 58%] [32mBuilding C object CMakeFiles/champ_msgs__rosidl_typesupport_introspection_c.dir/rosidl_typesupport_introspection_c/champ_msgs/msg/detail/point__type_support.c.o[0m
[3.215s] [ 60%] [32mBuilding CXX object CMakeFiles/champ_msgs__rosidl_typesupport_fastrtps_c.dir/rosidl_typesupport_fastrtps_c/champ_msgs/msg/detail/point__type_support_c.cpp.o[0m
[3.225s] [ 61%] [32mBuilding CXX object CMakeFiles/champ_msgs__rosidl_typesupport_fastrtps_cpp.dir/rosidl_typesupport_fastrtps_cpp/champ_msgs/msg/detail/dds_fastrtps/point__type_support.cpp.o[0m
[3.238s] [ 61%] Built target champ_msgs__rosidl_typesupport_c
[3.247s] [ 62%] [32mBuilding CXX object CMakeFiles/champ_msgs__rosidl_typesupport_fastrtps_cpp.dir/rosidl_typesupport_fastrtps_cpp/champ_msgs/msg/detail/dds_fastrtps/point_array__type_support.cpp.o[0m
[3.250s] [ 63%] [32mBuilding C object CMakeFiles/champ_msgs__rosidl_typesupport_introspection_c.dir/rosidl_typesupport_introspection_c/champ_msgs/msg/detail/point_array__type_support.c.o[0m
[3.262s] [ 64%] [32mBuilding CXX object CMakeFiles/champ_msgs__rosidl_typesupport_fastrtps_cpp.dir/rosidl_typesupport_fastrtps_cpp/champ_msgs/msg/detail/dds_fastrtps/joints__type_support.cpp.o[0m
[3.287s] [ 65%] [32mBuilding C object CMakeFiles/champ_msgs__rosidl_typesupport_introspection_c.dir/rosidl_typesupport_introspection_c/champ_msgs/msg/detail/joints__type_support.c.o[0m
[3.309s] [ 66%] [32mBuilding CXX object CMakeFiles/champ_msgs__rosidl_typesupport_fastrtps_cpp.dir/rosidl_typesupport_fastrtps_cpp/champ_msgs/msg/detail/dds_fastrtps/contacts__type_support.cpp.o[0m
[3.334s] [ 67%] [32mBuilding C object CMakeFiles/champ_msgs__rosidl_typesupport_introspection_c.dir/rosidl_typesupport_introspection_c/champ_msgs/msg/detail/contacts__type_support.c.o[0m
[3.384s] [ 68%] [32mBuilding C object CMakeFiles/champ_msgs__rosidl_typesupport_introspection_c.dir/rosidl_typesupport_introspection_c/champ_msgs/msg/detail/contacts_stamped__type_support.c.o[0m
[3.413s] [ 69%] [32m[1mLinking CXX shared library libchamp_msgs__rosidl_typesupport_cpp.so[0m
[3.433s] [ 70%] [32mBuilding C object CMakeFiles/champ_msgs__rosidl_typesupport_introspection_c.dir/rosidl_typesupport_introspection_c/champ_msgs/msg/detail/pose__type_support.c.o[0m
[3.435s] [ 71%] [32mBuilding CXX object CMakeFiles/champ_msgs__rosidl_typesupport_fastrtps_cpp.dir/rosidl_typesupport_fastrtps_cpp/champ_msgs/msg/detail/dds_fastrtps/contacts_stamped__type_support.cpp.o[0m
[3.451s] [ 72%] [32mBuilding CXX object CMakeFiles/champ_msgs__rosidl_typesupport_fastrtps_c.dir/rosidl_typesupport_fastrtps_c/champ_msgs/msg/detail/point_array__type_support_c.cpp.o[0m
[3.458s] [ 72%] Built target champ_msgs__rosidl_typesupport_cpp
[3.465s] [ 73%] [32mBuilding CXX object CMakeFiles/champ_msgs__rosidl_typesupport_fastrtps_cpp.dir/rosidl_typesupport_fastrtps_cpp/champ_msgs/msg/detail/dds_fastrtps/pose__type_support.cpp.o[0m
[3.466s] [ 74%] [32m[1mLinking C shared library libchamp_msgs__rosidl_typesupport_introspection_c.so[0m
[3.500s] [ 74%] Built target champ_msgs__rosidl_typesupport_introspection_c
[3.508s] [ 75%] [32mBuilding CXX object CMakeFiles/champ_msgs__rosidl_typesupport_fastrtps_c.dir/rosidl_typesupport_fastrtps_c/champ_msgs/msg/detail/joints__type_support_c.cpp.o[0m
[3.624s] [ 76%] [32mBuilding CXX object CMakeFiles/champ_msgs__rosidl_typesupport_fastrtps_c.dir/rosidl_typesupport_fastrtps_c/champ_msgs/msg/detail/contacts__type_support_c.cpp.o[0m
[3.634s] [ 77%] [32mBuilding CXX object CMakeFiles/champ_msgs__rosidl_typesupport_fastrtps_c.dir/rosidl_typesupport_fastrtps_c/champ_msgs/msg/detail/contacts_stamped__type_support_c.cpp.o[0m
[3.652s] [ 78%] [32mBuilding CXX object CMakeFiles/champ_msgs__rosidl_typesupport_fastrtps_c.dir/rosidl_typesupport_fastrtps_c/champ_msgs/msg/detail/pose__type_support_c.cpp.o[0m
[3.654s] [ 80%] [32m[1mLinking CXX shared library libchamp_msgs__rosidl_typesupport_introspection_cpp.so[0m
[3.762s] [ 80%] Built target champ_msgs__rosidl_typesupport_introspection_cpp
[3.920s] [ 81%] [32m[1mLinking CXX shared library libchamp_msgs__rosidl_typesupport_fastrtps_cpp.so[0m
[3.973s] [ 81%] Built target champ_msgs__rosidl_typesupport_fastrtps_cpp
[3.980s] [ 82%] [32m[1mLinking CXX shared library libchamp_msgs__rosidl_typesupport_fastrtps_c.so[0m
[4.042s] [ 82%] Built target champ_msgs__rosidl_typesupport_fastrtps_c
[4.065s] [ 82%] Built target champ_msgs
[4.085s] [ 83%] [34m[1mGenerating Python code for ROS interfaces[0m
[4.592s] [ 83%] Built target champ_msgs__py
[4.612s] [ 85%] [32mBuilding C object CMakeFiles/champ_msgs__rosidl_generator_py.dir/rosidl_generator_py/champ_msgs/msg/_point_array_s.c.o[0m
[4.613s] [ 85%] [32mBuilding C object CMakeFiles/champ_msgs__rosidl_generator_py.dir/rosidl_generator_py/champ_msgs/msg/_joints_s.c.o[0m
[4.614s] [ 86%] [32mBuilding C object CMakeFiles/champ_msgs__rosidl_generator_py.dir/rosidl_generator_py/champ_msgs/msg/_velocities_s.c.o[0m
[4.615s] [ 87%] [32mBuilding C object CMakeFiles/champ_msgs__rosidl_generator_py.dir/rosidl_generator_py/champ_msgs/msg/_pid_s.c.o[0m
[4.616s] [ 88%] [32mBuilding C object CMakeFiles/champ_msgs__rosidl_generator_py.dir/rosidl_generator_py/champ_msgs/msg/_imu_s.c.o[0m
[4.617s] [ 89%] [32mBuilding C object CMakeFiles/champ_msgs__rosidl_generator_py.dir/rosidl_generator_py/champ_msgs/msg/_point_s.c.o[0m
[4.620s] [ 91%] [32mBuilding C object CMakeFiles/champ_msgs__rosidl_generator_py.dir/rosidl_generator_py/champ_msgs/msg/_contacts_s.c.o[0m
[4.620s] [ 91%] [32mBuilding C object CMakeFiles/champ_msgs__rosidl_generator_py.dir/rosidl_generator_py/champ_msgs/msg/_contacts_stamped_s.c.o[0m
[4.620s] [ 92%] [32mBuilding C object CMakeFiles/champ_msgs__rosidl_generator_py.dir/rosidl_generator_py/champ_msgs/msg/_pose_s.c.o[0m
[4.739s] [ 93%] [32m[1mLinking C shared library rosidl_generator_py/champ_msgs/libchamp_msgs__rosidl_generator_py.so[0m
[4.779s] [ 93%] Built target champ_msgs__rosidl_generator_py
[4.802s] [ 96%] [32mBuilding C object CMakeFiles/champ_msgs__rosidl_typesupport_c__pyext.dir/rosidl_generator_py/champ_msgs/_champ_msgs_s.ep.rosidl_typesupport_c.c.o[0m
[4.802s] [ 96%] [32mBuilding C object CMakeFiles/champ_msgs__rosidl_typesupport_introspection_c__pyext.dir/rosidl_generator_py/champ_msgs/_champ_msgs_s.ep.rosidl_typesupport_introspection_c.c.o[0m
[4.802s] [ 96%] [32mBuilding C object CMakeFiles/champ_msgs__rosidl_typesupport_fastrtps_c__pyext.dir/rosidl_generator_py/champ_msgs/_champ_msgs_s.ep.rosidl_typesupport_fastrtps_c.c.o[0m
[4.875s] [ 97%] [32m[1mLinking C shared library rosidl_generator_py/champ_msgs/champ_msgs_s__rosidl_typesupport_fastrtps_c.cpython-310-x86_64-linux-gnu.so[0m
[4.877s] [ 98%] [32m[1mLinking C shared library rosidl_generator_py/champ_msgs/champ_msgs_s__rosidl_typesupport_c.cpython-310-x86_64-linux-gnu.so[0m
[4.906s] [ 98%] Built target champ_msgs__rosidl_typesupport_fastrtps_c__pyext
[4.906s] [ 98%] Built target champ_msgs__rosidl_typesupport_c__pyext
[4.916s] [100%] [32m[1mLinking C shared library rosidl_generator_py/champ_msgs/champ_msgs_s__rosidl_typesupport_introspection_c.cpython-310-x86_64-linux-gnu.so[0m
[4.957s] [100%] Built target champ_msgs__rosidl_typesupport_introspection_c__pyext
[4.971s] Invoked command in '/home/manoj/spot_ws/build/champ_msgs' returned '0': CMAKE_PREFIX_PATH=/opt/ros/humble /usr/bin/cmake --build /home/manoj/spot_ws/build/champ_msgs -- -j12 -l12
[4.972s] Invoking command in '/home/manoj/spot_ws/build/champ_msgs': CMAKE_PREFIX_PATH=/opt/ros/humble /usr/bin/cmake --install /home/manoj/spot_ws/build/champ_msgs
[4.983s] -- Install configuration: ""
[4.984s] -- Execute custom install script
[4.985s] -- Symlinking: /home/manoj/spot_ws/install/champ_msgs/share/ament_index/resource_index/rosidl_interfaces/champ_msgs
[4.995s] -- Symlinking: /home/manoj/spot_ws/install/champ_msgs/include/champ_msgs/champ_msgs/msg/contacts.h
[5.004s] -- Symlinking: /home/manoj/spot_ws/install/champ_msgs/include/champ_msgs/champ_msgs/msg/contacts_stamped.h
[5.013s] -- Symlinking: /home/manoj/spot_ws/install/champ_msgs/include/champ_msgs/champ_msgs/msg/detail/contacts__functions.h
[5.022s] -- Symlinking: /home/manoj/spot_ws/install/champ_msgs/include/champ_msgs/champ_msgs/msg/detail/contacts__struct.h
[5.032s] -- Symlinking: /home/manoj/spot_ws/install/champ_msgs/include/champ_msgs/champ_msgs/msg/detail/contacts__type_support.h
[5.040s] -- Symlinking: /home/manoj/spot_ws/install/champ_msgs/include/champ_msgs/champ_msgs/msg/detail/contacts_stamped__functions.h
[5.052s] -- Symlinking: /home/manoj/spot_ws/install/champ_msgs/include/champ_msgs/champ_msgs/msg/detail/contacts_stamped__struct.h
[5.062s] -- Symlinking: /home/manoj/spot_ws/install/champ_msgs/include/champ_msgs/champ_msgs/msg/detail/contacts_stamped__type_support.h
[5.072s] -- Symlinking: /home/manoj/spot_ws/install/champ_msgs/include/champ_msgs/champ_msgs/msg/detail/imu__functions.h
[5.082s] -- Symlinking: /home/manoj/spot_ws/install/champ_msgs/include/champ_msgs/champ_msgs/msg/detail/imu__struct.h
[5.091s] -- Symlinking: /home/manoj/spot_ws/install/champ_msgs/include/champ_msgs/champ_msgs/msg/detail/imu__type_support.h
[5.101s] -- Symlinking: /home/manoj/spot_ws/install/champ_msgs/include/champ_msgs/champ_msgs/msg/detail/joints__functions.h
[5.110s] -- Symlinking: /home/manoj/spot_ws/install/champ_msgs/include/champ_msgs/champ_msgs/msg/detail/joints__struct.h
[5.120s] -- Symlinking: /home/manoj/spot_ws/install/champ_msgs/include/champ_msgs/champ_msgs/msg/detail/joints__type_support.h
[5.127s] -- Symlinking: /home/manoj/spot_ws/install/champ_msgs/include/champ_msgs/champ_msgs/msg/detail/pid__functions.h
[5.137s] -- Symlinking: /home/manoj/spot_ws/install/champ_msgs/include/champ_msgs/champ_msgs/msg/detail/pid__struct.h
[5.145s] -- Symlinking: /home/manoj/spot_ws/install/champ_msgs/include/champ_msgs/champ_msgs/msg/detail/pid__type_support.h
[5.155s] -- Symlinking: /home/manoj/spot_ws/install/champ_msgs/include/champ_msgs/champ_msgs/msg/detail/point__functions.h
[5.166s] -- Symlinking: /home/manoj/spot_ws/install/champ_msgs/include/champ_msgs/champ_msgs/msg/detail/point__struct.h
[5.175s] -- Symlinking: /home/manoj/spot_ws/install/champ_msgs/include/champ_msgs/champ_msgs/msg/detail/point__type_support.h
[5.186s] -- Symlinking: /home/manoj/spot_ws/install/champ_msgs/include/champ_msgs/champ_msgs/msg/detail/point_array__functions.h
[5.195s] -- Symlinking: /home/manoj/spot_ws/install/champ_msgs/include/champ_msgs/champ_msgs/msg/detail/point_array__struct.h
[5.204s] -- Symlinking: /home/manoj/spot_ws/install/champ_msgs/include/champ_msgs/champ_msgs/msg/detail/point_array__type_support.h
[5.213s] -- Symlinking: /home/manoj/spot_ws/install/champ_msgs/include/champ_msgs/champ_msgs/msg/detail/pose__functions.h
[5.222s] -- Symlinking: /home/manoj/spot_ws/install/champ_msgs/include/champ_msgs/champ_msgs/msg/detail/pose__struct.h
[5.232s] -- Symlinking: /home/manoj/spot_ws/install/champ_msgs/include/champ_msgs/champ_msgs/msg/detail/pose__type_support.h
[5.240s] -- Symlinking: /home/manoj/spot_ws/install/champ_msgs/include/champ_msgs/champ_msgs/msg/detail/velocities__functions.h
[5.250s] -- Symlinking: /home/manoj/spot_ws/install/champ_msgs/include/champ_msgs/champ_msgs/msg/detail/velocities__struct.h
[5.259s] -- Symlinking: /home/manoj/spot_ws/install/champ_msgs/include/champ_msgs/champ_msgs/msg/detail/velocities__type_support.h
[5.269s] -- Symlinking: /home/manoj/spot_ws/install/champ_msgs/include/champ_msgs/champ_msgs/msg/imu.h
[5.278s] -- Symlinking: /home/manoj/spot_ws/install/champ_msgs/include/champ_msgs/champ_msgs/msg/joints.h
[5.288s] -- Symlinking: /home/manoj/spot_ws/install/champ_msgs/include/champ_msgs/champ_msgs/msg/pid.h
[5.297s] -- Symlinking: /home/manoj/spot_ws/install/champ_msgs/include/champ_msgs/champ_msgs/msg/point.h
[5.306s] -- Symlinking: /home/manoj/spot_ws/install/champ_msgs/include/champ_msgs/champ_msgs/msg/point_array.h
[5.314s] -- Symlinking: /home/manoj/spot_ws/install/champ_msgs/include/champ_msgs/champ_msgs/msg/pose.h
[5.324s] -- Symlinking: /home/manoj/spot_ws/install/champ_msgs/include/champ_msgs/champ_msgs/msg/rosidl_generator_c__visibility_control.h
[5.334s] -- Symlinking: /home/manoj/spot_ws/install/champ_msgs/include/champ_msgs/champ_msgs/msg/velocities.h
[5.343s] -- Symlinking: /home/manoj/spot_ws/install/champ_msgs/share/champ_msgs/environment/library_path.sh
[5.350s] -- Symlinking: /home/manoj/spot_ws/install/champ_msgs/share/champ_msgs/environment/library_path.dsv
[5.356s] -- Symlinking: /home/manoj/spot_ws/install/champ_msgs/include/champ_msgs/champ_msgs/msg/detail/contacts__rosidl_typesupport_fastrtps_c.h
[5.362s] -- Symlinking: /home/manoj/spot_ws/install/champ_msgs/include/champ_msgs/champ_msgs/msg/detail/contacts_stamped__rosidl_typesupport_fastrtps_c.h
[5.370s] -- Symlinking: /home/manoj/spot_ws/install/champ_msgs/include/champ_msgs/champ_msgs/msg/detail/imu__rosidl_typesupport_fastrtps_c.h
[5.376s] -- Symlinking: /home/manoj/spot_ws/install/champ_msgs/include/champ_msgs/champ_msgs/msg/detail/joints__rosidl_typesupport_fastrtps_c.h
[5.383s] -- Symlinking: /home/manoj/spot_ws/install/champ_msgs/include/champ_msgs/champ_msgs/msg/detail/pid__rosidl_typesupport_fastrtps_c.h
[5.390s] -- Symlinking: /home/manoj/spot_ws/install/champ_msgs/include/champ_msgs/champ_msgs/msg/detail/point__rosidl_typesupport_fastrtps_c.h
[5.397s] -- Symlinking: /home/manoj/spot_ws/install/champ_msgs/include/champ_msgs/champ_msgs/msg/detail/point_array__rosidl_typesupport_fastrtps_c.h
[5.407s] -- Symlinking: /home/manoj/spot_ws/install/champ_msgs/include/champ_msgs/champ_msgs/msg/detail/pose__rosidl_typesupport_fastrtps_c.h
[5.416s] -- Symlinking: /home/manoj/spot_ws/install/champ_msgs/include/champ_msgs/champ_msgs/msg/detail/velocities__rosidl_typesupport_fastrtps_c.h
[5.424s] -- Symlinking: /home/manoj/spot_ws/install/champ_msgs/include/champ_msgs/champ_msgs/msg/rosidl_typesupport_fastrtps_c__visibility_control.h
[5.434s] -- Symlinking: /home/manoj/spot_ws/install/champ_msgs/include/champ_msgs/champ_msgs/msg/detail/contacts__rosidl_typesupport_introspection_c.h
[5.440s] -- Symlinking: /home/manoj/spot_ws/install/champ_msgs/include/champ_msgs/champ_msgs/msg/detail/contacts_stamped__rosidl_typesupport_introspection_c.h
[5.447s] -- Symlinking: /home/manoj/spot_ws/install/champ_msgs/include/champ_msgs/champ_msgs/msg/detail/imu__rosidl_typesupport_introspection_c.h
[5.455s] -- Symlinking: /home/manoj/spot_ws/install/champ_msgs/include/champ_msgs/champ_msgs/msg/detail/joints__rosidl_typesupport_introspection_c.h
[5.463s] -- Symlinking: /home/manoj/spot_ws/install/champ_msgs/include/champ_msgs/champ_msgs/msg/detail/pid__rosidl_typesupport_introspection_c.h
[5.471s] -- Symlinking: /home/manoj/spot_ws/install/champ_msgs/include/champ_msgs/champ_msgs/msg/detail/point__rosidl_typesupport_introspection_c.h
[5.480s] -- Symlinking: /home/manoj/spot_ws/install/champ_msgs/include/champ_msgs/champ_msgs/msg/detail/point_array__rosidl_typesupport_introspection_c.h
[5.489s] -- Symlinking: /home/manoj/spot_ws/install/champ_msgs/include/champ_msgs/champ_msgs/msg/detail/pose__rosidl_typesupport_introspection_c.h
[5.495s] -- Symlinking: /home/manoj/spot_ws/install/champ_msgs/include/champ_msgs/champ_msgs/msg/detail/velocities__rosidl_typesupport_introspection_c.h
[5.501s] -- Symlinking: /home/manoj/spot_ws/install/champ_msgs/include/champ_msgs/champ_msgs/msg/rosidl_typesupport_introspection_c__visibility_control.h
[5.507s] -- Symlinking: /home/manoj/spot_ws/install/champ_msgs/include/champ_msgs/champ_msgs/msg/contacts.hpp
[5.513s] -- Symlinking: /home/manoj/spot_ws/install/champ_msgs/include/champ_msgs/champ_msgs/msg/contacts_stamped.hpp
[5.519s] -- Symlinking: /home/manoj/spot_ws/install/champ_msgs/include/champ_msgs/champ_msgs/msg/detail/contacts__builder.hpp
[5.526s] -- Symlinking: /home/manoj/spot_ws/install/champ_msgs/include/champ_msgs/champ_msgs/msg/detail/contacts__struct.hpp
[5.533s] -- Symlinking: /home/manoj/spot_ws/install/champ_msgs/include/champ_msgs/champ_msgs/msg/detail/contacts__traits.hpp
[5.542s] -- Symlinking: /home/manoj/spot_ws/install/champ_msgs/include/champ_msgs/champ_msgs/msg/detail/contacts__type_support.hpp
[5.549s] -- Symlinking: /home/manoj/spot_ws/install/champ_msgs/include/champ_msgs/champ_msgs/msg/detail/contacts_stamped__builder.hpp
[5.558s] -- Symlinking: /home/manoj/spot_ws/install/champ_msgs/include/champ_msgs/champ_msgs/msg/detail/contacts_stamped__struct.hpp
[5.566s] -- Symlinking: /home/manoj/spot_ws/install/champ_msgs/include/champ_msgs/champ_msgs/msg/detail/contacts_stamped__traits.hpp
[5.574s] -- Symlinking: /home/manoj/spot_ws/install/champ_msgs/include/champ_msgs/champ_msgs/msg/detail/contacts_stamped__type_support.hpp
[5.581s] -- Symlinking: /home/manoj/spot_ws/install/champ_msgs/include/champ_msgs/champ_msgs/msg/detail/imu__builder.hpp
[5.586s] -- Symlinking: /home/manoj/spot_ws/install/champ_msgs/include/champ_msgs/champ_msgs/msg/detail/imu__struct.hpp
[5.592s] -- Symlinking: /home/manoj/spot_ws/install/champ_msgs/include/champ_msgs/champ_msgs/msg/detail/imu__traits.hpp
[5.599s] -- Symlinking: /home/manoj/spot_ws/install/champ_msgs/include/champ_msgs/champ_msgs/msg/detail/imu__type_support.hpp
[5.603s] -- Symlinking: /home/manoj/spot_ws/install/champ_msgs/include/champ_msgs/champ_msgs/msg/detail/joints__builder.hpp
[5.609s] -- Symlinking: /home/manoj/spot_ws/install/champ_msgs/include/champ_msgs/champ_msgs/msg/detail/joints__struct.hpp
[5.616s] -- Symlinking: /home/manoj/spot_ws/install/champ_msgs/include/champ_msgs/champ_msgs/msg/detail/joints__traits.hpp
[5.622s] -- Symlinking: /home/manoj/spot_ws/install/champ_msgs/include/champ_msgs/champ_msgs/msg/detail/joints__type_support.hpp
[5.630s] -- Symlinking: /home/manoj/spot_ws/install/champ_msgs/include/champ_msgs/champ_msgs/msg/detail/pid__builder.hpp
[5.636s] -- Symlinking: /home/manoj/spot_ws/install/champ_msgs/include/champ_msgs/champ_msgs/msg/detail/pid__struct.hpp
[5.644s] -- Symlinking: /home/manoj/spot_ws/install/champ_msgs/include/champ_msgs/champ_msgs/msg/detail/pid__traits.hpp
[5.655s] -- Symlinking: /home/manoj/spot_ws/install/champ_msgs/include/champ_msgs/champ_msgs/msg/detail/pid__type_support.hpp
[5.665s] -- Symlinking: /home/manoj/spot_ws/install/champ_msgs/include/champ_msgs/champ_msgs/msg/detail/point__builder.hpp
[5.674s] -- Symlinking: /home/manoj/spot_ws/install/champ_msgs/include/champ_msgs/champ_msgs/msg/detail/point__struct.hpp
[5.683s] -- Symlinking: /home/manoj/spot_ws/install/champ_msgs/include/champ_msgs/champ_msgs/msg/detail/point__traits.hpp
[5.693s] -- Symlinking: /home/manoj/spot_ws/install/champ_msgs/include/champ_msgs/champ_msgs/msg/detail/point__type_support.hpp
[5.701s] -- Symlinking: /home/manoj/spot_ws/install/champ_msgs/include/champ_msgs/champ_msgs/msg/detail/point_array__builder.hpp
[5.708s] -- Symlinking: /home/manoj/spot_ws/install/champ_msgs/include/champ_msgs/champ_msgs/msg/detail/point_array__struct.hpp
[5.715s] -- Symlinking: /home/manoj/spot_ws/install/champ_msgs/include/champ_msgs/champ_msgs/msg/detail/point_array__traits.hpp
[5.724s] -- Symlinking: /home/manoj/spot_ws/install/champ_msgs/include/champ_msgs/champ_msgs/msg/detail/point_array__type_support.hpp
[5.733s] -- Symlinking: /home/manoj/spot_ws/install/champ_msgs/include/champ_msgs/champ_msgs/msg/detail/pose__builder.hpp
[5.742s] -- Symlinking: /home/manoj/spot_ws/install/champ_msgs/include/champ_msgs/champ_msgs/msg/detail/pose__struct.hpp
[5.749s] -- Symlinking: /home/manoj/spot_ws/install/champ_msgs/include/champ_msgs/champ_msgs/msg/detail/pose__traits.hpp
[5.758s] -- Symlinking: /home/manoj/spot_ws/install/champ_msgs/include/champ_msgs/champ_msgs/msg/detail/pose__type_support.hpp
[5.766s] -- Symlinking: /home/manoj/spot_ws/install/champ_msgs/include/champ_msgs/champ_msgs/msg/detail/velocities__builder.hpp
[5.773s] -- Symlinking: /home/manoj/spot_ws/install/champ_msgs/include/champ_msgs/champ_msgs/msg/detail/velocities__struct.hpp
[5.782s] -- Symlinking: /home/manoj/spot_ws/install/champ_msgs/include/champ_msgs/champ_msgs/msg/detail/velocities__traits.hpp
[5.790s] -- Symlinking: /home/manoj/spot_ws/install/champ_msgs/include/champ_msgs/champ_msgs/msg/detail/velocities__type_support.hpp
[5.797s] -- Symlinking: /home/manoj/spot_ws/install/champ_msgs/include/champ_msgs/champ_msgs/msg/imu.hpp
[5.803s] -- Symlinking: /home/manoj/spot_ws/install/champ_msgs/include/champ_msgs/champ_msgs/msg/joints.hpp
[5.812s] -- Symlinking: /home/manoj/spot_ws/install/champ_msgs/include/champ_msgs/champ_msgs/msg/pid.hpp
[5.820s] -- Symlinking: /home/manoj/spot_ws/install/champ_msgs/include/champ_msgs/champ_msgs/msg/point.hpp
[5.829s] -- Symlinking: /home/manoj/spot_ws/install/champ_msgs/include/champ_msgs/champ_msgs/msg/point_array.hpp
[5.836s] -- Symlinking: /home/manoj/spot_ws/install/champ_msgs/include/champ_msgs/champ_msgs/msg/pose.hpp
[5.842s] -- Symlinking: /home/manoj/spot_ws/install/champ_msgs/include/champ_msgs/champ_msgs/msg/rosidl_generator_cpp__visibility_control.hpp
[5.851s] -- Symlinking: /home/manoj/spot_ws/install/champ_msgs/include/champ_msgs/champ_msgs/msg/velocities.hpp
[5.857s] -- Symlinking: /home/manoj/spot_ws/install/champ_msgs/include/champ_msgs/champ_msgs/msg/detail/contacts__rosidl_typesupport_fastrtps_cpp.hpp
[5.864s] -- Symlinking: /home/manoj/spot_ws/install/champ_msgs/include/champ_msgs/champ_msgs/msg/detail/contacts_stamped__rosidl_typesupport_fastrtps_cpp.hpp
[5.873s] -- Symlinking: /home/manoj/spot_ws/install/champ_msgs/include/champ_msgs/champ_msgs/msg/detail/imu__rosidl_typesupport_fastrtps_cpp.hpp
[5.881s] -- Symlinking: /home/manoj/spot_ws/install/champ_msgs/include/champ_msgs/champ_msgs/msg/detail/joints__rosidl_typesupport_fastrtps_cpp.hpp
[5.890s] -- Symlinking: /home/manoj/spot_ws/install/champ_msgs/include/champ_msgs/champ_msgs/msg/detail/pid__rosidl_typesupport_fastrtps_cpp.hpp
[5.899s] -- Symlinking: /home/manoj/spot_ws/install/champ_msgs/include/champ_msgs/champ_msgs/msg/detail/point__rosidl_typesupport_fastrtps_cpp.hpp
[5.909s] -- Symlinking: /home/manoj/spot_ws/install/champ_msgs/include/champ_msgs/champ_msgs/msg/detail/point_array__rosidl_typesupport_fastrtps_cpp.hpp
[5.917s] -- Symlinking: /home/manoj/spot_ws/install/champ_msgs/include/champ_msgs/champ_msgs/msg/detail/pose__rosidl_typesupport_fastrtps_cpp.hpp
[5.925s] -- Symlinking: /home/manoj/spot_ws/install/champ_msgs/include/champ_msgs/champ_msgs/msg/detail/velocities__rosidl_typesupport_fastrtps_cpp.hpp
[5.934s] -- Symlinking: /home/manoj/spot_ws/install/champ_msgs/include/champ_msgs/champ_msgs/msg/rosidl_typesupport_fastrtps_cpp__visibility_control.h
[5.944s] -- Symlinking: /home/manoj/spot_ws/install/champ_msgs/include/champ_msgs/champ_msgs/msg/detail/contacts__rosidl_typesupport_introspection_cpp.hpp
[5.954s] -- Symlinking: /home/manoj/spot_ws/install/champ_msgs/include/champ_msgs/champ_msgs/msg/detail/contacts_stamped__rosidl_typesupport_introspection_cpp.hpp
[5.964s] -- Symlinking: /home/manoj/spot_ws/install/champ_msgs/include/champ_msgs/champ_msgs/msg/detail/imu__rosidl_typesupport_introspection_cpp.hpp
[5.973s] -- Symlinking: /home/manoj/spot_ws/install/champ_msgs/include/champ_msgs/champ_msgs/msg/detail/joints__rosidl_typesupport_introspection_cpp.hpp
[5.983s] -- Symlinking: /home/manoj/spot_ws/install/champ_msgs/include/champ_msgs/champ_msgs/msg/detail/pid__rosidl_typesupport_introspection_cpp.hpp
[5.992s] -- Symlinking: /home/manoj/spot_ws/install/champ_msgs/include/champ_msgs/champ_msgs/msg/detail/point__rosidl_typesupport_introspection_cpp.hpp
[6.001s] -- Symlinking: /home/manoj/spot_ws/install/champ_msgs/include/champ_msgs/champ_msgs/msg/detail/point_array__rosidl_typesupport_introspection_cpp.hpp
[6.010s] -- Symlinking: /home/manoj/spot_ws/install/champ_msgs/include/champ_msgs/champ_msgs/msg/detail/pose__rosidl_typesupport_introspection_cpp.hpp
[6.020s] -- Symlinking: /home/manoj/spot_ws/install/champ_msgs/include/champ_msgs/champ_msgs/msg/detail/velocities__rosidl_typesupport_introspection_cpp.hpp
[6.028s] -- Symlinking: /home/manoj/spot_ws/install/champ_msgs/share/champ_msgs/environment/pythonpath.sh
[6.037s] -- Symlinking: /home/manoj/spot_ws/install/champ_msgs/share/champ_msgs/environment/pythonpath.dsv
[6.048s] -- Symlinking: /home/manoj/spot_ws/install/champ_msgs/local/lib/python3.10/dist-packages/champ_msgs-0.1.0-py3.10.egg-info/PKG-INFO
[6.058s] -- Symlinking: /home/manoj/spot_ws/install/champ_msgs/local/lib/python3.10/dist-packages/champ_msgs-0.1.0-py3.10.egg-info/SOURCES.txt
[6.067s] -- Symlinking: /home/manoj/spot_ws/install/champ_msgs/local/lib/python3.10/dist-packages/champ_msgs-0.1.0-py3.10.egg-info/dependency_links.txt
[6.072s] -- Symlinking: /home/manoj/spot_ws/install/champ_msgs/local/lib/python3.10/dist-packages/champ_msgs-0.1.0-py3.10.egg-info/top_level.txt
[6.081s] -- Symlinking: /home/manoj/spot_ws/install/champ_msgs/local/lib/python3.10/dist-packages/champ_msgs/__init__.py
[6.090s] -- Symlinking: /home/manoj/spot_ws/install/champ_msgs/local/lib/python3.10/dist-packages/champ_msgs/_champ_msgs_s.ep.rosidl_typesupport_c.c
[6.100s] -- Symlinking: /home/manoj/spot_ws/install/champ_msgs/local/lib/python3.10/dist-packages/champ_msgs/_champ_msgs_s.ep.rosidl_typesupport_fastrtps_c.c
[6.106s] -- Symlinking: /home/manoj/spot_ws/install/champ_msgs/local/lib/python3.10/dist-packages/champ_msgs/_champ_msgs_s.ep.rosidl_typesupport_introspection_c.c
[6.114s] -- Symlinking: /home/manoj/spot_ws/install/champ_msgs/local/lib/python3.10/dist-packages/champ_msgs/champ_msgs_s__rosidl_typesupport_c.cpython-310-x86_64-linux-gnu.so
[6.121s] -- Symlinking: /home/manoj/spot_ws/install/champ_msgs/local/lib/python3.10/dist-packages/champ_msgs/champ_msgs_s__rosidl_typesupport_fastrtps_c.cpython-310-x86_64-linux-gnu.so
[6.128s] -- Symlinking: /home/manoj/spot_ws/install/champ_msgs/local/lib/python3.10/dist-packages/champ_msgs/champ_msgs_s__rosidl_typesupport_introspection_c.cpython-310-x86_64-linux-gnu.so
[6.134s] -- Symlinking: /home/manoj/spot_ws/install/champ_msgs/local/lib/python3.10/dist-packages/champ_msgs/libchamp_msgs__rosidl_generator_py.so
[6.143s] -- Symlinking: /home/manoj/spot_ws/install/champ_msgs/local/lib/python3.10/dist-packages/champ_msgs/msg/__init__.py
[6.153s] -- Symlinking: /home/manoj/spot_ws/install/champ_msgs/local/lib/python3.10/dist-packages/champ_msgs/msg/_contacts.py
[6.163s] -- Symlinking: /home/manoj/spot_ws/install/champ_msgs/local/lib/python3.10/dist-packages/champ_msgs/msg/_contacts_s.c
[6.171s] -- Symlinking: /home/manoj/spot_ws/install/champ_msgs/local/lib/python3.10/dist-packages/champ_msgs/msg/_contacts_stamped.py
[6.180s] -- Symlinking: /home/manoj/spot_ws/install/champ_msgs/local/lib/python3.10/dist-packages/champ_msgs/msg/_contacts_stamped_s.c
[6.190s] -- Symlinking: /home/manoj/spot_ws/install/champ_msgs/local/lib/python3.10/dist-packages/champ_msgs/msg/_imu.py
[6.198s] -- Symlinking: /home/manoj/spot_ws/install/champ_msgs/local/lib/python3.10/dist-packages/champ_msgs/msg/_imu_s.c
[6.207s] -- Symlinking: /home/manoj/spot_ws/install/champ_msgs/local/lib/python3.10/dist-packages/champ_msgs/msg/_joints.py
[6.216s] -- Symlinking: /home/manoj/spot_ws/install/champ_msgs/local/lib/python3.10/dist-packages/champ_msgs/msg/_joints_s.c
[6.225s] -- Symlinking: /home/manoj/spot_ws/install/champ_msgs/local/lib/python3.10/dist-packages/champ_msgs/msg/_pid.py
[6.233s] -- Symlinking: /home/manoj/spot_ws/install/champ_msgs/local/lib/python3.10/dist-packages/champ_msgs/msg/_pid_s.c
[6.238s] -- Symlinking: /home/manoj/spot_ws/install/champ_msgs/local/lib/python3.10/dist-packages/champ_msgs/msg/_point.py
[6.242s] -- Symlinking: /home/manoj/spot_ws/install/champ_msgs/local/lib/python3.10/dist-packages/champ_msgs/msg/_point_array.py
[6.248s] -- Symlinking: /home/manoj/spot_ws/install/champ_msgs/local/lib/python3.10/dist-packages/champ_msgs/msg/_point_array_s.c
[6.253s] -- Symlinking: /home/manoj/spot_ws/install/champ_msgs/local/lib/python3.10/dist-packages/champ_msgs/msg/_point_s.c
[6.260s] -- Symlinking: /home/manoj/spot_ws/install/champ_msgs/local/lib/python3.10/dist-packages/champ_msgs/msg/_pose.py
[6.268s] -- Symlinking: /home/manoj/spot_ws/install/champ_msgs/local/lib/python3.10/dist-packages/champ_msgs/msg/_pose_s.c
[6.276s] -- Symlinking: /home/manoj/spot_ws/install/champ_msgs/local/lib/python3.10/dist-packages/champ_msgs/msg/_velocities.py
[6.284s] -- Symlinking: /home/manoj/spot_ws/install/champ_msgs/local/lib/python3.10/dist-packages/champ_msgs/msg/_velocities_s.c
[6.294s] -- Up-to-date symlink: /home/manoj/spot_ws/install/champ_msgs/local/lib/python3.10/dist-packages/champ_msgs/champ_msgs_s__rosidl_typesupport_fastrtps_c.cpython-310-x86_64-linux-gnu.so
[6.294s] -- Up-to-date symlink: /home/manoj/spot_ws/install/champ_msgs/local/lib/python3.10/dist-packages/champ_msgs/champ_msgs_s__rosidl_typesupport_introspection_c.cpython-310-x86_64-linux-gnu.so
[6.294s] -- Up-to-date symlink: /home/manoj/spot_ws/install/champ_msgs/local/lib/python3.10/dist-packages/champ_msgs/champ_msgs_s__rosidl_typesupport_c.cpython-310-x86_64-linux-gnu.so
[6.294s] -- Symlinking: /home/manoj/spot_ws/install/champ_msgs/share/champ_msgs/msg/Velocities.idl
[6.304s] -- Symlinking: /home/manoj/spot_ws/install/champ_msgs/share/champ_msgs/msg/PID.idl
[6.313s] -- Symlinking: /home/manoj/spot_ws/install/champ_msgs/share/champ_msgs/msg/Imu.idl
[6.322s] -- Symlinking: /home/manoj/spot_ws/install/champ_msgs/share/champ_msgs/msg/Point.idl
[6.332s] -- Symlinking: /home/manoj/spot_ws/install/champ_msgs/share/champ_msgs/msg/PointArray.idl
[6.341s] -- Symlinking: /home/manoj/spot_ws/install/champ_msgs/share/champ_msgs/msg/Joints.idl
[6.351s] -- Symlinking: /home/manoj/spot_ws/install/champ_msgs/share/champ_msgs/msg/Contacts.idl
[6.360s] -- Symlinking: /home/manoj/spot_ws/install/champ_msgs/share/champ_msgs/msg/ContactsStamped.idl
[6.370s] -- Symlinking: /home/manoj/spot_ws/install/champ_msgs/share/champ_msgs/msg/Pose.idl
[6.376s] -- Symlinking: /home/manoj/spot_ws/install/champ_msgs/share/champ_msgs/msg/Velocities.msg
[6.384s] -- Symlinking: /home/manoj/spot_ws/install/champ_msgs/share/champ_msgs/msg/PID.msg
[6.391s] -- Symlinking: /home/manoj/spot_ws/install/champ_msgs/share/champ_msgs/msg/Imu.msg
[6.401s] -- Symlinking: /home/manoj/spot_ws/install/champ_msgs/share/champ_msgs/msg/Point.msg
[6.410s] -- Symlinking: /home/manoj/spot_ws/install/champ_msgs/share/champ_msgs/msg/PointArray.msg
[6.419s] -- Symlinking: /home/manoj/spot_ws/install/champ_msgs/share/champ_msgs/msg/Joints.msg
[6.425s] -- Symlinking: /home/manoj/spot_ws/install/champ_msgs/share/champ_msgs/msg/Contacts.msg
[6.430s] -- Symlinking: /home/manoj/spot_ws/install/champ_msgs/share/champ_msgs/msg/ContactsStamped.msg
[6.436s] -- Symlinking: /home/manoj/spot_ws/install/champ_msgs/share/champ_msgs/msg/Pose.msg
[6.443s] -- Symlinking: /home/manoj/spot_ws/install/champ_msgs/share/ament_index/resource_index/package_run_dependencies/champ_msgs
[6.449s] -- Symlinking: /home/manoj/spot_ws/install/champ_msgs/share/ament_index/resource_index/parent_prefix_path/champ_msgs
[6.459s] -- Symlinking: /home/manoj/spot_ws/install/champ_msgs/share/champ_msgs/environment/ament_prefix_path.sh
[6.469s] -- Symlinking: /home/manoj/spot_ws/install/champ_msgs/share/champ_msgs/environment/ament_prefix_path.dsv
[6.475s] -- Symlinking: /home/manoj/spot_ws/install/champ_msgs/share/champ_msgs/environment/path.sh
[6.482s] -- Symlinking: /home/manoj/spot_ws/install/champ_msgs/share/champ_msgs/environment/path.dsv
[6.488s] -- Symlinking: /home/manoj/spot_ws/install/champ_msgs/share/champ_msgs/local_setup.bash
[6.494s] -- Symlinking: /home/manoj/spot_ws/install/champ_msgs/share/champ_msgs/local_setup.sh
[6.500s] -- Symlinking: /home/manoj/spot_ws/install/champ_msgs/share/champ_msgs/local_setup.zsh
[6.505s] -- Symlinking: /home/manoj/spot_ws/install/champ_msgs/share/champ_msgs/local_setup.dsv
[6.509s] -- Symlinking: /home/manoj/spot_ws/install/champ_msgs/share/champ_msgs/package.dsv
[6.518s] -- Symlinking: /home/manoj/spot_ws/install/champ_msgs/share/ament_index/resource_index/packages/champ_msgs
[6.528s] -- Symlinking: /home/manoj/spot_ws/install/champ_msgs/share/champ_msgs/cmake/rosidl_cmake-extras.cmake
[6.536s] -- Symlinking: /home/manoj/spot_ws/install/champ_msgs/share/champ_msgs/cmake/ament_cmake_export_dependencies-extras.cmake
[6.547s] -- Symlinking: /home/manoj/spot_ws/install/champ_msgs/share/champ_msgs/cmake/ament_cmake_export_include_directories-extras.cmake
[6.557s] -- Symlinking: /home/manoj/spot_ws/install/champ_msgs/share/champ_msgs/cmake/ament_cmake_export_libraries-extras.cmake
[6.567s] -- Symlinking: /home/manoj/spot_ws/install/champ_msgs/share/champ_msgs/cmake/ament_cmake_export_targets-extras.cmake
[6.576s] -- Symlinking: /home/manoj/spot_ws/install/champ_msgs/share/champ_msgs/cmake/rosidl_cmake_export_typesupport_targets-extras.cmake
[6.585s] -- Symlinking: /home/manoj/spot_ws/install/champ_msgs/share/champ_msgs/cmake/rosidl_cmake_export_typesupport_libraries-extras.cmake
[6.594s] -- Symlinking: /home/manoj/spot_ws/install/champ_msgs/share/champ_msgs/cmake/champ_msgsConfig.cmake
[6.602s] -- Symlinking: /home/manoj/spot_ws/install/champ_msgs/share/champ_msgs/cmake/champ_msgsConfig-version.cmake
[6.611s] -- Symlinking: /home/manoj/spot_ws/install/champ_msgs/share/champ_msgs/package.xml
[6.620s] -- Installing: /home/manoj/spot_ws/install/champ_msgs/lib/libchamp_msgs__rosidl_generator_c.so
[6.621s] -- Set runtime path of "/home/manoj/spot_ws/install/champ_msgs/lib/libchamp_msgs__rosidl_generator_c.so" to ""
[6.621s] -- Installing: /home/manoj/spot_ws/install/champ_msgs/lib/libchamp_msgs__rosidl_typesupport_fastrtps_c.so
[6.621s] -- Set runtime path of "/home/manoj/spot_ws/install/champ_msgs/lib/libchamp_msgs__rosidl_typesupport_fastrtps_c.so" to ""
[6.621s] -- Installing: /home/manoj/spot_ws/install/champ_msgs/lib/libchamp_msgs__rosidl_typesupport_introspection_c.so
[6.621s] -- Set runtime path of "/home/manoj/spot_ws/install/champ_msgs/lib/libchamp_msgs__rosidl_typesupport_introspection_c.so" to ""
[6.621s] -- Installing: /home/manoj/spot_ws/install/champ_msgs/lib/libchamp_msgs__rosidl_typesupport_c.so
[6.621s] -- Set runtime path of "/home/manoj/spot_ws/install/champ_msgs/lib/libchamp_msgs__rosidl_typesupport_c.so" to ""
[6.621s] -- Installing: /home/manoj/spot_ws/install/champ_msgs/lib/libchamp_msgs__rosidl_typesupport_fastrtps_cpp.so
[6.622s] -- Set runtime path of "/home/manoj/spot_ws/install/champ_msgs/lib/libchamp_msgs__rosidl_typesupport_fastrtps_cpp.so" to ""
[6.622s] -- Installing: /home/manoj/spot_ws/install/champ_msgs/lib/libchamp_msgs__rosidl_typesupport_introspection_cpp.so
[6.622s] -- Set runtime path of "/home/manoj/spot_ws/install/champ_msgs/lib/libchamp_msgs__rosidl_typesupport_introspection_cpp.so" to ""
[6.622s] -- Installing: /home/manoj/spot_ws/install/champ_msgs/lib/libchamp_msgs__rosidl_typesupport_cpp.so
[6.622s] -- Set runtime path of "/home/manoj/spot_ws/install/champ_msgs/lib/libchamp_msgs__rosidl_typesupport_cpp.so" to ""
[6.650s] Listing '/home/manoj/spot_ws/install/champ_msgs/local/lib/python3.10/dist-packages/champ_msgs'...
[6.650s] Compiling '/home/manoj/spot_ws/install/champ_msgs/local/lib/python3.10/dist-packages/champ_msgs/__init__.py'...
[6.650s] Listing '/home/manoj/spot_ws/install/champ_msgs/local/lib/python3.10/dist-packages/champ_msgs/msg'...
[6.650s] Compiling '/home/manoj/spot_ws/install/champ_msgs/local/lib/python3.10/dist-packages/champ_msgs/msg/__init__.py'...
[6.650s] Compiling '/home/manoj/spot_ws/install/champ_msgs/local/lib/python3.10/dist-packages/champ_msgs/msg/_contacts.py'...
[6.650s] Compiling '/home/manoj/spot_ws/install/champ_msgs/local/lib/python3.10/dist-packages/champ_msgs/msg/_contacts_stamped.py'...
[6.650s] Compiling '/home/manoj/spot_ws/install/champ_msgs/local/lib/python3.10/dist-packages/champ_msgs/msg/_imu.py'...
[6.650s] Compiling '/home/manoj/spot_ws/install/champ_msgs/local/lib/python3.10/dist-packages/champ_msgs/msg/_joints.py'...
[6.650s] Compiling '/home/manoj/spot_ws/install/champ_msgs/local/lib/python3.10/dist-packages/champ_msgs/msg/_pid.py'...
[6.651s] Compiling '/home/manoj/spot_ws/install/champ_msgs/local/lib/python3.10/dist-packages/champ_msgs/msg/_point.py'...
[6.651s] Compiling '/home/manoj/spot_ws/install/champ_msgs/local/lib/python3.10/dist-packages/champ_msgs/msg/_point_array.py'...
[6.651s] Compiling '/home/manoj/spot_ws/install/champ_msgs/local/lib/python3.10/dist-packages/champ_msgs/msg/_pose.py'...
[6.651s] Compiling '/home/manoj/spot_ws/install/champ_msgs/local/lib/python3.10/dist-packages/champ_msgs/msg/_velocities.py'...
[6.653s] -- Installing: /home/manoj/spot_ws/install/champ_msgs/lib/libchamp_msgs__rosidl_generator_py.so
[6.653s] -- Set runtime path of "/home/manoj/spot_ws/install/champ_msgs/lib/libchamp_msgs__rosidl_generator_py.so" to ""
[6.653s] -- Installing: /home/manoj/spot_ws/install/champ_msgs/share/champ_msgs/cmake/export_champ_msgs__rosidl_generator_cExport.cmake
[6.653s] -- Installing: /home/manoj/spot_ws/install/champ_msgs/share/champ_msgs/cmake/export_champ_msgs__rosidl_generator_cExport-noconfig.cmake
[6.653s] -- Installing: /home/manoj/spot_ws/install/champ_msgs/share/champ_msgs/cmake/export_champ_msgs__rosidl_typesupport_fastrtps_cExport.cmake
[6.653s] -- Installing: /home/manoj/spot_ws/install/champ_msgs/share/champ_msgs/cmake/export_champ_msgs__rosidl_typesupport_fastrtps_cExport-noconfig.cmake
[6.653s] -- Installing: /home/manoj/spot_ws/install/champ_msgs/share/champ_msgs/cmake/champ_msgs__rosidl_typesupport_introspection_cExport.cmake
[6.653s] -- Installing: /home/manoj/spot_ws/install/champ_msgs/share/champ_msgs/cmake/champ_msgs__rosidl_typesupport_introspection_cExport-noconfig.cmake
[6.653s] -- Installing: /home/manoj/spot_ws/install/champ_msgs/share/champ_msgs/cmake/champ_msgs__rosidl_typesupport_cExport.cmake
[6.653s] -- Installing: /home/manoj/spot_ws/install/champ_msgs/share/champ_msgs/cmake/champ_msgs__rosidl_typesupport_cExport-noconfig.cmake
[6.654s] -- Installing: /home/manoj/spot_ws/install/champ_msgs/share/champ_msgs/cmake/export_champ_msgs__rosidl_generator_cppExport.cmake
[6.654s] -- Installing: /home/manoj/spot_ws/install/champ_msgs/share/champ_msgs/cmake/export_champ_msgs__rosidl_typesupport_fastrtps_cppExport.cmake
[6.654s] -- Installing: /home/manoj/spot_ws/install/champ_msgs/share/champ_msgs/cmake/export_champ_msgs__rosidl_typesupport_fastrtps_cppExport-noconfig.cmake
[6.654s] -- Installing: /home/manoj/spot_ws/install/champ_msgs/share/champ_msgs/cmake/champ_msgs__rosidl_typesupport_introspection_cppExport.cmake
[6.654s] -- Installing: /home/manoj/spot_ws/install/champ_msgs/share/champ_msgs/cmake/champ_msgs__rosidl_typesupport_introspection_cppExport-noconfig.cmake
[6.654s] -- Installing: /home/manoj/spot_ws/install/champ_msgs/share/champ_msgs/cmake/champ_msgs__rosidl_typesupport_cppExport.cmake
[6.654s] -- Installing: /home/manoj/spot_ws/install/champ_msgs/share/champ_msgs/cmake/champ_msgs__rosidl_typesupport_cppExport-noconfig.cmake
[6.654s] -- Installing: /home/manoj/spot_ws/install/champ_msgs/share/champ_msgs/cmake/export_champ_msgs__rosidl_generator_pyExport.cmake
[6.654s] -- Installing: /home/manoj/spot_ws/install/champ_msgs/share/champ_msgs/cmake/export_champ_msgs__rosidl_generator_pyExport-noconfig.cmake
[6.655s] Invoked command in '/home/manoj/spot_ws/build/champ_msgs' returned '0': CMAKE_PREFIX_PATH=/opt/ros/humble /usr/bin/cmake --install /home/manoj/spot_ws/build/champ_msgs
